2022-12-06 01:35:38,026 WARN [http-nio-8181-exec-1] o.s.w.s.m.m.a.ExceptionHandlerExceptionResolver [AbstractHandlerExceptionResolver.java:197] Resolved [java.lang.NullPointerException]
2022-12-06 01:36:28,889 WARN [http-nio-8181-exec-1] o.s.w.s.m.m.a.ExceptionHandlerExceptionResolver [AbstractHandlerExceptionResolver.java:197] Resolved [org.springframework.data.redis.RedisSystemException: Error in execution; nested exception is io.lettuce.core.RedisCommandExecutionException: WRONGTYPE Operation against a key holding the wrong kind of value]
2022-12-06 01:36:41,572 WARN [http-nio-8181-exec-8] o.s.w.s.m.m.a.ExceptionHandlerExceptionResolver [AbstractHandlerExceptionResolver.java:197] Resolved [org.springframework.data.redis.RedisSystemException: Error in execution; nested exception is io.lettuce.core.RedisCommandExecutionException: WRONGTYPE Operation against a key holding the wrong kind of value]
2022-12-06 01:53:33,256 WARN [http-nio-8181-exec-10] o.s.w.s.m.m.a.ExceptionHandlerExceptionResolver [AbstractHandlerExceptionResolver.java:197] Resolved [org.springframework.data.redis.RedisSystemException: Error in execution; nested exception is io.lettuce.core.RedisCommandExecutionException: WRONGTYPE Operation against a key holding the wrong kind of value]
2022-12-06 01:53:36,565 WARN [http-nio-8181-exec-3] o.s.w.s.m.m.a.ExceptionHandlerExceptionResolver [AbstractHandlerExceptionResolver.java:197] Resolved [org.springframework.data.redis.RedisSystemException: Error in execution; nested exception is io.lettuce.core.RedisCommandExecutionException: WRONGTYPE Operation against a key holding the wrong kind of value]
2022-12-06 01:53:38,256 WARN [http-nio-8181-exec-5] o.s.w.s.m.m.a.ExceptionHandlerExceptionResolver [AbstractHandlerExceptionResolver.java:197] Resolved [org.springframework.data.redis.RedisSystemException: Error in execution; nested exception is io.lettuce.core.RedisCommandExecutionException: WRONGTYPE Operation against a key holding the wrong kind of value]
2022-12-06 01:53:39,898 WARN [http-nio-8181-exec-7] o.s.w.s.m.m.a.ExceptionHandlerExceptionResolver [AbstractHandlerExceptionResolver.java:197] Resolved [org.springframework.data.redis.RedisSystemException: Error in execution; nested exception is io.lettuce.core.RedisCommandExecutionException: WRONGTYPE Operation against a key holding the wrong kind of value]
2022-12-06 01:53:41,940 WARN [http-nio-8181-exec-9] o.s.w.s.m.m.a.ExceptionHandlerExceptionResolver [AbstractHandlerExceptionResolver.java:197] Resolved [org.springframework.data.redis.RedisSystemException: Error in execution; nested exception is io.lettuce.core.RedisCommandExecutionException: WRONGTYPE Operation against a key holding the wrong kind of value]
2022-12-06 16:43:17,118 WARN [main] o.a.k.c.NetworkClient [NetworkClient.java:671] [Consumer clientId=consumer-1, groupId=test-consumer-group] Connection to node -1 could not be established. Broker may not be available.
2022-12-06 16:43:17,292 WARN [restartedMain] o.a.k.c.NetworkClient [NetworkClient.java:671] [Consumer clientId=consumer-1, groupId=test-consumer-group] Connection to node -1 could not be established. Broker may not be available.
2022-12-06 16:43:19,259 WARN [main] o.a.k.c.NetworkClient [NetworkClient.java:671] [Consumer clientId=consumer-1, groupId=test-consumer-group] Connection to node -1 could not be established. Broker may not be available.
2022-12-06 16:43:19,432 WARN [restartedMain] o.a.k.c.NetworkClient [NetworkClient.java:671] [Consumer clientId=consumer-1, groupId=test-consumer-group] Connection to node -1 could not be established. Broker may not be available.
2022-12-06 16:43:21,396 WARN [main] o.a.k.c.NetworkClient [NetworkClient.java:671] [Consumer clientId=consumer-1, groupId=test-consumer-group] Connection to node -1 could not be established. Broker may not be available.
2022-12-06 16:43:21,554 WARN [restartedMain] o.a.k.c.NetworkClient [NetworkClient.java:671] [Consumer clientId=consumer-1, groupId=test-consumer-group] Connection to node -1 could not be established. Broker may not be available.
2022-12-06 16:43:23,662 WARN [main] o.a.k.c.NetworkClient [NetworkClient.java:671] [Consumer clientId=consumer-1, groupId=test-consumer-group] Connection to node -1 could not be established. Broker may not be available.
2022-12-06 16:43:23,925 WARN [restartedMain] o.a.k.c.NetworkClient [NetworkClient.java:671] [Consumer clientId=consumer-1, groupId=test-consumer-group] Connection to node -1 could not be established. Broker may not be available.
2022-12-06 16:43:26,241 WARN [main] o.a.k.c.NetworkClient [NetworkClient.java:671] [Consumer clientId=consumer-1, groupId=test-consumer-group] Connection to node -1 could not be established. Broker may not be available.
2022-12-06 16:43:26,381 WARN [restartedMain] o.a.k.c.NetworkClient [NetworkClient.java:671] [Consumer clientId=consumer-1, groupId=test-consumer-group] Connection to node -1 could not be established. Broker may not be available.
2022-12-06 16:43:29,066 WARN [main] o.a.k.c.NetworkClient [NetworkClient.java:671] [Consumer clientId=consumer-1, groupId=test-consumer-group] Connection to node -1 could not be established. Broker may not be available.
2022-12-06 16:43:29,283 WARN [restartedMain] o.a.k.c.NetworkClient [NetworkClient.java:671] [Consumer clientId=consumer-1, groupId=test-consumer-group] Connection to node -1 could not be established. Broker may not be available.
2022-12-06 16:43:32,184 WARN [main] o.a.k.c.NetworkClient [NetworkClient.java:671] [Consumer clientId=consumer-1, groupId=test-consumer-group] Connection to node -1 could not be established. Broker may not be available.
2022-12-06 16:43:32,415 WARN [restartedMain] o.a.k.c.NetworkClient [NetworkClient.java:671] [Consumer clientId=consumer-1, groupId=test-consumer-group] Connection to node -1 could not be established. Broker may not be available.
2022-12-06 16:43:35,291 WARN [main] o.a.k.c.NetworkClient [NetworkClient.java:671] [Consumer clientId=consumer-1, groupId=test-consumer-group] Connection to node -1 could not be established. Broker may not be available.
2022-12-06 16:43:35,527 WARN [restartedMain] o.a.k.c.NetworkClient [NetworkClient.java:671] [Consumer clientId=consumer-1, groupId=test-consumer-group] Connection to node -1 could not be established. Broker may not be available.
2022-12-06 16:43:38,528 WARN [main] o.a.k.c.NetworkClient [NetworkClient.java:671] [Consumer clientId=consumer-1, groupId=test-consumer-group] Connection to node -1 could not be established. Broker may not be available.
2022-12-06 16:43:38,544 WARN [restartedMain] o.a.k.c.NetworkClient [NetworkClient.java:671] [Consumer clientId=consumer-1, groupId=test-consumer-group] Connection to node -1 could not be established. Broker may not be available.
2022-12-06 16:43:41,548 WARN [main] o.a.k.c.NetworkClient [NetworkClient.java:671] [Consumer clientId=consumer-1, groupId=test-consumer-group] Connection to node -1 could not be established. Broker may not be available.
2022-12-06 16:43:41,799 WARN [restartedMain] o.a.k.c.NetworkClient [NetworkClient.java:671] [Consumer clientId=consumer-1, groupId=test-consumer-group] Connection to node -1 could not be established. Broker may not be available.
2022-12-06 16:43:44,665 WARN [main] o.a.k.c.NetworkClient [NetworkClient.java:671] [Consumer clientId=consumer-1, groupId=test-consumer-group] Connection to node -1 could not be established. Broker may not be available.
2022-12-06 16:43:44,918 WARN [restartedMain] o.a.k.c.NetworkClient [NetworkClient.java:671] [Consumer clientId=consumer-1, groupId=test-consumer-group] Connection to node -1 could not be established. Broker may not be available.
2022-12-06 16:43:47,682 WARN [main] o.a.k.c.NetworkClient [NetworkClient.java:671] [Consumer clientId=consumer-1, groupId=test-consumer-group] Connection to node -1 could not be established. Broker may not be available.
2022-12-06 16:43:47,808 WARN [restartedMain] o.a.k.c.NetworkClient [NetworkClient.java:671] [Consumer clientId=consumer-1, groupId=test-consumer-group] Connection to node -1 could not be established. Broker may not be available.
2022-12-06 16:43:50,716 WARN [main] o.a.k.c.NetworkClient [NetworkClient.java:671] [Consumer clientId=consumer-1, groupId=test-consumer-group] Connection to node -1 could not be established. Broker may not be available.
2022-12-06 16:43:50,934 WARN [restartedMain] o.a.k.c.NetworkClient [NetworkClient.java:671] [Consumer clientId=consumer-1, groupId=test-consumer-group] Connection to node -1 could not be established. Broker may not be available.
2022-12-06 16:43:53,615 WARN [main] o.a.k.c.NetworkClient [NetworkClient.java:671] [Consumer clientId=consumer-1, groupId=test-consumer-group] Connection to node -1 could not be established. Broker may not be available.
2022-12-06 16:43:53,835 WARN [restartedMain] o.a.k.c.NetworkClient [NetworkClient.java:671] [Consumer clientId=consumer-1, groupId=test-consumer-group] Connection to node -1 could not be established. Broker may not be available.
2022-12-06 16:43:56,878 WARN [restartedMain] o.a.k.c.NetworkClient [NetworkClient.java:671] [Consumer clientId=consumer-1, groupId=test-consumer-group] Connection to node -1 could not be established. Broker may not be available.
2022-12-06 16:43:56,878 WARN [main] o.a.k.c.NetworkClient [NetworkClient.java:671] [Consumer clientId=consumer-1, groupId=test-consumer-group] Connection to node -1 could not be established. Broker may not be available.
2022-12-06 16:43:59,772 WARN [restartedMain] o.a.k.c.NetworkClient [NetworkClient.java:671] [Consumer clientId=consumer-1, groupId=test-consumer-group] Connection to node -1 could not be established. Broker may not be available.
2022-12-06 16:43:59,881 WARN [main] o.a.k.c.NetworkClient [NetworkClient.java:671] [Consumer clientId=consumer-1, groupId=test-consumer-group] Connection to node -1 could not be established. Broker may not be available.
2022-12-06 16:44:02,787 WARN [restartedMain] o.a.k.c.NetworkClient [NetworkClient.java:671] [Consumer clientId=consumer-1, groupId=test-consumer-group] Connection to node -1 could not be established. Broker may not be available.
2022-12-06 16:44:03,114 WARN [main] o.a.k.c.NetworkClient [NetworkClient.java:671] [Consumer clientId=consumer-1, groupId=test-consumer-group] Connection to node -1 could not be established. Broker may not be available.
2022-12-06 16:44:05,816 WARN [restartedMain] o.a.k.c.NetworkClient [NetworkClient.java:671] [Consumer clientId=consumer-1, groupId=test-consumer-group] Connection to node -1 could not be established. Broker may not be available.
2022-12-06 16:44:06,363 WARN [main] o.a.k.c.NetworkClient [NetworkClient.java:671] [Consumer clientId=consumer-1, groupId=test-consumer-group] Connection to node -1 could not be established. Broker may not be available.
2022-12-06 16:44:09,065 WARN [restartedMain] o.a.k.c.NetworkClient [NetworkClient.java:671] [Consumer clientId=consumer-1, groupId=test-consumer-group] Connection to node -1 could not be established. Broker may not be available.
2022-12-06 16:44:09,517 WARN [main] o.a.k.c.NetworkClient [NetworkClient.java:671] [Consumer clientId=consumer-1, groupId=test-consumer-group] Connection to node -1 could not be established. Broker may not be available.
2022-12-06 16:44:12,182 WARN [restartedMain] o.a.k.c.NetworkClient [NetworkClient.java:671] [Consumer clientId=consumer-1, groupId=test-consumer-group] Connection to node -1 could not be established. Broker may not be available.
2022-12-06 16:44:12,761 WARN [main] o.a.k.c.NetworkClient [NetworkClient.java:671] [Consumer clientId=consumer-1, groupId=test-consumer-group] Connection to node -1 could not be established. Broker may not be available.
2022-12-06 16:44:15,113 WARN [main] o.s.w.c.s.GenericWebApplicationContext [AbstractApplicationContext.java:557] Exception encountered during context initialization - cancelling refresh attempt: org.springframework.context.ApplicationContextException: Failed to start bean 'org.springframework.kafka.config.internalKafkaListenerEndpointRegistry'; nested exception is org.apache.kafka.common.errors.TimeoutException: Timeout expired while fetching topic metadata
2022-12-06 16:44:15,205 WARN [restartedMain] o.a.k.c.NetworkClient [NetworkClient.java:671] [Consumer clientId=consumer-1, groupId=test-consumer-group] Connection to node -1 could not be established. Broker may not be available.
2022-12-06 16:44:15,270 WARN [restartedMain] o.s.b.w.s.c.AnnotationConfigServletWebServerApplicationContext [AbstractApplicationContext.java:557] Exception encountered during context initialization - cancelling refresh attempt: org.springframework.context.ApplicationContextException: Failed to start bean 'org.springframework.kafka.config.internalKafkaListenerEndpointRegistry'; nested exception is org.apache.kafka.common.errors.TimeoutException: Timeout expired while fetching topic metadata
