2022-12-16 02:37:56,350 WARN [http-nio-8181-exec-1] o.s.w.s.m.m.a.ExceptionHandlerExceptionResolver [AbstractHandlerExceptionResolver.java:198] Resolved [org.springframework.web.bind.MissingRequestCookieException: Missing cookie 'kaptchaOwner' for method parameter of type String]
2022-12-16 07:29:35,872 WARN [org.springframework.kafka.KafkaListenerEndpointContainer#1-0-C-1] o.a.k.c.c.i.ConsumerCoordinator [ConsumerCoordinator.java:737] [Consumer clientId=consumer-6, groupId=test-consumer-group] Asynchronous auto-commit of offsets {comment-0=OffsetAndMetadata{offset=3, metadata=''}, like-0=OffsetAndMetadata{offset=2, metadata=''}, follow-0=OffsetAndMetadata{offset=0, metadata=''}} failed: Commit cannot be completed since the group has already rebalanced and assigned the partitions to another member. This means that the time between subsequent calls to poll() was longer than the configured max.poll.interval.ms, which typically implies that the poll loop is spending too much time message processing. You can address this either by increasing the session timeout or by reducing the maximum size of batches returned in poll() with max.poll.records.
2022-12-16 07:29:35,874 WARN [org.springframework.kafka.KafkaListenerEndpointContainer#1-0-C-1] o.a.k.c.c.i.ConsumerCoordinator [ConsumerCoordinator.java:759] [Consumer clientId=consumer-6, groupId=test-consumer-group] Synchronous auto-commit of offsets {comment-0=OffsetAndMetadata{offset=3, metadata=''}, like-0=OffsetAndMetadata{offset=2, metadata=''}, follow-0=OffsetAndMetadata{offset=0, metadata=''}} failed: Commit cannot be completed since the group has already rebalanced and assigned the partitions to another member. This means that the time between subsequent calls to poll() was longer than the configured max.poll.interval.ms, which typically implies that the poll loop is spending too much time message processing. You can address this either by increasing the session timeout or by reducing the maximum size of batches returned in poll() with max.poll.records.
2022-12-16 07:29:38,822 WARN [org.springframework.kafka.KafkaListenerEndpointContainer#2-0-C-1] o.a.k.c.c.i.ConsumerCoordinator [ConsumerCoordinator.java:759] [Consumer clientId=consumer-2, groupId=test-consumer-group] Synchronous auto-commit of offsets {delete-0=OffsetAndMetadata{offset=2, metadata=''}} failed: Commit cannot be completed since the group has already rebalanced and assigned the partitions to another member. This means that the time between subsequent calls to poll() was longer than the configured max.poll.interval.ms, which typically implies that the poll loop is spending too much time message processing. You can address this either by increasing the session timeout or by reducing the maximum size of batches returned in poll() with max.poll.records.
2022-12-16 07:29:40,759 WARN [org.springframework.kafka.KafkaListenerEndpointContainer#2-0-C-1] o.a.k.c.c.i.ConsumerCoordinator [ConsumerCoordinator.java:737] [Consumer clientId=consumer-2, groupId=test-consumer-group] Asynchronous auto-commit of offsets {delete-0=OffsetAndMetadata{offset=2, metadata=''}} failed: Commit cannot be completed since the group has already rebalanced and assigned the partitions to another member. This means that the time between subsequent calls to poll() was longer than the configured max.poll.interval.ms, which typically implies that the poll loop is spending too much time message processing. You can address this either by increasing the session timeout or by reducing the maximum size of batches returned in poll() with max.poll.records.
2022-12-16 07:29:45,001 WARN [HikariPool-1 housekeeper] c.z.h.p.HikariPool [HikariPool.java:766] HikariPool-1 - Thread starvation or clock leap detected (housekeeper delta=3h26m14s826ms356µs300ns).
2022-12-16 07:54:33,081 WARN [org.springframework.kafka.KafkaListenerEndpointContainer#1-0-C-1] o.a.k.c.NetworkClient [NetworkClient.java:671] [Consumer clientId=consumer-6, groupId=test-consumer-group] Connection to node 0 could not be established. Broker may not be available.
2022-12-16 07:54:33,081 WARN [org.springframework.kafka.KafkaListenerEndpointContainer#2-0-C-1] o.a.k.c.NetworkClient [NetworkClient.java:671] [Consumer clientId=consumer-2, groupId=test-consumer-group] Connection to node 0 could not be established. Broker may not be available.
2022-12-16 07:54:33,081 WARN [org.springframework.kafka.KafkaListenerEndpointContainer#0-0-C-1] o.a.k.c.NetworkClient [NetworkClient.java:671] [Consumer clientId=consumer-4, groupId=test-consumer-group] Connection to node 0 could not be established. Broker may not be available.
2022-12-16 07:54:33,194 WARN [org.springframework.kafka.KafkaListenerEndpointContainer#0-0-C-1] o.a.k.c.NetworkClient [NetworkClient.java:671] [Consumer clientId=consumer-4, groupId=test-consumer-group] Connection to node 0 could not be established. Broker may not be available.
2022-12-16 07:54:33,207 WARN [org.springframework.kafka.KafkaListenerEndpointContainer#1-0-C-1] o.a.k.c.NetworkClient [NetworkClient.java:671] [Consumer clientId=consumer-6, groupId=test-consumer-group] Connection to node 0 could not be established. Broker may not be available.
2022-12-16 07:54:33,238 WARN [org.springframework.kafka.KafkaListenerEndpointContainer#2-0-C-1] o.a.k.c.NetworkClient [NetworkClient.java:671] [Consumer clientId=consumer-2, groupId=test-consumer-group] Connection to node 0 could not be established. Broker may not be available.
2022-12-16 07:54:33,429 WARN [org.springframework.kafka.KafkaListenerEndpointContainer#2-0-C-1] o.a.k.c.NetworkClient [NetworkClient.java:671] [Consumer clientId=consumer-2, groupId=test-consumer-group] Connection to node 0 could not be established. Broker may not be available.
2022-12-16 07:54:33,444 WARN [org.springframework.kafka.KafkaListenerEndpointContainer#0-0-C-1] o.a.k.c.NetworkClient [NetworkClient.java:671] [Consumer clientId=consumer-4, groupId=test-consumer-group] Connection to node 0 could not be established. Broker may not be available.
2022-12-16 07:54:33,461 WARN [org.springframework.kafka.KafkaListenerEndpointContainer#1-0-C-1] o.a.k.c.NetworkClient [NetworkClient.java:671] [Consumer clientId=consumer-6, groupId=test-consumer-group] Connection to node 0 could not be established. Broker may not be available.
2022-12-16 08:05:12,500 WARN [kafka-coordinator-heartbeat-thread | test-consumer-group] o.a.k.c.NetworkClient [NetworkClient.java:671] [Consumer clientId=consumer-4, groupId=test-consumer-group] Connection to node 0 could not be established. Broker may not be available.
2022-12-16 08:05:12,565 WARN [kafka-coordinator-heartbeat-thread | test-consumer-group] o.a.k.c.NetworkClient [NetworkClient.java:671] [Consumer clientId=consumer-6, groupId=test-consumer-group] Connection to node 0 could not be established. Broker may not be available.
2022-12-16 08:05:12,565 WARN [kafka-coordinator-heartbeat-thread | test-consumer-group] o.a.k.c.NetworkClient [NetworkClient.java:671] [Consumer clientId=consumer-2, groupId=test-consumer-group] Connection to node 0 could not be established. Broker may not be available.
2022-12-16 08:05:13,272 WARN [org.springframework.kafka.KafkaListenerEndpointContainer#0-0-C-1] o.a.k.c.NetworkClient [NetworkClient.java:671] [Consumer clientId=consumer-4, groupId=test-consumer-group] Connection to node 0 could not be established. Broker may not be available.
2022-12-16 08:05:13,272 WARN [org.springframework.kafka.KafkaListenerEndpointContainer#2-0-C-1] o.a.k.c.NetworkClient [NetworkClient.java:671] [Consumer clientId=consumer-2, groupId=test-consumer-group] Connection to node 0 could not be established. Broker may not be available.
2022-12-16 08:05:13,459 WARN [org.springframework.kafka.KafkaListenerEndpointContainer#1-0-C-1] o.a.k.c.NetworkClient [NetworkClient.java:671] [Consumer clientId=consumer-6, groupId=test-consumer-group] Connection to node 0 could not be established. Broker may not be available.
2022-12-16 08:05:14,082 WARN [org.springframework.kafka.KafkaListenerEndpointContainer#2-0-C-1] o.a.k.c.NetworkClient [NetworkClient.java:671] [Consumer clientId=consumer-2, groupId=test-consumer-group] Connection to node 0 could not be established. Broker may not be available.
2022-12-16 08:05:14,393 WARN [org.springframework.kafka.KafkaListenerEndpointContainer#0-0-C-1] o.a.k.c.NetworkClient [NetworkClient.java:671] [Consumer clientId=consumer-4, groupId=test-consumer-group] Connection to node 0 could not be established. Broker may not be available.
2022-12-16 08:05:14,643 WARN [org.springframework.kafka.KafkaListenerEndpointContainer#1-0-C-1] o.a.k.c.NetworkClient [NetworkClient.java:671] [Consumer clientId=consumer-6, groupId=test-consumer-group] Connection to node 0 could not be established. Broker may not be available.
2022-12-16 08:05:15,203 WARN [org.springframework.kafka.KafkaListenerEndpointContainer#2-0-C-1] o.a.k.c.NetworkClient [NetworkClient.java:671] [Consumer clientId=consumer-2, groupId=test-consumer-group] Connection to node 0 could not be established. Broker may not be available.
2022-12-16 08:05:15,518 WARN [org.springframework.kafka.KafkaListenerEndpointContainer#0-0-C-1] o.a.k.c.c.i.ConsumerCoordinator [ConsumerCoordinator.java:737] [Consumer clientId=consumer-4, groupId=test-consumer-group] Asynchronous auto-commit of offsets {publish-0=OffsetAndMetadata{offset=4, metadata=''}} failed: Commit cannot be completed since the group has already rebalanced and assigned the partitions to another member. This means that the time between subsequent calls to poll() was longer than the configured max.poll.interval.ms, which typically implies that the poll loop is spending too much time message processing. You can address this either by increasing the session timeout or by reducing the maximum size of batches returned in poll() with max.poll.records.
2022-12-16 08:05:15,518 WARN [org.springframework.kafka.KafkaListenerEndpointContainer#1-0-C-1] o.a.k.c.c.i.ConsumerCoordinator [ConsumerCoordinator.java:737] [Consumer clientId=consumer-6, groupId=test-consumer-group] Asynchronous auto-commit of offsets {comment-0=OffsetAndMetadata{offset=3, metadata=''}, like-0=OffsetAndMetadata{offset=2, metadata=''}, follow-0=OffsetAndMetadata{offset=0, metadata=''}} failed: Commit cannot be completed since the group has already rebalanced and assigned the partitions to another member. This means that the time between subsequent calls to poll() was longer than the configured max.poll.interval.ms, which typically implies that the poll loop is spending too much time message processing. You can address this either by increasing the session timeout or by reducing the maximum size of batches returned in poll() with max.poll.records.
2022-12-16 08:05:15,518 WARN [org.springframework.kafka.KafkaListenerEndpointContainer#0-0-C-1] o.a.k.c.c.i.ConsumerCoordinator [ConsumerCoordinator.java:759] [Consumer clientId=consumer-4, groupId=test-consumer-group] Synchronous auto-commit of offsets {publish-0=OffsetAndMetadata{offset=4, metadata=''}} failed: Commit cannot be completed since the group has already rebalanced and assigned the partitions to another member. This means that the time between subsequent calls to poll() was longer than the configured max.poll.interval.ms, which typically implies that the poll loop is spending too much time message processing. You can address this either by increasing the session timeout or by reducing the maximum size of batches returned in poll() with max.poll.records.
2022-12-16 08:05:15,518 WARN [org.springframework.kafka.KafkaListenerEndpointContainer#1-0-C-1] o.a.k.c.c.i.ConsumerCoordinator [ConsumerCoordinator.java:759] [Consumer clientId=consumer-6, groupId=test-consumer-group] Synchronous auto-commit of offsets {comment-0=OffsetAndMetadata{offset=3, metadata=''}, like-0=OffsetAndMetadata{offset=2, metadata=''}, follow-0=OffsetAndMetadata{offset=0, metadata=''}} failed: Commit cannot be completed since the group has already rebalanced and assigned the partitions to another member. This means that the time between subsequent calls to poll() was longer than the configured max.poll.interval.ms, which typically implies that the poll loop is spending too much time message processing. You can address this either by increasing the session timeout or by reducing the maximum size of batches returned in poll() with max.poll.records.
2022-12-16 08:05:16,137 WARN [org.springframework.kafka.KafkaListenerEndpointContainer#2-0-C-1] o.a.k.c.c.i.ConsumerCoordinator [ConsumerCoordinator.java:737] [Consumer clientId=consumer-2, groupId=test-consumer-group] Asynchronous auto-commit of offsets {delete-0=OffsetAndMetadata{offset=2, metadata=''}} failed: Commit cannot be completed since the group has already rebalanced and assigned the partitions to another member. This means that the time between subsequent calls to poll() was longer than the configured max.poll.interval.ms, which typically implies that the poll loop is spending too much time message processing. You can address this either by increasing the session timeout or by reducing the maximum size of batches returned in poll() with max.poll.records.
2022-12-16 08:05:16,138 WARN [org.springframework.kafka.KafkaListenerEndpointContainer#2-0-C-1] o.a.k.c.c.i.ConsumerCoordinator [ConsumerCoordinator.java:759] [Consumer clientId=consumer-2, groupId=test-consumer-group] Synchronous auto-commit of offsets {delete-0=OffsetAndMetadata{offset=2, metadata=''}} failed: Commit cannot be completed since the group has already rebalanced and assigned the partitions to another member. This means that the time between subsequent calls to poll() was longer than the configured max.poll.interval.ms, which typically implies that the poll loop is spending too much time message processing. You can address this either by increasing the session timeout or by reducing the maximum size of batches returned in poll() with max.poll.records.
2022-12-16 08:05:24,124 WARN [HikariPool-1 housekeeper] c.z.h.p.HikariPool [HikariPool.java:766] HikariPool-1 - Thread starvation or clock leap detected (housekeeper delta=11m11s999ms354µs700ns).
2022-12-16 08:23:47,898 WARN [http-nio-8181-exec-8] o.s.w.s.m.m.a.ExceptionHandlerExceptionResolver [AbstractHandlerExceptionResolver.java:198] Resolved [org.springframework.web.bind.MissingRequestCookieException: Missing cookie 'kaptchaOwner' for method parameter of type String]
2022-12-16 08:49:37,439 WARN [restartedMain] o.s.b.w.s.c.AnnotationConfigServletWebServerApplicationContext [AbstractApplicationContext.java:557] Exception encountered during context initialization - cancelling refresh attempt: org.springframework.beans.factory.UnsatisfiedDependencyException: Error creating bean with name 'alphaService': Unsatisfied dependency expressed through field 'alphaDao'; nested exception is org.springframework.beans.factory.NoUniqueBeanDefinitionException: No qualifying bean of type 'com.yy.community.dao.AlphaDao' available: more than one 'primary' bean found among candidates: [alphaHibernate, alphaDaoMyBatisImpl, alphaDaoImpl]
2022-12-16 08:49:42,273 WARN [main] o.s.w.c.s.GenericWebApplicationContext [AbstractApplicationContext.java:557] Exception encountered during context initialization - cancelling refresh attempt: org.springframework.beans.factory.UnsatisfiedDependencyException: Error creating bean with name 'alphaService': Unsatisfied dependency expressed through field 'alphaDao'; nested exception is org.springframework.beans.factory.NoUniqueBeanDefinitionException: No qualifying bean of type 'com.yy.community.dao.AlphaDao' available: more than one 'primary' bean found among candidates: [alphaHibernate, alphaDaoMyBatisImpl, alphaDaoImpl]
2022-12-16 08:49:44,288 WARN [main] o.s.w.c.s.GenericWebApplicationContext [AbstractApplicationContext.java:557] Exception encountered during context initialization - cancelling refresh attempt: org.springframework.beans.factory.UnsatisfiedDependencyException: Error creating bean with name 'alphaService': Unsatisfied dependency expressed through field 'alphaDao'; nested exception is org.springframework.beans.factory.NoUniqueBeanDefinitionException: No qualifying bean of type 'com.yy.community.dao.AlphaDao' available: more than one 'primary' bean found among candidates: [alphaHibernate, alphaDaoMyBatisImpl, alphaDaoImpl]
2022-12-16 08:49:46,099 WARN [main] o.s.w.c.s.GenericWebApplicationContext [AbstractApplicationContext.java:557] Exception encountered during context initialization - cancelling refresh attempt: org.springframework.beans.factory.UnsatisfiedDependencyException: Error creating bean with name 'alphaService': Unsatisfied dependency expressed through field 'alphaDao'; nested exception is org.springframework.beans.factory.NoUniqueBeanDefinitionException: No qualifying bean of type 'com.yy.community.dao.AlphaDao' available: more than one 'primary' bean found among candidates: [alphaHibernate, alphaDaoMyBatisImpl, alphaDaoImpl]
2022-12-16 08:49:47,006 WARN [main] o.s.w.c.s.GenericWebApplicationContext [AbstractApplicationContext.java:557] Exception encountered during context initialization - cancelling refresh attempt: org.springframework.beans.factory.UnsatisfiedDependencyException: Error creating bean with name 'alphaService': Unsatisfied dependency expressed through field 'alphaDao'; nested exception is org.springframework.beans.factory.NoUniqueBeanDefinitionException: No qualifying bean of type 'com.yy.community.dao.AlphaDao' available: more than one 'primary' bean found among candidates: [alphaHibernate, alphaDaoMyBatisImpl, alphaDaoImpl]
2022-12-16 08:49:47,956 WARN [main] o.s.w.c.s.GenericWebApplicationContext [AbstractApplicationContext.java:557] Exception encountered during context initialization - cancelling refresh attempt: org.springframework.beans.factory.UnsatisfiedDependencyException: Error creating bean with name 'alphaService': Unsatisfied dependency expressed through field 'alphaDao'; nested exception is org.springframework.beans.factory.NoUniqueBeanDefinitionException: No qualifying bean of type 'com.yy.community.dao.AlphaDao' available: more than one 'primary' bean found among candidates: [alphaHibernate, alphaDaoMyBatisImpl, alphaDaoImpl]
2022-12-16 08:49:48,864 WARN [main] o.s.w.c.s.GenericWebApplicationContext [AbstractApplicationContext.java:557] Exception encountered during context initialization - cancelling refresh attempt: org.springframework.beans.factory.UnsatisfiedDependencyException: Error creating bean with name 'alphaService': Unsatisfied dependency expressed through field 'alphaDao'; nested exception is org.springframework.beans.factory.NoUniqueBeanDefinitionException: No qualifying bean of type 'com.yy.community.dao.AlphaDao' available: more than one 'primary' bean found among candidates: [alphaHibernate, alphaDaoMyBatisImpl, alphaDaoImpl]
2022-12-16 08:57:00,729 WARN [restartedMain] o.s.b.w.s.c.AnnotationConfigServletWebServerApplicationContext [AbstractApplicationContext.java:557] Exception encountered during context initialization - cancelling refresh attempt: org.springframework.beans.factory.UnsatisfiedDependencyException: Error creating bean with name 'securityConfig': Unsatisfied dependency expressed through method 'setContentNegotationStrategy' parameter 0; nested exception is org.springframework.beans.factory.UnsatisfiedDependencyException: Error creating bean with name 'org.springframework.boot.autoconfigure.web.servlet.WebMvcAutoConfiguration$EnableWebMvcConfiguration': Unsatisfied dependency expressed through method 'setConfigurers' parameter 0; nested exception is org.springframework.beans.factory.UnsatisfiedDependencyException: Error creating bean with name 'webMvcConfig': Unsatisfied dependency expressed through field 'loginTicketInterceptor'; nested exception is org.springframework.beans.factory.UnsatisfiedDependencyException: Error creating bean with name 'loginTicketInterceptor': Unsatisfied dependency expressed through field 'userService'; nested exception is org.springframework.beans.factory.UnsatisfiedDependencyException: Error creating bean with name 'userService': Unsatisfied dependency expressed through field 'mailClient'; nested exception is org.springframework.beans.factory.NoSuchBeanDefinitionException: No qualifying bean of type 'com.yy.community.util.MailClient' available: expected at least 1 bean which qualifies as autowire candidate. Dependency annotations: {@org.springframework.beans.factory.annotation.Autowired(required=true)}
2022-12-16 11:25:03,912 WARN [http-nio-8181-exec-1] o.s.w.s.m.m.a.ExceptionHandlerExceptionResolver [AbstractHandlerExceptionResolver.java:198] Resolved [org.springframework.web.bind.MissingRequestCookieException: Missing cookie 'kaptchaOwner' for method parameter of type String]
2022-12-16 11:27:15,824 WARN [http-nio-8181-exec-7] o.s.w.s.m.m.a.ExceptionHandlerExceptionResolver [AbstractHandlerExceptionResolver.java:198] Resolved [org.springframework.data.redis.RedisSystemException: Error in execution; nested exception is io.lettuce.core.RedisCommandExecutionException: WRONGTYPE Operation against a key holding the wrong kind of value]
2022-12-16 11:41:49,505 WARN [restartedMain] o.a.c.c.C.[.[.[/community] [DirectJDKLog.java:173] Cannot deserialize session attribute [SPRING_SECURITY_CONTEXT] for session [63B4370885A649BA676C8AFFAA879BBC]
2022-12-16 12:52:22,856 WARN [org.springframework.kafka.KafkaListenerEndpointContainer#0-0-C-1] o.a.k.c.NetworkClient [NetworkClient.java:671] [Consumer clientId=consumer-4, groupId=test-consumer-group] Connection to node 0 could not be established. Broker may not be available.
2022-12-16 12:52:22,856 WARN [org.springframework.kafka.KafkaListenerEndpointContainer#1-0-C-1] o.a.k.c.NetworkClient [NetworkClient.java:671] [Consumer clientId=consumer-6, groupId=test-consumer-group] Connection to node 0 could not be established. Broker may not be available.
2022-12-16 12:52:22,963 WARN [org.springframework.kafka.KafkaListenerEndpointContainer#2-0-C-1] o.a.k.c.NetworkClient [NetworkClient.java:671] [Consumer clientId=consumer-2, groupId=test-consumer-group] Connection to node 0 could not be established. Broker may not be available.
2022-12-16 12:52:22,979 WARN [org.springframework.kafka.KafkaListenerEndpointContainer#1-0-C-1] o.a.k.c.NetworkClient [NetworkClient.java:671] [Consumer clientId=consumer-6, groupId=test-consumer-group] Connection to node 0 could not be established. Broker may not be available.
2022-12-16 12:52:22,979 WARN [org.springframework.kafka.KafkaListenerEndpointContainer#0-0-C-1] o.a.k.c.NetworkClient [NetworkClient.java:671] [Consumer clientId=consumer-4, groupId=test-consumer-group] Connection to node 0 could not be established. Broker may not be available.
2022-12-16 12:52:23,088 WARN [org.springframework.kafka.KafkaListenerEndpointContainer#2-0-C-1] o.a.k.c.NetworkClient [NetworkClient.java:671] [Consumer clientId=consumer-2, groupId=test-consumer-group] Connection to node 0 could not be established. Broker may not be available.
2022-12-16 12:52:23,168 WARN [org.springframework.kafka.KafkaListenerEndpointContainer#1-0-C-1] o.a.k.c.NetworkClient [NetworkClient.java:671] [Consumer clientId=consumer-6, groupId=test-consumer-group] Connection to node 0 could not be established. Broker may not be available.
2022-12-16 12:52:23,230 WARN [org.springframework.kafka.KafkaListenerEndpointContainer#0-0-C-1] o.a.k.c.NetworkClient [NetworkClient.java:671] [Consumer clientId=consumer-4, groupId=test-consumer-group] Connection to node 0 could not be established. Broker may not be available.
2022-12-16 12:52:23,277 WARN [org.springframework.kafka.KafkaListenerEndpointContainer#2-0-C-1] o.a.k.c.NetworkClient [NetworkClient.java:671] [Consumer clientId=consumer-2, groupId=test-consumer-group] Connection to node 0 could not be established. Broker may not be available.
2022-12-16 13:55:57,502 WARN [kafka-coordinator-heartbeat-thread | test-consumer-group] o.a.k.c.NetworkClient [NetworkClient.java:671] [Consumer clientId=consumer-2, groupId=test-consumer-group] Connection to node 0 could not be established. Broker may not be available.
2022-12-16 13:55:57,525 WARN [org.springframework.kafka.KafkaListenerEndpointContainer#0-0-C-1] o.a.k.c.NetworkClient [NetworkClient.java:671] [Consumer clientId=consumer-4, groupId=test-consumer-group] Connection to node 0 could not be established. Broker may not be available.
2022-12-16 13:55:57,525 WARN [org.springframework.kafka.KafkaListenerEndpointContainer#1-0-C-1] o.a.k.c.NetworkClient [NetworkClient.java:671] [Consumer clientId=consumer-6, groupId=test-consumer-group] Connection to node 0 could not be established. Broker may not be available.
2022-12-16 13:55:57,893 WARN [HikariPool-1 housekeeper] c.z.h.p.HikariPool [HikariPool.java:766] HikariPool-1 - Thread starvation or clock leap detected (housekeeper delta=1h4m7s677ms564µs).
2022-12-16 13:55:58,276 WARN [org.springframework.kafka.KafkaListenerEndpointContainer#2-0-C-1] o.a.k.c.NetworkClient [NetworkClient.java:671] [Consumer clientId=consumer-2, groupId=test-consumer-group] Connection to node 0 could not be established. Broker may not be available.
2022-12-16 13:55:58,399 WARN [org.springframework.kafka.KafkaListenerEndpointContainer#0-0-C-1] o.a.k.c.NetworkClient [NetworkClient.java:671] [Consumer clientId=consumer-4, groupId=test-consumer-group] Connection to node 0 could not be established. Broker may not be available.
2022-12-16 13:55:58,399 WARN [org.springframework.kafka.KafkaListenerEndpointContainer#1-0-C-1] o.a.k.c.NetworkClient [NetworkClient.java:671] [Consumer clientId=consumer-6, groupId=test-consumer-group] Connection to node 0 could not be established. Broker may not be available.
2022-12-16 13:55:59,135 WARN [org.springframework.kafka.KafkaListenerEndpointContainer#2-0-C-1] o.a.k.c.NetworkClient [NetworkClient.java:671] [Consumer clientId=consumer-2, groupId=test-consumer-group] Connection to node 0 could not be established. Broker may not be available.
2022-12-16 13:55:59,258 WARN [org.springframework.kafka.KafkaListenerEndpointContainer#0-0-C-1] o.a.k.c.NetworkClient [NetworkClient.java:671] [Consumer clientId=consumer-4, groupId=test-consumer-group] Connection to node 0 could not be established. Broker may not be available.
2022-12-16 13:55:59,258 WARN [org.springframework.kafka.KafkaListenerEndpointContainer#1-0-C-1] o.a.k.c.NetworkClient [NetworkClient.java:671] [Consumer clientId=consumer-6, groupId=test-consumer-group] Connection to node 0 could not be established. Broker may not be available.
2022-12-16 13:56:00,135 WARN [org.springframework.kafka.KafkaListenerEndpointContainer#0-0-C-1] o.a.k.c.c.i.ConsumerCoordinator [ConsumerCoordinator.java:737] [Consumer clientId=consumer-4, groupId=test-consumer-group] Asynchronous auto-commit of offsets {comment-0=OffsetAndMetadata{offset=4, metadata=''}, like-0=OffsetAndMetadata{offset=3, metadata=''}, follow-0=OffsetAndMetadata{offset=0, metadata=''}} failed: Commit cannot be completed since the group has already rebalanced and assigned the partitions to another member. This means that the time between subsequent calls to poll() was longer than the configured max.poll.interval.ms, which typically implies that the poll loop is spending too much time message processing. You can address this either by increasing the session timeout or by reducing the maximum size of batches returned in poll() with max.poll.records.
2022-12-16 13:56:00,136 WARN [org.springframework.kafka.KafkaListenerEndpointContainer#0-0-C-1] o.a.k.c.c.i.ConsumerCoordinator [ConsumerCoordinator.java:759] [Consumer clientId=consumer-4, groupId=test-consumer-group] Synchronous auto-commit of offsets {comment-0=OffsetAndMetadata{offset=4, metadata=''}, like-0=OffsetAndMetadata{offset=3, metadata=''}, follow-0=OffsetAndMetadata{offset=0, metadata=''}} failed: Commit cannot be completed since the group has already rebalanced and assigned the partitions to another member. This means that the time between subsequent calls to poll() was longer than the configured max.poll.interval.ms, which typically implies that the poll loop is spending too much time message processing. You can address this either by increasing the session timeout or by reducing the maximum size of batches returned in poll() with max.poll.records.
2022-12-16 13:56:00,193 WARN [org.springframework.kafka.KafkaListenerEndpointContainer#2-0-C-1] o.a.k.c.c.i.ConsumerCoordinator [ConsumerCoordinator.java:737] [Consumer clientId=consumer-2, groupId=test-consumer-group] Asynchronous auto-commit of offsets {publish-0=OffsetAndMetadata{offset=5, metadata=''}} failed: Commit cannot be completed since the group has already rebalanced and assigned the partitions to another member. This means that the time between subsequent calls to poll() was longer than the configured max.poll.interval.ms, which typically implies that the poll loop is spending too much time message processing. You can address this either by increasing the session timeout or by reducing the maximum size of batches returned in poll() with max.poll.records.
2022-12-16 13:56:00,193 WARN [org.springframework.kafka.KafkaListenerEndpointContainer#2-0-C-1] o.a.k.c.c.i.ConsumerCoordinator [ConsumerCoordinator.java:759] [Consumer clientId=consumer-2, groupId=test-consumer-group] Synchronous auto-commit of offsets {publish-0=OffsetAndMetadata{offset=5, metadata=''}} failed: Commit cannot be completed since the group has already rebalanced and assigned the partitions to another member. This means that the time between subsequent calls to poll() was longer than the configured max.poll.interval.ms, which typically implies that the poll loop is spending too much time message processing. You can address this either by increasing the session timeout or by reducing the maximum size of batches returned in poll() with max.poll.records.
2022-12-16 13:56:00,499 WARN [org.springframework.kafka.KafkaListenerEndpointContainer#1-0-C-1] o.a.k.c.c.i.ConsumerCoordinator [ConsumerCoordinator.java:737] [Consumer clientId=consumer-6, groupId=test-consumer-group] Asynchronous auto-commit of offsets {delete-0=OffsetAndMetadata{offset=2, metadata=''}} failed: Commit cannot be completed since the group has already rebalanced and assigned the partitions to another member. This means that the time between subsequent calls to poll() was longer than the configured max.poll.interval.ms, which typically implies that the poll loop is spending too much time message processing. You can address this either by increasing the session timeout or by reducing the maximum size of batches returned in poll() with max.poll.records.
2022-12-16 13:56:00,500 WARN [org.springframework.kafka.KafkaListenerEndpointContainer#1-0-C-1] o.a.k.c.c.i.ConsumerCoordinator [ConsumerCoordinator.java:759] [Consumer clientId=consumer-6, groupId=test-consumer-group] Synchronous auto-commit of offsets {delete-0=OffsetAndMetadata{offset=2, metadata=''}} failed: Commit cannot be completed since the group has already rebalanced and assigned the partitions to another member. This means that the time between subsequent calls to poll() was longer than the configured max.poll.interval.ms, which typically implies that the poll loop is spending too much time message processing. You can address this either by increasing the session timeout or by reducing the maximum size of batches returned in poll() with max.poll.records.
2022-12-16 17:24:28,978 WARN [elasticsearch[_client_][transport_client_boss][T#14]] o.e.t.n.Netty4Transport [TcpTransport.java:1055] exception caught on transport layer [NettyTcpChannel{localAddress=/127.0.0.1:58787, remoteAddress=/127.0.0.1:9300}], closing connection
java.io.IOException: 远程主机强迫关闭了一个现有的连接。
	at sun.nio.ch.SocketDispatcher.read0(Native Method)
	at sun.nio.ch.SocketDispatcher.read(SocketDispatcher.java:43)
	at sun.nio.ch.IOUtil.readIntoNativeBuffer(IOUtil.java:223)
	at sun.nio.ch.IOUtil.read(IOUtil.java:192)
	at sun.nio.ch.SocketChannelImpl.read(SocketChannelImpl.java:379)
	at io.netty.buffer.PooledUnsafeDirectByteBuf.setBytes(PooledUnsafeDirectByteBuf.java:288)
	at io.netty.buffer.AbstractByteBuf.writeBytes(AbstractByteBuf.java:1125)
	at io.netty.channel.socket.nio.NioSocketChannel.doReadBytes(NioSocketChannel.java:347)
	at io.netty.channel.nio.AbstractNioByteChannel$NioByteUnsafe.read(AbstractNioByteChannel.java:148)
	at io.netty.channel.nio.NioEventLoop.processSelectedKey(NioEventLoop.java:682)
	at io.netty.channel.nio.NioEventLoop.processSelectedKeysPlain(NioEventLoop.java:582)
	at io.netty.channel.nio.NioEventLoop.processSelectedKeys(NioEventLoop.java:536)
	at io.netty.channel.nio.NioEventLoop.run(NioEventLoop.java:496)
	at io.netty.util.concurrent.SingleThreadEventExecutor$5.run(SingleThreadEventExecutor.java:906)
	at io.netty.util.internal.ThreadExecutorMap$2.run(ThreadExecutorMap.java:74)
	at java.lang.Thread.run(Thread.java:750)
2022-12-16 17:24:28,978 WARN [elasticsearch[_client_][transport_client_boss][T#9]] o.e.t.n.Netty4Transport [TcpTransport.java:1055] exception caught on transport layer [NettyTcpChannel{localAddress=/127.0.0.1:58782, remoteAddress=/127.0.0.1:9300}], closing connection
java.io.IOException: 远程主机强迫关闭了一个现有的连接。
	at sun.nio.ch.SocketDispatcher.read0(Native Method)
	at sun.nio.ch.SocketDispatcher.read(SocketDispatcher.java:43)
	at sun.nio.ch.IOUtil.readIntoNativeBuffer(IOUtil.java:223)
	at sun.nio.ch.IOUtil.read(IOUtil.java:192)
	at sun.nio.ch.SocketChannelImpl.read(SocketChannelImpl.java:379)
	at io.netty.buffer.PooledUnsafeDirectByteBuf.setBytes(PooledUnsafeDirectByteBuf.java:288)
	at io.netty.buffer.AbstractByteBuf.writeBytes(AbstractByteBuf.java:1125)
	at io.netty.channel.socket.nio.NioSocketChannel.doReadBytes(NioSocketChannel.java:347)
	at io.netty.channel.nio.AbstractNioByteChannel$NioByteUnsafe.read(AbstractNioByteChannel.java:148)
	at io.netty.channel.nio.NioEventLoop.processSelectedKey(NioEventLoop.java:682)
	at io.netty.channel.nio.NioEventLoop.processSelectedKeysPlain(NioEventLoop.java:582)
	at io.netty.channel.nio.NioEventLoop.processSelectedKeys(NioEventLoop.java:536)
	at io.netty.channel.nio.NioEventLoop.run(NioEventLoop.java:496)
	at io.netty.util.concurrent.SingleThreadEventExecutor$5.run(SingleThreadEventExecutor.java:906)
	at io.netty.util.internal.ThreadExecutorMap$2.run(ThreadExecutorMap.java:74)
	at java.lang.Thread.run(Thread.java:750)
2022-12-16 17:24:28,978 WARN [elasticsearch[_client_][transport_client_boss][T#8]] o.e.t.n.Netty4Transport [TcpTransport.java:1055] exception caught on transport layer [NettyTcpChannel{localAddress=/127.0.0.1:58781, remoteAddress=/127.0.0.1:9300}], closing connection
java.io.IOException: 远程主机强迫关闭了一个现有的连接。
	at sun.nio.ch.SocketDispatcher.read0(Native Method)
	at sun.nio.ch.SocketDispatcher.read(SocketDispatcher.java:43)
	at sun.nio.ch.IOUtil.readIntoNativeBuffer(IOUtil.java:223)
	at sun.nio.ch.IOUtil.read(IOUtil.java:192)
	at sun.nio.ch.SocketChannelImpl.read(SocketChannelImpl.java:379)
	at io.netty.buffer.PooledUnsafeDirectByteBuf.setBytes(PooledUnsafeDirectByteBuf.java:288)
	at io.netty.buffer.AbstractByteBuf.writeBytes(AbstractByteBuf.java:1125)
	at io.netty.channel.socket.nio.NioSocketChannel.doReadBytes(NioSocketChannel.java:347)
	at io.netty.channel.nio.AbstractNioByteChannel$NioByteUnsafe.read(AbstractNioByteChannel.java:148)
	at io.netty.channel.nio.NioEventLoop.processSelectedKey(NioEventLoop.java:682)
	at io.netty.channel.nio.NioEventLoop.processSelectedKeysPlain(NioEventLoop.java:582)
	at io.netty.channel.nio.NioEventLoop.processSelectedKeys(NioEventLoop.java:536)
	at io.netty.channel.nio.NioEventLoop.run(NioEventLoop.java:496)
	at io.netty.util.concurrent.SingleThreadEventExecutor$5.run(SingleThreadEventExecutor.java:906)
	at io.netty.util.internal.ThreadExecutorMap$2.run(ThreadExecutorMap.java:74)
	at java.lang.Thread.run(Thread.java:750)
2022-12-16 17:24:28,978 WARN [elasticsearch[_client_][transport_client_boss][T#7]] o.e.t.n.Netty4Transport [TcpTransport.java:1055] exception caught on transport layer [NettyTcpChannel{localAddress=/127.0.0.1:58780, remoteAddress=/127.0.0.1:9300}], closing connection
java.io.IOException: 远程主机强迫关闭了一个现有的连接。
	at sun.nio.ch.SocketDispatcher.read0(Native Method)
	at sun.nio.ch.SocketDispatcher.read(SocketDispatcher.java:43)
	at sun.nio.ch.IOUtil.readIntoNativeBuffer(IOUtil.java:223)
	at sun.nio.ch.IOUtil.read(IOUtil.java:192)
	at sun.nio.ch.SocketChannelImpl.read(SocketChannelImpl.java:379)
	at io.netty.buffer.PooledUnsafeDirectByteBuf.setBytes(PooledUnsafeDirectByteBuf.java:288)
	at io.netty.buffer.AbstractByteBuf.writeBytes(AbstractByteBuf.java:1125)
	at io.netty.channel.socket.nio.NioSocketChannel.doReadBytes(NioSocketChannel.java:347)
	at io.netty.channel.nio.AbstractNioByteChannel$NioByteUnsafe.read(AbstractNioByteChannel.java:148)
	at io.netty.channel.nio.NioEventLoop.processSelectedKey(NioEventLoop.java:682)
	at io.netty.channel.nio.NioEventLoop.processSelectedKeysPlain(NioEventLoop.java:582)
	at io.netty.channel.nio.NioEventLoop.processSelectedKeys(NioEventLoop.java:536)
	at io.netty.channel.nio.NioEventLoop.run(NioEventLoop.java:496)
	at io.netty.util.concurrent.SingleThreadEventExecutor$5.run(SingleThreadEventExecutor.java:906)
	at io.netty.util.internal.ThreadExecutorMap$2.run(ThreadExecutorMap.java:74)
	at java.lang.Thread.run(Thread.java:750)
2022-12-16 17:24:28,978 WARN [elasticsearch[_client_][transport_client_boss][T#11]] o.e.t.n.Netty4Transport [TcpTransport.java:1055] exception caught on transport layer [NettyTcpChannel{localAddress=/127.0.0.1:58784, remoteAddress=/127.0.0.1:9300}], closing connection
java.io.IOException: 远程主机强迫关闭了一个现有的连接。
	at sun.nio.ch.SocketDispatcher.read0(Native Method)
	at sun.nio.ch.SocketDispatcher.read(SocketDispatcher.java:43)
	at sun.nio.ch.IOUtil.readIntoNativeBuffer(IOUtil.java:223)
	at sun.nio.ch.IOUtil.read(IOUtil.java:192)
	at sun.nio.ch.SocketChannelImpl.read(SocketChannelImpl.java:379)
	at io.netty.buffer.PooledUnsafeDirectByteBuf.setBytes(PooledUnsafeDirectByteBuf.java:288)
	at io.netty.buffer.AbstractByteBuf.writeBytes(AbstractByteBuf.java:1125)
	at io.netty.channel.socket.nio.NioSocketChannel.doReadBytes(NioSocketChannel.java:347)
	at io.netty.channel.nio.AbstractNioByteChannel$NioByteUnsafe.read(AbstractNioByteChannel.java:148)
	at io.netty.channel.nio.NioEventLoop.processSelectedKey(NioEventLoop.java:682)
	at io.netty.channel.nio.NioEventLoop.processSelectedKeysPlain(NioEventLoop.java:582)
	at io.netty.channel.nio.NioEventLoop.processSelectedKeys(NioEventLoop.java:536)
	at io.netty.channel.nio.NioEventLoop.run(NioEventLoop.java:496)
	at io.netty.util.concurrent.SingleThreadEventExecutor$5.run(SingleThreadEventExecutor.java:906)
	at io.netty.util.internal.ThreadExecutorMap$2.run(ThreadExecutorMap.java:74)
	at java.lang.Thread.run(Thread.java:750)
2022-12-16 17:24:28,978 WARN [elasticsearch[_client_][transport_client_boss][T#2]] o.e.t.n.Netty4Transport [TcpTransport.java:1055] exception caught on transport layer [NettyTcpChannel{localAddress=/127.0.0.1:58775, remoteAddress=/127.0.0.1:9300}], closing connection
java.io.IOException: 远程主机强迫关闭了一个现有的连接。
	at sun.nio.ch.SocketDispatcher.read0(Native Method)
	at sun.nio.ch.SocketDispatcher.read(SocketDispatcher.java:43)
	at sun.nio.ch.IOUtil.readIntoNativeBuffer(IOUtil.java:223)
	at sun.nio.ch.IOUtil.read(IOUtil.java:192)
	at sun.nio.ch.SocketChannelImpl.read(SocketChannelImpl.java:379)
	at io.netty.buffer.PooledUnsafeDirectByteBuf.setBytes(PooledUnsafeDirectByteBuf.java:288)
	at io.netty.buffer.AbstractByteBuf.writeBytes(AbstractByteBuf.java:1125)
	at io.netty.channel.socket.nio.NioSocketChannel.doReadBytes(NioSocketChannel.java:347)
	at io.netty.channel.nio.AbstractNioByteChannel$NioByteUnsafe.read(AbstractNioByteChannel.java:148)
	at io.netty.channel.nio.NioEventLoop.processSelectedKey(NioEventLoop.java:682)
	at io.netty.channel.nio.NioEventLoop.processSelectedKeysPlain(NioEventLoop.java:582)
	at io.netty.channel.nio.NioEventLoop.processSelectedKeys(NioEventLoop.java:536)
	at io.netty.channel.nio.NioEventLoop.run(NioEventLoop.java:496)
	at io.netty.util.concurrent.SingleThreadEventExecutor$5.run(SingleThreadEventExecutor.java:906)
	at io.netty.util.internal.ThreadExecutorMap$2.run(ThreadExecutorMap.java:74)
	at java.lang.Thread.run(Thread.java:750)
2022-12-16 17:24:28,978 WARN [elasticsearch[_client_][transport_client_boss][T#6]] o.e.t.n.Netty4Transport [TcpTransport.java:1055] exception caught on transport layer [NettyTcpChannel{localAddress=/127.0.0.1:58779, remoteAddress=/127.0.0.1:9300}], closing connection
java.io.IOException: 远程主机强迫关闭了一个现有的连接。
	at sun.nio.ch.SocketDispatcher.read0(Native Method)
	at sun.nio.ch.SocketDispatcher.read(SocketDispatcher.java:43)
	at sun.nio.ch.IOUtil.readIntoNativeBuffer(IOUtil.java:223)
	at sun.nio.ch.IOUtil.read(IOUtil.java:192)
	at sun.nio.ch.SocketChannelImpl.read(SocketChannelImpl.java:379)
	at io.netty.buffer.PooledUnsafeDirectByteBuf.setBytes(PooledUnsafeDirectByteBuf.java:288)
	at io.netty.buffer.AbstractByteBuf.writeBytes(AbstractByteBuf.java:1125)
	at io.netty.channel.socket.nio.NioSocketChannel.doReadBytes(NioSocketChannel.java:347)
	at io.netty.channel.nio.AbstractNioByteChannel$NioByteUnsafe.read(AbstractNioByteChannel.java:148)
	at io.netty.channel.nio.NioEventLoop.processSelectedKey(NioEventLoop.java:682)
	at io.netty.channel.nio.NioEventLoop.processSelectedKeysPlain(NioEventLoop.java:582)
	at io.netty.channel.nio.NioEventLoop.processSelectedKeys(NioEventLoop.java:536)
	at io.netty.channel.nio.NioEventLoop.run(NioEventLoop.java:496)
	at io.netty.util.concurrent.SingleThreadEventExecutor$5.run(SingleThreadEventExecutor.java:906)
	at io.netty.util.internal.ThreadExecutorMap$2.run(ThreadExecutorMap.java:74)
	at java.lang.Thread.run(Thread.java:750)
2022-12-16 17:24:28,978 WARN [elasticsearch[_client_][transport_client_boss][T#13]] o.e.t.n.Netty4Transport [TcpTransport.java:1055] exception caught on transport layer [NettyTcpChannel{localAddress=/127.0.0.1:58786, remoteAddress=/127.0.0.1:9300}], closing connection
java.io.IOException: 远程主机强迫关闭了一个现有的连接。
	at sun.nio.ch.SocketDispatcher.read0(Native Method)
	at sun.nio.ch.SocketDispatcher.read(SocketDispatcher.java:43)
	at sun.nio.ch.IOUtil.readIntoNativeBuffer(IOUtil.java:223)
	at sun.nio.ch.IOUtil.read(IOUtil.java:192)
	at sun.nio.ch.SocketChannelImpl.read(SocketChannelImpl.java:379)
	at io.netty.buffer.PooledUnsafeDirectByteBuf.setBytes(PooledUnsafeDirectByteBuf.java:288)
	at io.netty.buffer.AbstractByteBuf.writeBytes(AbstractByteBuf.java:1125)
	at io.netty.channel.socket.nio.NioSocketChannel.doReadBytes(NioSocketChannel.java:347)
	at io.netty.channel.nio.AbstractNioByteChannel$NioByteUnsafe.read(AbstractNioByteChannel.java:148)
	at io.netty.channel.nio.NioEventLoop.processSelectedKey(NioEventLoop.java:682)
	at io.netty.channel.nio.NioEventLoop.processSelectedKeysPlain(NioEventLoop.java:582)
	at io.netty.channel.nio.NioEventLoop.processSelectedKeys(NioEventLoop.java:536)
	at io.netty.channel.nio.NioEventLoop.run(NioEventLoop.java:496)
	at io.netty.util.concurrent.SingleThreadEventExecutor$5.run(SingleThreadEventExecutor.java:906)
	at io.netty.util.internal.ThreadExecutorMap$2.run(ThreadExecutorMap.java:74)
	at java.lang.Thread.run(Thread.java:750)
2022-12-16 17:24:28,978 WARN [elasticsearch[_client_][transport_client_boss][T#10]] o.e.t.n.Netty4Transport [TcpTransport.java:1055] exception caught on transport layer [NettyTcpChannel{localAddress=/127.0.0.1:58783, remoteAddress=/127.0.0.1:9300}], closing connection
java.io.IOException: 远程主机强迫关闭了一个现有的连接。
	at sun.nio.ch.SocketDispatcher.read0(Native Method)
	at sun.nio.ch.SocketDispatcher.read(SocketDispatcher.java:43)
	at sun.nio.ch.IOUtil.readIntoNativeBuffer(IOUtil.java:223)
	at sun.nio.ch.IOUtil.read(IOUtil.java:192)
	at sun.nio.ch.SocketChannelImpl.read(SocketChannelImpl.java:379)
	at io.netty.buffer.PooledUnsafeDirectByteBuf.setBytes(PooledUnsafeDirectByteBuf.java:288)
	at io.netty.buffer.AbstractByteBuf.writeBytes(AbstractByteBuf.java:1125)
	at io.netty.channel.socket.nio.NioSocketChannel.doReadBytes(NioSocketChannel.java:347)
	at io.netty.channel.nio.AbstractNioByteChannel$NioByteUnsafe.read(AbstractNioByteChannel.java:148)
	at io.netty.channel.nio.NioEventLoop.processSelectedKey(NioEventLoop.java:682)
	at io.netty.channel.nio.NioEventLoop.processSelectedKeysPlain(NioEventLoop.java:582)
	at io.netty.channel.nio.NioEventLoop.processSelectedKeys(NioEventLoop.java:536)
	at io.netty.channel.nio.NioEventLoop.run(NioEventLoop.java:496)
	at io.netty.util.concurrent.SingleThreadEventExecutor$5.run(SingleThreadEventExecutor.java:906)
	at io.netty.util.internal.ThreadExecutorMap$2.run(ThreadExecutorMap.java:74)
	at java.lang.Thread.run(Thread.java:750)
2022-12-16 17:24:28,978 WARN [elasticsearch[_client_][transport_client_boss][T#5]] o.e.t.n.Netty4Transport [TcpTransport.java:1055] exception caught on transport layer [NettyTcpChannel{localAddress=/127.0.0.1:58778, remoteAddress=/127.0.0.1:9300}], closing connection
java.io.IOException: 远程主机强迫关闭了一个现有的连接。
	at sun.nio.ch.SocketDispatcher.read0(Native Method)
	at sun.nio.ch.SocketDispatcher.read(SocketDispatcher.java:43)
	at sun.nio.ch.IOUtil.readIntoNativeBuffer(IOUtil.java:223)
	at sun.nio.ch.IOUtil.read(IOUtil.java:192)
	at sun.nio.ch.SocketChannelImpl.read(SocketChannelImpl.java:379)
	at io.netty.buffer.PooledUnsafeDirectByteBuf.setBytes(PooledUnsafeDirectByteBuf.java:288)
	at io.netty.buffer.AbstractByteBuf.writeBytes(AbstractByteBuf.java:1125)
	at io.netty.channel.socket.nio.NioSocketChannel.doReadBytes(NioSocketChannel.java:347)
	at io.netty.channel.nio.AbstractNioByteChannel$NioByteUnsafe.read(AbstractNioByteChannel.java:148)
	at io.netty.channel.nio.NioEventLoop.processSelectedKey(NioEventLoop.java:682)
	at io.netty.channel.nio.NioEventLoop.processSelectedKeysPlain(NioEventLoop.java:582)
	at io.netty.channel.nio.NioEventLoop.processSelectedKeys(NioEventLoop.java:536)
	at io.netty.channel.nio.NioEventLoop.run(NioEventLoop.java:496)
	at io.netty.util.concurrent.SingleThreadEventExecutor$5.run(SingleThreadEventExecutor.java:906)
	at io.netty.util.internal.ThreadExecutorMap$2.run(ThreadExecutorMap.java:74)
	at java.lang.Thread.run(Thread.java:750)
2022-12-16 17:24:28,978 WARN [elasticsearch[_client_][transport_client_boss][T#3]] o.e.t.n.Netty4Transport [TcpTransport.java:1055] exception caught on transport layer [NettyTcpChannel{localAddress=/127.0.0.1:58776, remoteAddress=/127.0.0.1:9300}], closing connection
java.io.IOException: 远程主机强迫关闭了一个现有的连接。
	at sun.nio.ch.SocketDispatcher.read0(Native Method)
	at sun.nio.ch.SocketDispatcher.read(SocketDispatcher.java:43)
	at sun.nio.ch.IOUtil.readIntoNativeBuffer(IOUtil.java:223)
	at sun.nio.ch.IOUtil.read(IOUtil.java:192)
	at sun.nio.ch.SocketChannelImpl.read(SocketChannelImpl.java:379)
	at io.netty.buffer.PooledUnsafeDirectByteBuf.setBytes(PooledUnsafeDirectByteBuf.java:288)
	at io.netty.buffer.AbstractByteBuf.writeBytes(AbstractByteBuf.java:1125)
	at io.netty.channel.socket.nio.NioSocketChannel.doReadBytes(NioSocketChannel.java:347)
	at io.netty.channel.nio.AbstractNioByteChannel$NioByteUnsafe.read(AbstractNioByteChannel.java:148)
	at io.netty.channel.nio.NioEventLoop.processSelectedKey(NioEventLoop.java:682)
	at io.netty.channel.nio.NioEventLoop.processSelectedKeysPlain(NioEventLoop.java:582)
	at io.netty.channel.nio.NioEventLoop.processSelectedKeys(NioEventLoop.java:536)
	at io.netty.channel.nio.NioEventLoop.run(NioEventLoop.java:496)
	at io.netty.util.concurrent.SingleThreadEventExecutor$5.run(SingleThreadEventExecutor.java:906)
	at io.netty.util.internal.ThreadExecutorMap$2.run(ThreadExecutorMap.java:74)
	at java.lang.Thread.run(Thread.java:750)
2022-12-16 17:24:28,978 WARN [elasticsearch[_client_][transport_client_boss][T#12]] o.e.t.n.Netty4Transport [TcpTransport.java:1055] exception caught on transport layer [NettyTcpChannel{localAddress=/127.0.0.1:58785, remoteAddress=/127.0.0.1:9300}], closing connection
java.io.IOException: 远程主机强迫关闭了一个现有的连接。
	at sun.nio.ch.SocketDispatcher.read0(Native Method)
	at sun.nio.ch.SocketDispatcher.read(SocketDispatcher.java:43)
	at sun.nio.ch.IOUtil.readIntoNativeBuffer(IOUtil.java:223)
	at sun.nio.ch.IOUtil.read(IOUtil.java:192)
	at sun.nio.ch.SocketChannelImpl.read(SocketChannelImpl.java:379)
	at io.netty.buffer.PooledUnsafeDirectByteBuf.setBytes(PooledUnsafeDirectByteBuf.java:288)
	at io.netty.buffer.AbstractByteBuf.writeBytes(AbstractByteBuf.java:1125)
	at io.netty.channel.socket.nio.NioSocketChannel.doReadBytes(NioSocketChannel.java:347)
	at io.netty.channel.nio.AbstractNioByteChannel$NioByteUnsafe.read(AbstractNioByteChannel.java:148)
	at io.netty.channel.nio.NioEventLoop.processSelectedKey(NioEventLoop.java:682)
	at io.netty.channel.nio.NioEventLoop.processSelectedKeysPlain(NioEventLoop.java:582)
	at io.netty.channel.nio.NioEventLoop.processSelectedKeys(NioEventLoop.java:536)
	at io.netty.channel.nio.NioEventLoop.run(NioEventLoop.java:496)
	at io.netty.util.concurrent.SingleThreadEventExecutor$5.run(SingleThreadEventExecutor.java:906)
	at io.netty.util.internal.ThreadExecutorMap$2.run(ThreadExecutorMap.java:74)
	at java.lang.Thread.run(Thread.java:750)
2022-12-16 17:24:28,978 WARN [elasticsearch[_client_][transport_client_boss][T#4]] o.e.t.n.Netty4Transport [TcpTransport.java:1055] exception caught on transport layer [NettyTcpChannel{localAddress=/127.0.0.1:58777, remoteAddress=/127.0.0.1:9300}], closing connection
java.io.IOException: 远程主机强迫关闭了一个现有的连接。
	at sun.nio.ch.SocketDispatcher.read0(Native Method)
	at sun.nio.ch.SocketDispatcher.read(SocketDispatcher.java:43)
	at sun.nio.ch.IOUtil.readIntoNativeBuffer(IOUtil.java:223)
	at sun.nio.ch.IOUtil.read(IOUtil.java:192)
	at sun.nio.ch.SocketChannelImpl.read(SocketChannelImpl.java:379)
	at io.netty.buffer.PooledUnsafeDirectByteBuf.setBytes(PooledUnsafeDirectByteBuf.java:288)
	at io.netty.buffer.AbstractByteBuf.writeBytes(AbstractByteBuf.java:1125)
	at io.netty.channel.socket.nio.NioSocketChannel.doReadBytes(NioSocketChannel.java:347)
	at io.netty.channel.nio.AbstractNioByteChannel$NioByteUnsafe.read(AbstractNioByteChannel.java:148)
	at io.netty.channel.nio.NioEventLoop.processSelectedKey(NioEventLoop.java:682)
	at io.netty.channel.nio.NioEventLoop.processSelectedKeysPlain(NioEventLoop.java:582)
	at io.netty.channel.nio.NioEventLoop.processSelectedKeys(NioEventLoop.java:536)
	at io.netty.channel.nio.NioEventLoop.run(NioEventLoop.java:496)
	at io.netty.util.concurrent.SingleThreadEventExecutor$5.run(SingleThreadEventExecutor.java:906)
	at io.netty.util.internal.ThreadExecutorMap$2.run(ThreadExecutorMap.java:74)
	at java.lang.Thread.run(Thread.java:750)
2022-12-16 17:24:31,165 WARN [lettuce-nioEventLoop-4-2] i.l.c.p.ConnectionWatchdog [Netty4InternalESLogger.java:139] Cannot reconnect: io.netty.channel.AbstractChannel$AnnotatedConnectException: Connection refused: no further information: localhost/127.0.0.1:6379
