2022-11-27 02:01:27,632 INFO [main] c.y.c.LoggerTest [StartupInfoLogger.java:50] Starting LoggerTest on YY with PID 18840 (started by YY in E:\JavaWeb\java\Example\牛客\community)
2022-11-27 02:01:27,633 INFO [main] c.y.c.LoggerTest [SpringApplication.java:675] No active profile set, falling back to default profiles: default
2022-11-27 02:01:28,248 INFO [restartedMain] c.y.c.CommunityApplication [StartupInfoLogger.java:50] Starting CommunityApplication on YY with PID 12784 (started by YY in E:\JavaWeb\java\Example\牛客\community)
2022-11-27 02:01:28,249 INFO [restartedMain] c.y.c.CommunityApplication [SpringApplication.java:675] No active profile set, falling back to default profiles: default
2022-11-27 02:01:28,515 INFO [restartedMain] o.s.b.w.e.t.TomcatWebServer [TomcatWebServer.java:90] Tomcat initialized with port(s): 8181 (http)
2022-11-27 02:01:28,516 INFO [restartedMain] o.a.c.c.StandardService [DirectJDKLog.java:173] Starting service [Tomcat]
2022-11-27 02:01:28,516 INFO [restartedMain] o.a.c.c.StandardEngine [DirectJDKLog.java:173] Starting Servlet engine: [Apache Tomcat/9.0.17]
2022-11-27 02:01:28,529 INFO [restartedMain] o.a.c.c.C.[.[.[/] [DirectJDKLog.java:173] Initializing Spring embedded WebApplicationContext
2022-11-27 02:01:28,529 INFO [restartedMain] o.s.w.c.ContextLoader [ServletWebServerApplicationContext.java:296] Root WebApplicationContext: initialization completed in 278 ms
2022-11-27 02:01:28,611 INFO [restartedMain] o.s.s.c.ThreadPoolTaskExecutor [ExecutorConfigurationSupport.java:171] Initializing ExecutorService 'applicationTaskExecutor'
2022-11-27 02:01:28,640 INFO [restartedMain] o.s.b.a.w.s.WelcomePageHandlerMapping [WelcomePageHandlerMapping.java:61] Adding welcome page template: index
2022-11-27 02:01:28,666 INFO [restartedMain] o.s.b.d.a.OptionalLiveReloadServer [OptionalLiveReloadServer.java:57] LiveReload server is running on port 35729
2022-11-27 02:01:28,680 INFO [restartedMain] o.s.b.w.e.t.TomcatWebServer [TomcatWebServer.java:204] Tomcat started on port(s): 8181 (http) with context path ''
2022-11-27 02:01:28,680 INFO [restartedMain] c.y.c.CommunityApplication [StartupInfoLogger.java:59] Started CommunityApplication in 0.496 seconds (JVM running for 1546.875)
2022-11-27 02:01:28,682 INFO [restartedMain] o.s.b.d.a.ConditionEvaluationDeltaLoggingListener [ConditionEvaluationDeltaLoggingListener.java:70] Condition evaluation unchanged
2022-11-27 02:01:28,972 INFO [main] o.s.s.c.ThreadPoolTaskExecutor [ExecutorConfigurationSupport.java:171] Initializing ExecutorService 'applicationTaskExecutor'
2022-11-27 02:01:29,193 INFO [main] o.s.b.a.w.s.WelcomePageHandlerMapping [WelcomePageHandlerMapping.java:61] Adding welcome page template: index
2022-11-27 02:01:29,397 INFO [main] c.y.c.LoggerTest [StartupInfoLogger.java:59] Started LoggerTest in 2.066 seconds (JVM running for 2.631)
2022-11-27 02:01:29,541 INFO [main] c.y.c.LoggerTest [LoggerTest.java:23] info log
2022-11-27 02:01:29,546 INFO [Thread-3] o.s.s.c.ThreadPoolTaskExecutor [ExecutorConfigurationSupport.java:208] Shutting down ExecutorService 'applicationTaskExecutor'
2022-11-27 02:53:20,089 INFO [Thread-17] o.s.s.c.ThreadPoolTaskExecutor [ExecutorConfigurationSupport.java:208] Shutting down ExecutorService 'applicationTaskExecutor'
2022-11-27 02:53:20,427 INFO [restartedMain] c.y.c.CommunityApplication [StartupInfoLogger.java:50] Starting CommunityApplication on YY with PID 12784 (started by YY in E:\JavaWeb\java\Example\牛客\community)
2022-11-27 02:53:20,428 INFO [restartedMain] c.y.c.CommunityApplication [SpringApplication.java:675] No active profile set, falling back to default profiles: default
2022-11-27 02:53:20,689 INFO [restartedMain] o.s.b.w.e.t.TomcatWebServer [TomcatWebServer.java:90] Tomcat initialized with port(s): 8181 (http)
2022-11-27 02:53:20,689 INFO [restartedMain] o.a.c.c.StandardService [DirectJDKLog.java:173] Starting service [Tomcat]
2022-11-27 02:53:20,689 INFO [restartedMain] o.a.c.c.StandardEngine [DirectJDKLog.java:173] Starting Servlet engine: [Apache Tomcat/9.0.17]
2022-11-27 02:53:20,702 INFO [restartedMain] o.a.c.c.C.[.[.[/] [DirectJDKLog.java:173] Initializing Spring embedded WebApplicationContext
2022-11-27 02:53:20,703 INFO [restartedMain] o.s.w.c.ContextLoader [ServletWebServerApplicationContext.java:296] Root WebApplicationContext: initialization completed in 274 ms
2022-11-27 02:53:20,746 INFO [restartedMain] o.a.c.c.StandardService [DirectJDKLog.java:173] Stopping service [Tomcat]
2022-11-27 02:53:20,750 INFO [restartedMain] o.s.b.a.l.ConditionEvaluationReportLoggingListener [ConditionEvaluationReportLoggingListener.java:142] 

Error starting ApplicationContext. To display the conditions report re-run your application with 'debug' enabled.
2022-11-27 02:53:21,800 INFO [main] c.y.c.MailTest [StartupInfoLogger.java:50] Starting MailTest on YY with PID 4784 (started by YY in E:\JavaWeb\java\Example\牛客\community)
2022-11-27 02:53:21,801 INFO [main] c.y.c.MailTest [SpringApplication.java:675] No active profile set, falling back to default profiles: default
2022-11-27 02:53:23,231 INFO [main] o.s.s.c.ThreadPoolTaskExecutor [ExecutorConfigurationSupport.java:171] Initializing ExecutorService 'applicationTaskExecutor'
2022-11-27 02:53:23,429 INFO [main] o.s.b.a.w.s.WelcomePageHandlerMapping [WelcomePageHandlerMapping.java:61] Adding welcome page template: index
2022-11-27 02:53:23,635 INFO [main] c.y.c.MailTest [StartupInfoLogger.java:59] Started MailTest in 2.126 seconds (JVM running for 3.852)
2022-11-27 02:53:23,976 INFO [Thread-3] o.s.s.c.ThreadPoolTaskExecutor [ExecutorConfigurationSupport.java:208] Shutting down ExecutorService 'applicationTaskExecutor'
2022-11-27 02:55:03,526 INFO [main] c.y.c.MailTest [StartupInfoLogger.java:50] Starting MailTest on YY with PID 31624 (started by YY in E:\JavaWeb\java\Example\牛客\community)
2022-11-27 02:55:03,527 INFO [main] c.y.c.MailTest [SpringApplication.java:675] No active profile set, falling back to default profiles: default
2022-11-27 02:55:03,878 INFO [restartedMain] c.y.c.CommunityApplication [StartupInfoLogger.java:50] Starting CommunityApplication on YY with PID 12784 (started by YY in E:\JavaWeb\java\Example\牛客\community)
2022-11-27 02:55:03,880 INFO [restartedMain] c.y.c.CommunityApplication [SpringApplication.java:675] No active profile set, falling back to default profiles: default
2022-11-27 02:55:04,151 INFO [restartedMain] o.s.b.w.e.t.TomcatWebServer [TomcatWebServer.java:90] Tomcat initialized with port(s): 8181 (http)
2022-11-27 02:55:04,152 INFO [restartedMain] o.a.c.c.StandardService [DirectJDKLog.java:173] Starting service [Tomcat]
2022-11-27 02:55:04,152 INFO [restartedMain] o.a.c.c.StandardEngine [DirectJDKLog.java:173] Starting Servlet engine: [Apache Tomcat/9.0.17]
2022-11-27 02:55:04,166 INFO [restartedMain] o.a.c.c.C.[.[.[/] [DirectJDKLog.java:173] Initializing Spring embedded WebApplicationContext
2022-11-27 02:55:04,167 INFO [restartedMain] o.s.w.c.ContextLoader [ServletWebServerApplicationContext.java:296] Root WebApplicationContext: initialization completed in 284 ms
2022-11-27 02:55:04,217 INFO [restartedMain] o.a.c.c.StandardService [DirectJDKLog.java:173] Stopping service [Tomcat]
2022-11-27 02:55:04,221 INFO [restartedMain] o.s.b.a.l.ConditionEvaluationReportLoggingListener [ConditionEvaluationReportLoggingListener.java:142] 

Error starting ApplicationContext. To display the conditions report re-run your application with 'debug' enabled.
2022-11-27 02:55:04,877 INFO [main] o.s.s.c.ThreadPoolTaskExecutor [ExecutorConfigurationSupport.java:171] Initializing ExecutorService 'applicationTaskExecutor'
2022-11-27 02:55:05,104 INFO [main] o.s.b.a.w.s.WelcomePageHandlerMapping [WelcomePageHandlerMapping.java:61] Adding welcome page template: index
2022-11-27 02:55:05,290 INFO [main] c.y.c.MailTest [StartupInfoLogger.java:59] Started MailTest in 2.057 seconds (JVM running for 2.618)
2022-11-27 02:55:06,530 INFO [Thread-3] o.s.s.c.ThreadPoolTaskExecutor [ExecutorConfigurationSupport.java:208] Shutting down ExecutorService 'applicationTaskExecutor'
2022-11-27 02:55:26,989 INFO [main] c.y.c.MailTest [StartupInfoLogger.java:50] Starting MailTest on YY with PID 30744 (started by YY in E:\JavaWeb\java\Example\牛客\community)
2022-11-27 02:55:26,991 INFO [main] c.y.c.MailTest [SpringApplication.java:675] No active profile set, falling back to default profiles: default
2022-11-27 02:55:28,432 INFO [main] o.s.s.c.ThreadPoolTaskExecutor [ExecutorConfigurationSupport.java:171] Initializing ExecutorService 'applicationTaskExecutor'
2022-11-27 02:55:28,643 INFO [main] o.s.b.a.w.s.WelcomePageHandlerMapping [WelcomePageHandlerMapping.java:61] Adding welcome page template: index
2022-11-27 02:55:28,823 INFO [main] c.y.c.MailTest [StartupInfoLogger.java:59] Started MailTest in 2.212 seconds (JVM running for 2.962)
2022-11-27 02:55:30,084 INFO [Thread-3] o.s.s.c.ThreadPoolTaskExecutor [ExecutorConfigurationSupport.java:208] Shutting down ExecutorService 'applicationTaskExecutor'
2022-11-27 02:56:57,299 INFO [restartedMain] c.y.c.CommunityApplication [StartupInfoLogger.java:50] Starting CommunityApplication on YY with PID 12784 (started by YY in E:\JavaWeb\java\Example\牛客\community)
2022-11-27 02:56:57,299 INFO [restartedMain] c.y.c.CommunityApplication [SpringApplication.java:675] No active profile set, falling back to default profiles: default
2022-11-27 02:56:57,640 INFO [restartedMain] o.s.b.w.e.t.TomcatWebServer [TomcatWebServer.java:90] Tomcat initialized with port(s): 8181 (http)
2022-11-27 02:56:57,641 INFO [restartedMain] o.a.c.c.StandardService [DirectJDKLog.java:173] Starting service [Tomcat]
2022-11-27 02:56:57,641 INFO [restartedMain] o.a.c.c.StandardEngine [DirectJDKLog.java:173] Starting Servlet engine: [Apache Tomcat/9.0.17]
2022-11-27 02:56:57,650 INFO [main] c.y.c.MailTest [StartupInfoLogger.java:50] Starting MailTest on YY with PID 9660 (started by YY in E:\JavaWeb\java\Example\牛客\community)
2022-11-27 02:56:57,651 INFO [main] c.y.c.MailTest [SpringApplication.java:675] No active profile set, falling back to default profiles: default
2022-11-27 02:56:57,654 INFO [restartedMain] o.a.c.c.C.[.[.[/] [DirectJDKLog.java:173] Initializing Spring embedded WebApplicationContext
2022-11-27 02:56:57,655 INFO [restartedMain] o.s.w.c.ContextLoader [ServletWebServerApplicationContext.java:296] Root WebApplicationContext: initialization completed in 354 ms
2022-11-27 02:56:57,713 INFO [restartedMain] o.a.c.c.StandardService [DirectJDKLog.java:173] Stopping service [Tomcat]
2022-11-27 02:56:57,716 INFO [restartedMain] o.s.b.a.l.ConditionEvaluationReportLoggingListener [ConditionEvaluationReportLoggingListener.java:142] 

Error starting ApplicationContext. To display the conditions report re-run your application with 'debug' enabled.
2022-11-27 02:56:58,957 INFO [main] o.s.s.c.ThreadPoolTaskExecutor [ExecutorConfigurationSupport.java:171] Initializing ExecutorService 'applicationTaskExecutor'
2022-11-27 02:56:59,158 INFO [main] o.s.b.a.w.s.WelcomePageHandlerMapping [WelcomePageHandlerMapping.java:61] Adding welcome page template: index
2022-11-27 02:56:59,352 INFO [main] c.y.c.MailTest [StartupInfoLogger.java:59] Started MailTest in 2.024 seconds (JVM running for 2.586)
2022-11-27 02:57:00,587 INFO [Thread-3] o.s.s.c.ThreadPoolTaskExecutor [ExecutorConfigurationSupport.java:208] Shutting down ExecutorService 'applicationTaskExecutor'
2022-11-27 02:59:24,383 INFO [restartedMain] c.y.c.CommunityApplication [StartupInfoLogger.java:50] Starting CommunityApplication on YY with PID 12784 (started by YY in E:\JavaWeb\java\Example\牛客\community)
2022-11-27 02:59:24,383 INFO [restartedMain] c.y.c.CommunityApplication [SpringApplication.java:675] No active profile set, falling back to default profiles: default
2022-11-27 02:59:24,644 INFO [main] c.y.c.MailTest [StartupInfoLogger.java:50] Starting MailTest on YY with PID 5620 (started by YY in E:\JavaWeb\java\Example\牛客\community)
2022-11-27 02:59:24,646 INFO [main] c.y.c.MailTest [SpringApplication.java:675] No active profile set, falling back to default profiles: default
2022-11-27 02:59:24,740 INFO [restartedMain] o.s.b.w.e.t.TomcatWebServer [TomcatWebServer.java:90] Tomcat initialized with port(s): 8181 (http)
2022-11-27 02:59:24,741 INFO [restartedMain] o.a.c.c.StandardService [DirectJDKLog.java:173] Starting service [Tomcat]
2022-11-27 02:59:24,742 INFO [restartedMain] o.a.c.c.StandardEngine [DirectJDKLog.java:173] Starting Servlet engine: [Apache Tomcat/9.0.17]
2022-11-27 02:59:24,758 INFO [restartedMain] o.a.c.c.C.[.[.[/] [DirectJDKLog.java:173] Initializing Spring embedded WebApplicationContext
2022-11-27 02:59:24,758 INFO [restartedMain] o.s.w.c.ContextLoader [ServletWebServerApplicationContext.java:296] Root WebApplicationContext: initialization completed in 372 ms
2022-11-27 02:59:24,832 INFO [restartedMain] o.a.c.c.StandardService [DirectJDKLog.java:173] Stopping service [Tomcat]
2022-11-27 02:59:24,837 INFO [restartedMain] o.s.b.a.l.ConditionEvaluationReportLoggingListener [ConditionEvaluationReportLoggingListener.java:142] 

Error starting ApplicationContext. To display the conditions report re-run your application with 'debug' enabled.
2022-11-27 02:59:26,013 INFO [main] o.s.s.c.ThreadPoolTaskExecutor [ExecutorConfigurationSupport.java:171] Initializing ExecutorService 'applicationTaskExecutor'
2022-11-27 02:59:26,253 INFO [main] o.s.b.a.w.s.WelcomePageHandlerMapping [WelcomePageHandlerMapping.java:61] Adding welcome page template: index
2022-11-27 02:59:26,465 INFO [main] c.y.c.MailTest [StartupInfoLogger.java:59] Started MailTest in 2.14 seconds (JVM running for 2.718)
2022-11-27 02:59:27,404 INFO [Thread-3] o.s.s.c.ThreadPoolTaskExecutor [ExecutorConfigurationSupport.java:208] Shutting down ExecutorService 'applicationTaskExecutor'
2022-11-27 03:00:16,534 INFO [restartedMain] c.y.c.CommunityApplication [StartupInfoLogger.java:50] Starting CommunityApplication on YY with PID 12784 (started by YY in E:\JavaWeb\java\Example\牛客\community)
2022-11-27 03:00:16,535 INFO [restartedMain] c.y.c.CommunityApplication [SpringApplication.java:675] No active profile set, falling back to default profiles: default
2022-11-27 03:00:16,697 INFO [main] c.y.c.MailTest [StartupInfoLogger.java:50] Starting MailTest on YY with PID 3108 (started by YY in E:\JavaWeb\java\Example\牛客\community)
2022-11-27 03:00:16,698 INFO [main] c.y.c.MailTest [SpringApplication.java:675] No active profile set, falling back to default profiles: default
2022-11-27 03:00:16,835 INFO [restartedMain] o.s.b.w.e.t.TomcatWebServer [TomcatWebServer.java:90] Tomcat initialized with port(s): 8181 (http)
2022-11-27 03:00:16,836 INFO [restartedMain] o.a.c.c.StandardService [DirectJDKLog.java:173] Starting service [Tomcat]
2022-11-27 03:00:16,836 INFO [restartedMain] o.a.c.c.StandardEngine [DirectJDKLog.java:173] Starting Servlet engine: [Apache Tomcat/9.0.17]
2022-11-27 03:00:16,856 INFO [restartedMain] o.a.c.c.C.[.[.[/] [DirectJDKLog.java:173] Initializing Spring embedded WebApplicationContext
2022-11-27 03:00:16,856 INFO [restartedMain] o.s.w.c.ContextLoader [ServletWebServerApplicationContext.java:296] Root WebApplicationContext: initialization completed in 317 ms
2022-11-27 03:00:16,964 INFO [restartedMain] o.a.c.c.StandardService [DirectJDKLog.java:173] Stopping service [Tomcat]
2022-11-27 03:00:16,968 INFO [restartedMain] o.s.b.a.l.ConditionEvaluationReportLoggingListener [ConditionEvaluationReportLoggingListener.java:142] 

Error starting ApplicationContext. To display the conditions report re-run your application with 'debug' enabled.
2022-11-27 03:00:18,035 INFO [main] o.s.s.c.ThreadPoolTaskExecutor [ExecutorConfigurationSupport.java:171] Initializing ExecutorService 'applicationTaskExecutor'
2022-11-27 03:00:18,255 INFO [main] o.s.b.a.w.s.WelcomePageHandlerMapping [WelcomePageHandlerMapping.java:61] Adding welcome page template: index
2022-11-27 03:00:18,452 INFO [main] c.y.c.MailTest [StartupInfoLogger.java:59] Started MailTest in 2.066 seconds (JVM running for 2.646)
2022-11-27 03:00:19,064 INFO [Thread-3] o.s.s.c.ThreadPoolTaskExecutor [ExecutorConfigurationSupport.java:208] Shutting down ExecutorService 'applicationTaskExecutor'
2022-11-27 03:01:35,181 INFO [restartedMain] c.y.c.CommunityApplication [StartupInfoLogger.java:50] Starting CommunityApplication on YY with PID 12784 (started by YY in E:\JavaWeb\java\Example\牛客\community)
2022-11-27 03:01:35,181 INFO [restartedMain] c.y.c.CommunityApplication [SpringApplication.java:675] No active profile set, falling back to default profiles: default
2022-11-27 03:01:35,364 INFO [main] c.y.c.MailTest [StartupInfoLogger.java:50] Starting MailTest on YY with PID 21004 (started by YY in E:\JavaWeb\java\Example\牛客\community)
2022-11-27 03:01:35,365 INFO [main] c.y.c.MailTest [SpringApplication.java:675] No active profile set, falling back to default profiles: default
2022-11-27 03:01:35,500 INFO [restartedMain] o.s.b.w.e.t.TomcatWebServer [TomcatWebServer.java:90] Tomcat initialized with port(s): 8181 (http)
2022-11-27 03:01:35,501 INFO [restartedMain] o.a.c.c.StandardService [DirectJDKLog.java:173] Starting service [Tomcat]
2022-11-27 03:01:35,501 INFO [restartedMain] o.a.c.c.StandardEngine [DirectJDKLog.java:173] Starting Servlet engine: [Apache Tomcat/9.0.17]
2022-11-27 03:01:35,522 INFO [restartedMain] o.a.c.c.C.[.[.[/] [DirectJDKLog.java:173] Initializing Spring embedded WebApplicationContext
2022-11-27 03:01:35,522 INFO [restartedMain] o.s.w.c.ContextLoader [ServletWebServerApplicationContext.java:296] Root WebApplicationContext: initialization completed in 337 ms
2022-11-27 03:01:35,637 INFO [restartedMain] o.a.c.c.StandardService [DirectJDKLog.java:173] Stopping service [Tomcat]
2022-11-27 03:01:35,640 INFO [restartedMain] o.s.b.a.l.ConditionEvaluationReportLoggingListener [ConditionEvaluationReportLoggingListener.java:142] 

Error starting ApplicationContext. To display the conditions report re-run your application with 'debug' enabled.
2022-11-27 03:01:36,726 INFO [main] o.s.s.c.ThreadPoolTaskExecutor [ExecutorConfigurationSupport.java:171] Initializing ExecutorService 'applicationTaskExecutor'
2022-11-27 03:01:36,936 INFO [main] o.s.b.a.w.s.WelcomePageHandlerMapping [WelcomePageHandlerMapping.java:61] Adding welcome page template: index
2022-11-27 03:01:37,132 INFO [main] c.y.c.MailTest [StartupInfoLogger.java:59] Started MailTest in 2.091 seconds (JVM running for 2.666)
2022-11-27 03:01:37,754 INFO [Thread-3] o.s.s.c.ThreadPoolTaskExecutor [ExecutorConfigurationSupport.java:208] Shutting down ExecutorService 'applicationTaskExecutor'
2022-11-27 03:02:07,863 INFO [restartedMain] c.y.c.CommunityApplication [StartupInfoLogger.java:50] Starting CommunityApplication on YY with PID 12784 (started by YY in E:\JavaWeb\java\Example\牛客\community)
2022-11-27 03:02:07,864 INFO [restartedMain] c.y.c.CommunityApplication [SpringApplication.java:675] No active profile set, falling back to default profiles: default
2022-11-27 03:02:08,157 INFO [restartedMain] o.s.b.w.e.t.TomcatWebServer [TomcatWebServer.java:90] Tomcat initialized with port(s): 8181 (http)
2022-11-27 03:02:08,158 INFO [restartedMain] o.a.c.c.StandardService [DirectJDKLog.java:173] Starting service [Tomcat]
2022-11-27 03:02:08,158 INFO [restartedMain] o.a.c.c.StandardEngine [DirectJDKLog.java:173] Starting Servlet engine: [Apache Tomcat/9.0.17]
2022-11-27 03:02:08,172 INFO [restartedMain] o.a.c.c.C.[.[.[/] [DirectJDKLog.java:173] Initializing Spring embedded WebApplicationContext
2022-11-27 03:02:08,172 INFO [restartedMain] o.s.w.c.ContextLoader [ServletWebServerApplicationContext.java:296] Root WebApplicationContext: initialization completed in 304 ms
2022-11-27 03:02:08,219 INFO [restartedMain] o.a.c.c.StandardService [DirectJDKLog.java:173] Stopping service [Tomcat]
2022-11-27 03:02:08,223 INFO [restartedMain] o.s.b.a.l.ConditionEvaluationReportLoggingListener [ConditionEvaluationReportLoggingListener.java:142] 

Error starting ApplicationContext. To display the conditions report re-run your application with 'debug' enabled.
2022-11-27 03:02:08,518 INFO [main] c.y.c.MailTest [StartupInfoLogger.java:50] Starting MailTest on YY with PID 25872 (started by YY in E:\JavaWeb\java\Example\牛客\community)
2022-11-27 03:02:08,519 INFO [main] c.y.c.MailTest [SpringApplication.java:675] No active profile set, falling back to default profiles: default
2022-11-27 03:02:09,832 INFO [main] o.s.s.c.ThreadPoolTaskExecutor [ExecutorConfigurationSupport.java:171] Initializing ExecutorService 'applicationTaskExecutor'
2022-11-27 03:02:10,039 INFO [main] o.s.b.a.w.s.WelcomePageHandlerMapping [WelcomePageHandlerMapping.java:61] Adding welcome page template: index
2022-11-27 03:02:10,240 INFO [main] c.y.c.MailTest [StartupInfoLogger.java:59] Started MailTest in 2.019 seconds (JVM running for 2.625)
2022-11-27 03:02:10,867 INFO [Thread-3] o.s.s.c.ThreadPoolTaskExecutor [ExecutorConfigurationSupport.java:208] Shutting down ExecutorService 'applicationTaskExecutor'
2022-11-27 03:03:52,180 INFO [restartedMain] c.y.c.CommunityApplication [StartupInfoLogger.java:50] Starting CommunityApplication on YY with PID 12784 (started by YY in E:\JavaWeb\java\Example\牛客\community)
2022-11-27 03:03:52,181 INFO [restartedMain] c.y.c.CommunityApplication [SpringApplication.java:675] No active profile set, falling back to default profiles: default
2022-11-27 03:03:52,459 INFO [restartedMain] o.s.b.w.e.t.TomcatWebServer [TomcatWebServer.java:90] Tomcat initialized with port(s): 8181 (http)
2022-11-27 03:03:52,459 INFO [restartedMain] o.a.c.c.StandardService [DirectJDKLog.java:173] Starting service [Tomcat]
2022-11-27 03:03:52,459 INFO [restartedMain] o.a.c.c.StandardEngine [DirectJDKLog.java:173] Starting Servlet engine: [Apache Tomcat/9.0.17]
2022-11-27 03:03:52,477 INFO [restartedMain] o.a.c.c.C.[.[.[/] [DirectJDKLog.java:173] Initializing Spring embedded WebApplicationContext
2022-11-27 03:03:52,478 INFO [restartedMain] o.s.w.c.ContextLoader [ServletWebServerApplicationContext.java:296] Root WebApplicationContext: initialization completed in 295 ms
2022-11-27 03:03:52,570 INFO [restartedMain] o.a.c.c.StandardService [DirectJDKLog.java:173] Stopping service [Tomcat]
2022-11-27 03:03:52,577 INFO [restartedMain] o.s.b.a.l.ConditionEvaluationReportLoggingListener [ConditionEvaluationReportLoggingListener.java:142] 

Error starting ApplicationContext. To display the conditions report re-run your application with 'debug' enabled.
2022-11-27 03:03:52,780 INFO [main] c.y.c.MailTest [StartupInfoLogger.java:50] Starting MailTest on YY with PID 10832 (started by YY in E:\JavaWeb\java\Example\牛客\community)
2022-11-27 03:03:52,781 INFO [main] c.y.c.MailTest [SpringApplication.java:675] No active profile set, falling back to default profiles: default
2022-11-27 03:03:54,201 INFO [main] o.s.s.c.ThreadPoolTaskExecutor [ExecutorConfigurationSupport.java:171] Initializing ExecutorService 'applicationTaskExecutor'
2022-11-27 03:03:54,399 INFO [main] o.s.b.a.w.s.WelcomePageHandlerMapping [WelcomePageHandlerMapping.java:61] Adding welcome page template: index
2022-11-27 03:03:54,614 INFO [main] c.y.c.MailTest [StartupInfoLogger.java:59] Started MailTest in 2.164 seconds (JVM running for 2.748)
2022-11-27 03:03:55,449 INFO [Thread-3] o.s.s.c.ThreadPoolTaskExecutor [ExecutorConfigurationSupport.java:208] Shutting down ExecutorService 'applicationTaskExecutor'
2022-11-27 03:05:27,161 INFO [main] c.y.c.MailTest [StartupInfoLogger.java:50] Starting MailTest on YY with PID 17132 (started by YY in E:\JavaWeb\java\Example\牛客\community)
2022-11-27 03:05:27,163 INFO [main] c.y.c.MailTest [SpringApplication.java:675] No active profile set, falling back to default profiles: default
2022-11-27 03:05:27,217 INFO [restartedMain] c.y.c.CommunityApplication [StartupInfoLogger.java:50] Starting CommunityApplication on YY with PID 12784 (started by YY in E:\JavaWeb\java\Example\牛客\community)
2022-11-27 03:05:27,217 INFO [restartedMain] c.y.c.CommunityApplication [SpringApplication.java:675] No active profile set, falling back to default profiles: default
2022-11-27 03:05:27,525 INFO [restartedMain] o.s.b.w.e.t.TomcatWebServer [TomcatWebServer.java:90] Tomcat initialized with port(s): 8181 (http)
2022-11-27 03:05:27,526 INFO [restartedMain] o.a.c.c.StandardService [DirectJDKLog.java:173] Starting service [Tomcat]
2022-11-27 03:05:27,526 INFO [restartedMain] o.a.c.c.StandardEngine [DirectJDKLog.java:173] Starting Servlet engine: [Apache Tomcat/9.0.17]
2022-11-27 03:05:27,542 INFO [restartedMain] o.a.c.c.C.[.[.[/] [DirectJDKLog.java:173] Initializing Spring embedded WebApplicationContext
2022-11-27 03:05:27,542 INFO [restartedMain] o.s.w.c.ContextLoader [ServletWebServerApplicationContext.java:296] Root WebApplicationContext: initialization completed in 324 ms
2022-11-27 03:05:27,586 INFO [restartedMain] o.a.c.c.StandardService [DirectJDKLog.java:173] Stopping service [Tomcat]
2022-11-27 03:05:27,589 INFO [restartedMain] o.s.b.a.l.ConditionEvaluationReportLoggingListener [ConditionEvaluationReportLoggingListener.java:142] 

Error starting ApplicationContext. To display the conditions report re-run your application with 'debug' enabled.
2022-11-27 03:05:28,485 INFO [main] o.s.s.c.ThreadPoolTaskExecutor [ExecutorConfigurationSupport.java:171] Initializing ExecutorService 'applicationTaskExecutor'
2022-11-27 03:05:28,698 INFO [main] o.s.b.a.w.s.WelcomePageHandlerMapping [WelcomePageHandlerMapping.java:61] Adding welcome page template: index
2022-11-27 03:05:28,907 INFO [main] c.y.c.MailTest [StartupInfoLogger.java:59] Started MailTest in 2.063 seconds (JVM running for 2.64)
2022-11-27 03:05:30,239 INFO [Thread-3] o.s.s.c.ThreadPoolTaskExecutor [ExecutorConfigurationSupport.java:208] Shutting down ExecutorService 'applicationTaskExecutor'
2022-11-27 03:09:22,522 INFO [restartedMain] c.y.c.CommunityApplication [StartupInfoLogger.java:50] Starting CommunityApplication on YY with PID 12784 (started by YY in E:\JavaWeb\java\Example\牛客\community)
2022-11-27 03:09:22,522 INFO [restartedMain] c.y.c.CommunityApplication [SpringApplication.java:675] No active profile set, falling back to default profiles: default
2022-11-27 03:09:22,824 INFO [restartedMain] o.s.b.w.e.t.TomcatWebServer [TomcatWebServer.java:90] Tomcat initialized with port(s): 8181 (http)
2022-11-27 03:09:22,824 INFO [restartedMain] o.a.c.c.StandardService [DirectJDKLog.java:173] Starting service [Tomcat]
2022-11-27 03:09:22,825 INFO [restartedMain] o.a.c.c.StandardEngine [DirectJDKLog.java:173] Starting Servlet engine: [Apache Tomcat/9.0.17]
2022-11-27 03:09:22,841 INFO [restartedMain] o.a.c.c.C.[.[.[/] [DirectJDKLog.java:173] Initializing Spring embedded WebApplicationContext
2022-11-27 03:09:22,841 INFO [restartedMain] o.s.w.c.ContextLoader [ServletWebServerApplicationContext.java:296] Root WebApplicationContext: initialization completed in 317 ms
2022-11-27 03:09:22,900 INFO [restartedMain] o.a.c.c.StandardService [DirectJDKLog.java:173] Stopping service [Tomcat]
2022-11-27 03:09:22,904 INFO [restartedMain] o.s.b.a.l.ConditionEvaluationReportLoggingListener [ConditionEvaluationReportLoggingListener.java:142] 

Error starting ApplicationContext. To display the conditions report re-run your application with 'debug' enabled.
2022-11-27 03:09:22,973 INFO [main] c.y.c.MailTest [StartupInfoLogger.java:50] Starting MailTest on YY with PID 24808 (started by YY in E:\JavaWeb\java\Example\牛客\community)
2022-11-27 03:09:22,974 INFO [main] c.y.c.MailTest [SpringApplication.java:675] No active profile set, falling back to default profiles: default
2022-11-27 03:09:24,363 INFO [main] o.s.s.c.ThreadPoolTaskExecutor [ExecutorConfigurationSupport.java:171] Initializing ExecutorService 'applicationTaskExecutor'
2022-11-27 03:09:24,595 INFO [main] o.s.b.a.w.s.WelcomePageHandlerMapping [WelcomePageHandlerMapping.java:61] Adding welcome page template: index
2022-11-27 03:09:24,795 INFO [main] c.y.c.MailTest [StartupInfoLogger.java:59] Started MailTest in 2.134 seconds (JVM running for 2.711)
2022-11-27 03:09:26,156 INFO [Thread-3] o.s.s.c.ThreadPoolTaskExecutor [ExecutorConfigurationSupport.java:208] Shutting down ExecutorService 'applicationTaskExecutor'
2022-11-27 03:09:52,046 INFO [restartedMain] c.y.c.CommunityApplication [StartupInfoLogger.java:50] Starting CommunityApplication on YY with PID 12784 (started by YY in E:\JavaWeb\java\Example\牛客\community)
2022-11-27 03:09:52,046 INFO [restartedMain] c.y.c.CommunityApplication [SpringApplication.java:675] No active profile set, falling back to default profiles: default
2022-11-27 03:09:52,351 INFO [restartedMain] o.s.b.w.e.t.TomcatWebServer [TomcatWebServer.java:90] Tomcat initialized with port(s): 8181 (http)
2022-11-27 03:09:52,352 INFO [restartedMain] o.a.c.c.StandardService [DirectJDKLog.java:173] Starting service [Tomcat]
2022-11-27 03:09:52,353 INFO [restartedMain] o.a.c.c.StandardEngine [DirectJDKLog.java:173] Starting Servlet engine: [Apache Tomcat/9.0.17]
2022-11-27 03:09:52,368 INFO [restartedMain] o.a.c.c.C.[.[.[/] [DirectJDKLog.java:173] Initializing Spring embedded WebApplicationContext
2022-11-27 03:09:52,368 INFO [restartedMain] o.s.w.c.ContextLoader [ServletWebServerApplicationContext.java:296] Root WebApplicationContext: initialization completed in 318 ms
2022-11-27 03:09:52,423 INFO [restartedMain] o.a.c.c.StandardService [DirectJDKLog.java:173] Stopping service [Tomcat]
2022-11-27 03:09:52,428 INFO [restartedMain] o.s.b.a.l.ConditionEvaluationReportLoggingListener [ConditionEvaluationReportLoggingListener.java:142] 

Error starting ApplicationContext. To display the conditions report re-run your application with 'debug' enabled.
2022-11-27 03:09:53,350 INFO [main] c.y.c.MailTest [StartupInfoLogger.java:50] Starting MailTest on YY with PID 14252 (started by YY in E:\JavaWeb\java\Example\牛客\community)
2022-11-27 03:09:53,351 INFO [main] c.y.c.MailTest [SpringApplication.java:675] No active profile set, falling back to default profiles: default
2022-11-27 03:09:54,924 INFO [main] o.s.s.c.ThreadPoolTaskExecutor [ExecutorConfigurationSupport.java:171] Initializing ExecutorService 'applicationTaskExecutor'
2022-11-27 03:09:55,232 INFO [main] o.s.b.a.w.s.WelcomePageHandlerMapping [WelcomePageHandlerMapping.java:61] Adding welcome page template: index
2022-11-27 03:09:55,436 INFO [main] c.y.c.MailTest [StartupInfoLogger.java:59] Started MailTest in 2.394 seconds (JVM running for 2.972)
2022-11-27 03:09:56,882 INFO [Thread-3] o.s.s.c.ThreadPoolTaskExecutor [ExecutorConfigurationSupport.java:208] Shutting down ExecutorService 'applicationTaskExecutor'
2022-11-27 03:11:02,505 INFO [restartedMain] c.y.c.CommunityApplication [StartupInfoLogger.java:50] Starting CommunityApplication on YY with PID 12784 (started by YY in E:\JavaWeb\java\Example\牛客\community)
2022-11-27 03:11:02,506 INFO [restartedMain] c.y.c.CommunityApplication [SpringApplication.java:675] No active profile set, falling back to default profiles: default
2022-11-27 03:11:02,821 INFO [restartedMain] o.s.b.w.e.t.TomcatWebServer [TomcatWebServer.java:90] Tomcat initialized with port(s): 8181 (http)
2022-11-27 03:11:02,823 INFO [restartedMain] o.a.c.c.StandardService [DirectJDKLog.java:173] Starting service [Tomcat]
2022-11-27 03:11:02,825 INFO [restartedMain] o.a.c.c.StandardEngine [DirectJDKLog.java:173] Starting Servlet engine: [Apache Tomcat/9.0.17]
2022-11-27 03:11:02,885 INFO [restartedMain] o.a.c.c.C.[.[.[/] [DirectJDKLog.java:173] Initializing Spring embedded WebApplicationContext
2022-11-27 03:11:02,886 INFO [restartedMain] o.s.w.c.ContextLoader [ServletWebServerApplicationContext.java:296] Root WebApplicationContext: initialization completed in 378 ms
2022-11-27 03:11:02,940 INFO [restartedMain] o.a.c.c.StandardService [DirectJDKLog.java:173] Stopping service [Tomcat]
2022-11-27 03:11:02,944 INFO [restartedMain] o.s.b.a.l.ConditionEvaluationReportLoggingListener [ConditionEvaluationReportLoggingListener.java:142] 

Error starting ApplicationContext. To display the conditions report re-run your application with 'debug' enabled.
2022-11-27 03:11:02,997 INFO [main] c.y.c.MailTest [StartupInfoLogger.java:50] Starting MailTest on YY with PID 23528 (started by YY in E:\JavaWeb\java\Example\牛客\community)
2022-11-27 03:11:02,999 INFO [main] c.y.c.MailTest [SpringApplication.java:675] No active profile set, falling back to default profiles: default
2022-11-27 03:11:04,473 INFO [main] o.s.s.c.ThreadPoolTaskExecutor [ExecutorConfigurationSupport.java:171] Initializing ExecutorService 'applicationTaskExecutor'
2022-11-27 03:11:04,681 INFO [main] o.s.b.a.w.s.WelcomePageHandlerMapping [WelcomePageHandlerMapping.java:61] Adding welcome page template: index
2022-11-27 03:11:04,858 INFO [main] c.y.c.MailTest [StartupInfoLogger.java:59] Started MailTest in 2.184 seconds (JVM running for 2.74)
2022-11-27 03:11:06,103 INFO [Thread-3] o.s.s.c.ThreadPoolTaskExecutor [ExecutorConfigurationSupport.java:208] Shutting down ExecutorService 'applicationTaskExecutor'
2022-11-27 03:12:30,794 INFO [main] c.y.c.MailTest [StartupInfoLogger.java:50] Starting MailTest on YY with PID 31624 (started by YY in E:\JavaWeb\java\Example\牛客\community)
2022-11-27 03:12:30,796 INFO [main] c.y.c.MailTest [SpringApplication.java:675] No active profile set, falling back to default profiles: default
2022-11-27 03:12:32,114 INFO [main] o.s.s.c.ThreadPoolTaskExecutor [ExecutorConfigurationSupport.java:171] Initializing ExecutorService 'applicationTaskExecutor'
2022-11-27 03:12:32,330 INFO [main] o.s.b.a.w.s.WelcomePageHandlerMapping [WelcomePageHandlerMapping.java:61] Adding welcome page template: index
2022-11-27 03:12:32,523 INFO [main] c.y.c.MailTest [StartupInfoLogger.java:59] Started MailTest in 2.026 seconds (JVM running for 2.584)
2022-11-27 03:12:33,858 INFO [Thread-3] o.s.s.c.ThreadPoolTaskExecutor [ExecutorConfigurationSupport.java:208] Shutting down ExecutorService 'applicationTaskExecutor'
2022-11-27 03:17:44,784 INFO [restartedMain] c.y.c.CommunityApplication [StartupInfoLogger.java:50] Starting CommunityApplication on YY with PID 12784 (started by YY in E:\JavaWeb\java\Example\牛客\community)
2022-11-27 03:17:44,784 INFO [restartedMain] c.y.c.CommunityApplication [SpringApplication.java:675] No active profile set, falling back to default profiles: default
2022-11-27 03:17:45,061 INFO [restartedMain] o.s.b.w.e.t.TomcatWebServer [TomcatWebServer.java:90] Tomcat initialized with port(s): 8181 (http)
2022-11-27 03:17:45,063 INFO [restartedMain] o.a.c.c.StandardService [DirectJDKLog.java:173] Starting service [Tomcat]
2022-11-27 03:17:45,063 INFO [restartedMain] o.a.c.c.StandardEngine [DirectJDKLog.java:173] Starting Servlet engine: [Apache Tomcat/9.0.17]
2022-11-27 03:17:45,079 INFO [restartedMain] o.a.c.c.C.[.[.[/] [DirectJDKLog.java:173] Initializing Spring embedded WebApplicationContext
2022-11-27 03:17:45,079 INFO [restartedMain] o.s.w.c.ContextLoader [ServletWebServerApplicationContext.java:296] Root WebApplicationContext: initialization completed in 292 ms
2022-11-27 03:17:45,172 INFO [restartedMain] o.a.c.c.StandardService [DirectJDKLog.java:173] Stopping service [Tomcat]
2022-11-27 03:17:45,177 INFO [restartedMain] o.s.b.a.l.ConditionEvaluationReportLoggingListener [ConditionEvaluationReportLoggingListener.java:142] 

Error starting ApplicationContext. To display the conditions report re-run your application with 'debug' enabled.
2022-11-27 03:17:45,320 INFO [main] c.y.c.MailTest [StartupInfoLogger.java:50] Starting MailTest on YY with PID 30568 (started by YY in E:\JavaWeb\java\Example\牛客\community)
2022-11-27 03:17:45,321 INFO [main] c.y.c.MailTest [SpringApplication.java:675] No active profile set, falling back to default profiles: default
2022-11-27 03:17:46,606 INFO [main] o.s.s.c.ThreadPoolTaskExecutor [ExecutorConfigurationSupport.java:171] Initializing ExecutorService 'applicationTaskExecutor'
2022-11-27 03:17:46,884 INFO [main] o.s.b.a.w.s.WelcomePageHandlerMapping [WelcomePageHandlerMapping.java:61] Adding welcome page template: index
2022-11-27 03:17:47,108 INFO [main] c.y.c.MailTest [StartupInfoLogger.java:59] Started MailTest in 2.088 seconds (JVM running for 2.655)
2022-11-27 03:17:47,388 INFO [Thread-3] o.s.s.c.ThreadPoolTaskExecutor [ExecutorConfigurationSupport.java:208] Shutting down ExecutorService 'applicationTaskExecutor'
2022-11-27 03:18:44,068 INFO [main] c.y.c.MailTest [StartupInfoLogger.java:50] Starting MailTest on YY with PID 3228 (started by YY in E:\JavaWeb\java\Example\牛客\community)
2022-11-27 03:18:44,070 INFO [main] c.y.c.MailTest [SpringApplication.java:675] No active profile set, falling back to default profiles: default
2022-11-27 03:18:44,081 INFO [restartedMain] c.y.c.CommunityApplication [StartupInfoLogger.java:50] Starting CommunityApplication on YY with PID 12784 (started by YY in E:\JavaWeb\java\Example\牛客\community)
2022-11-27 03:18:44,082 INFO [restartedMain] c.y.c.CommunityApplication [SpringApplication.java:675] No active profile set, falling back to default profiles: default
2022-11-27 03:18:44,462 INFO [restartedMain] o.s.b.w.e.t.TomcatWebServer [TomcatWebServer.java:90] Tomcat initialized with port(s): 8181 (http)
2022-11-27 03:18:44,463 INFO [restartedMain] o.a.c.c.StandardService [DirectJDKLog.java:173] Starting service [Tomcat]
2022-11-27 03:18:44,463 INFO [restartedMain] o.a.c.c.StandardEngine [DirectJDKLog.java:173] Starting Servlet engine: [Apache Tomcat/9.0.17]
2022-11-27 03:18:44,479 INFO [restartedMain] o.a.c.c.C.[.[.[/] [DirectJDKLog.java:173] Initializing Spring embedded WebApplicationContext
2022-11-27 03:18:44,479 INFO [restartedMain] o.s.w.c.ContextLoader [ServletWebServerApplicationContext.java:296] Root WebApplicationContext: initialization completed in 395 ms
2022-11-27 03:18:44,525 INFO [restartedMain] o.a.c.c.StandardService [DirectJDKLog.java:173] Stopping service [Tomcat]
2022-11-27 03:18:44,528 INFO [restartedMain] o.s.b.a.l.ConditionEvaluationReportLoggingListener [ConditionEvaluationReportLoggingListener.java:142] 

Error starting ApplicationContext. To display the conditions report re-run your application with 'debug' enabled.
2022-11-27 03:18:45,464 INFO [main] o.s.s.c.ThreadPoolTaskExecutor [ExecutorConfigurationSupport.java:171] Initializing ExecutorService 'applicationTaskExecutor'
2022-11-27 03:18:45,677 INFO [main] o.s.b.a.w.s.WelcomePageHandlerMapping [WelcomePageHandlerMapping.java:61] Adding welcome page template: index
2022-11-27 03:18:45,870 INFO [main] c.y.c.MailTest [StartupInfoLogger.java:59] Started MailTest in 2.134 seconds (JVM running for 2.718)
2022-11-27 03:18:47,421 INFO [Thread-3] o.s.s.c.ThreadPoolTaskExecutor [ExecutorConfigurationSupport.java:208] Shutting down ExecutorService 'applicationTaskExecutor'
2022-11-27 03:19:19,114 INFO [main] c.y.c.MailTest [StartupInfoLogger.java:50] Starting MailTest on YY with PID 12452 (started by YY in E:\JavaWeb\java\Example\牛客\community)
2022-11-27 03:19:19,115 INFO [main] c.y.c.MailTest [SpringApplication.java:675] No active profile set, falling back to default profiles: default
2022-11-27 03:19:20,513 INFO [main] o.s.s.c.ThreadPoolTaskExecutor [ExecutorConfigurationSupport.java:171] Initializing ExecutorService 'applicationTaskExecutor'
2022-11-27 03:19:20,731 INFO [main] o.s.b.a.w.s.WelcomePageHandlerMapping [WelcomePageHandlerMapping.java:61] Adding welcome page template: index
2022-11-27 03:19:20,910 INFO [main] c.y.c.MailTest [StartupInfoLogger.java:59] Started MailTest in 2.091 seconds (JVM running for 2.644)
2022-11-27 03:19:22,439 INFO [Thread-3] o.s.s.c.ThreadPoolTaskExecutor [ExecutorConfigurationSupport.java:208] Shutting down ExecutorService 'applicationTaskExecutor'
2022-11-27 03:20:11,828 INFO [main] c.y.c.MailTest [StartupInfoLogger.java:50] Starting MailTest on YY with PID 9960 (started by YY in E:\JavaWeb\java\Example\牛客\community)
2022-11-27 03:20:11,830 INFO [main] c.y.c.MailTest [SpringApplication.java:675] No active profile set, falling back to default profiles: default
2022-11-27 03:20:13,436 INFO [main] o.s.s.c.ThreadPoolTaskExecutor [ExecutorConfigurationSupport.java:171] Initializing ExecutorService 'applicationTaskExecutor'
2022-11-27 03:20:13,679 INFO [main] o.s.b.a.w.s.WelcomePageHandlerMapping [WelcomePageHandlerMapping.java:61] Adding welcome page template: index
2022-11-27 03:20:13,868 INFO [main] c.y.c.MailTest [StartupInfoLogger.java:59] Started MailTest in 2.359 seconds (JVM running for 2.943)
2022-11-27 03:20:15,521 INFO [Thread-3] o.s.s.c.ThreadPoolTaskExecutor [ExecutorConfigurationSupport.java:208] Shutting down ExecutorService 'applicationTaskExecutor'
2022-11-27 03:20:55,519 INFO [main] c.y.c.MailTest [StartupInfoLogger.java:50] Starting MailTest on YY with PID 27456 (started by YY in E:\JavaWeb\java\Example\牛客\community)
2022-11-27 03:20:55,521 INFO [main] c.y.c.MailTest [SpringApplication.java:675] No active profile set, falling back to default profiles: default
2022-11-27 03:20:56,867 INFO [main] o.s.s.c.ThreadPoolTaskExecutor [ExecutorConfigurationSupport.java:171] Initializing ExecutorService 'applicationTaskExecutor'
2022-11-27 03:20:57,082 INFO [main] o.s.b.a.w.s.WelcomePageHandlerMapping [WelcomePageHandlerMapping.java:61] Adding welcome page template: index
2022-11-27 03:20:57,275 INFO [main] c.y.c.MailTest [StartupInfoLogger.java:59] Started MailTest in 2.05 seconds (JVM running for 2.609)
2022-11-27 03:20:58,863 INFO [Thread-3] o.s.s.c.ThreadPoolTaskExecutor [ExecutorConfigurationSupport.java:208] Shutting down ExecutorService 'applicationTaskExecutor'
2022-11-27 03:28:54,947 INFO [restartedMain] c.y.c.CommunityApplication [StartupInfoLogger.java:50] Starting CommunityApplication on YY with PID 12784 (started by YY in E:\JavaWeb\java\Example\牛客\community)
2022-11-27 03:28:54,948 INFO [restartedMain] c.y.c.CommunityApplication [SpringApplication.java:675] No active profile set, falling back to default profiles: default
2022-11-27 03:28:55,218 INFO [restartedMain] o.s.b.w.e.t.TomcatWebServer [TomcatWebServer.java:90] Tomcat initialized with port(s): 8181 (http)
2022-11-27 03:28:55,219 INFO [restartedMain] o.a.c.c.StandardService [DirectJDKLog.java:173] Starting service [Tomcat]
2022-11-27 03:28:55,219 INFO [restartedMain] o.a.c.c.StandardEngine [DirectJDKLog.java:173] Starting Servlet engine: [Apache Tomcat/9.0.17]
2022-11-27 03:28:55,236 INFO [restartedMain] o.a.c.c.C.[.[.[/] [DirectJDKLog.java:173] Initializing Spring embedded WebApplicationContext
2022-11-27 03:28:55,236 INFO [restartedMain] o.s.w.c.ContextLoader [ServletWebServerApplicationContext.java:296] Root WebApplicationContext: initialization completed in 287 ms
2022-11-27 03:28:55,293 INFO [restartedMain] o.a.c.c.StandardService [DirectJDKLog.java:173] Stopping service [Tomcat]
2022-11-27 03:28:55,297 INFO [restartedMain] o.s.b.a.l.ConditionEvaluationReportLoggingListener [ConditionEvaluationReportLoggingListener.java:142] 

Error starting ApplicationContext. To display the conditions report re-run your application with 'debug' enabled.
2022-11-27 03:28:56,265 INFO [main] c.y.c.MailTest [StartupInfoLogger.java:50] Starting MailTest on YY with PID 5648 (started by YY in E:\JavaWeb\java\Example\牛客\community)
2022-11-27 03:28:56,266 INFO [main] c.y.c.MailTest [SpringApplication.java:675] No active profile set, falling back to default profiles: default
2022-11-27 03:28:57,643 INFO [main] o.s.s.c.ThreadPoolTaskExecutor [ExecutorConfigurationSupport.java:171] Initializing ExecutorService 'applicationTaskExecutor'
2022-11-27 03:28:57,877 INFO [main] o.s.b.a.w.s.WelcomePageHandlerMapping [WelcomePageHandlerMapping.java:61] Adding welcome page template: index
2022-11-27 03:28:58,071 INFO [main] c.y.c.MailTest [StartupInfoLogger.java:59] Started MailTest in 2.116 seconds (JVM running for 2.675)
2022-11-27 03:28:59,580 INFO [Thread-3] o.s.s.c.ThreadPoolTaskExecutor [ExecutorConfigurationSupport.java:208] Shutting down ExecutorService 'applicationTaskExecutor'
2022-11-27 03:29:07,431 INFO [restartedMain] c.y.c.CommunityApplication [StartupInfoLogger.java:50] Starting CommunityApplication on YY with PID 228 (started by YY in E:\JavaWeb\java\Example\牛客\community)
2022-11-27 03:29:07,433 INFO [restartedMain] c.y.c.CommunityApplication [SpringApplication.java:675] No active profile set, falling back to default profiles: default
2022-11-27 03:29:07,496 INFO [restartedMain] o.s.b.d.e.DevToolsPropertyDefaultsPostProcessor [DeferredLog.java:227] Devtools property defaults active! Set 'spring.devtools.add-properties' to 'false' to disable
2022-11-27 03:29:07,497 INFO [restartedMain] o.s.b.d.e.DevToolsPropertyDefaultsPostProcessor [DeferredLog.java:227] For additional web related logging consider setting the 'logging.level.web' property to 'DEBUG'
2022-11-27 03:29:08,424 INFO [restartedMain] o.s.b.w.e.t.TomcatWebServer [TomcatWebServer.java:90] Tomcat initialized with port(s): 8181 (http)
2022-11-27 03:29:08,436 INFO [restartedMain] o.a.c.h.Http11NioProtocol [DirectJDKLog.java:173] Initializing ProtocolHandler ["http-nio-8181"]
2022-11-27 03:29:08,443 INFO [restartedMain] o.a.c.c.StandardService [DirectJDKLog.java:173] Starting service [Tomcat]
2022-11-27 03:29:08,444 INFO [restartedMain] o.a.c.c.StandardEngine [DirectJDKLog.java:173] Starting Servlet engine: [Apache Tomcat/9.0.17]
2022-11-27 03:29:08,566 INFO [restartedMain] o.a.c.c.C.[.[.[/] [DirectJDKLog.java:173] Initializing Spring embedded WebApplicationContext
2022-11-27 03:29:08,567 INFO [restartedMain] o.s.w.c.ContextLoader [ServletWebServerApplicationContext.java:296] Root WebApplicationContext: initialization completed in 1070 ms
2022-11-27 03:29:08,938 INFO [restartedMain] o.s.s.c.ThreadPoolTaskExecutor [ExecutorConfigurationSupport.java:171] Initializing ExecutorService 'applicationTaskExecutor'
2022-11-27 03:29:09,013 INFO [restartedMain] o.s.b.a.w.s.WelcomePageHandlerMapping [WelcomePageHandlerMapping.java:61] Adding welcome page template: index
2022-11-27 03:29:09,084 INFO [restartedMain] o.s.b.d.a.OptionalLiveReloadServer [OptionalLiveReloadServer.java:57] LiveReload server is running on port 35729
2022-11-27 03:29:09,101 INFO [restartedMain] o.a.c.h.Http11NioProtocol [DirectJDKLog.java:173] Starting ProtocolHandler ["http-nio-8181"]
2022-11-27 03:29:09,116 INFO [restartedMain] o.s.b.w.e.t.TomcatWebServer [TomcatWebServer.java:204] Tomcat started on port(s): 8181 (http) with context path ''
2022-11-27 03:29:09,118 INFO [restartedMain] c.y.c.CommunityApplication [StartupInfoLogger.java:59] Started CommunityApplication in 2.006 seconds (JVM running for 2.752)
2022-11-27 03:29:15,812 INFO [http-nio-8181-exec-1] o.a.c.c.C.[.[.[/] [DirectJDKLog.java:173] Initializing Spring DispatcherServlet 'dispatcherServlet'
2022-11-27 03:29:15,812 INFO [http-nio-8181-exec-1] o.s.w.s.DispatcherServlet [FrameworkServlet.java:524] Initializing Servlet 'dispatcherServlet'
2022-11-27 03:29:15,816 INFO [http-nio-8181-exec-1] o.s.w.s.DispatcherServlet [FrameworkServlet.java:546] Completed initialization in 4 ms
2022-11-27 03:29:15,859 INFO [http-nio-8181-exec-1] c.z.h.HikariDataSource [HikariDataSource.java:110] HikariPool-1 - Starting...
2022-11-27 03:29:15,946 INFO [http-nio-8181-exec-1] c.z.h.HikariDataSource [HikariDataSource.java:123] HikariPool-1 - Start completed.
2022-11-27 03:30:27,532 INFO [Thread-12] o.s.s.c.ThreadPoolTaskExecutor [ExecutorConfigurationSupport.java:208] Shutting down ExecutorService 'applicationTaskExecutor'
2022-11-27 03:30:27,532 INFO [Thread-12] c.z.h.HikariDataSource [HikariDataSource.java:350] HikariPool-1 - Shutdown initiated...
2022-11-27 03:30:27,537 INFO [Thread-12] c.z.h.HikariDataSource [HikariDataSource.java:352] HikariPool-1 - Shutdown completed.
2022-11-27 03:30:30,192 INFO [restartedMain] c.y.c.CommunityApplication [StartupInfoLogger.java:50] Starting CommunityApplication on YY with PID 24496 (started by YY in E:\JavaWeb\java\Example\牛客\community)
2022-11-27 03:30:30,194 INFO [restartedMain] c.y.c.CommunityApplication [SpringApplication.java:675] No active profile set, falling back to default profiles: default
2022-11-27 03:30:30,238 INFO [restartedMain] o.s.b.d.e.DevToolsPropertyDefaultsPostProcessor [DeferredLog.java:227] Devtools property defaults active! Set 'spring.devtools.add-properties' to 'false' to disable
2022-11-27 03:30:30,238 INFO [restartedMain] o.s.b.d.e.DevToolsPropertyDefaultsPostProcessor [DeferredLog.java:227] For additional web related logging consider setting the 'logging.level.web' property to 'DEBUG'
2022-11-27 03:30:30,901 INFO [restartedMain] o.s.b.w.e.t.TomcatWebServer [TomcatWebServer.java:90] Tomcat initialized with port(s): 8181 (http)
2022-11-27 03:30:30,909 INFO [restartedMain] o.a.c.h.Http11NioProtocol [DirectJDKLog.java:173] Initializing ProtocolHandler ["http-nio-8181"]
2022-11-27 03:30:30,914 INFO [restartedMain] o.a.c.c.StandardService [DirectJDKLog.java:173] Starting service [Tomcat]
2022-11-27 03:30:30,914 INFO [restartedMain] o.a.c.c.StandardEngine [DirectJDKLog.java:173] Starting Servlet engine: [Apache Tomcat/9.0.17]
2022-11-27 03:30:30,987 INFO [restartedMain] o.a.c.c.C.[.[.[/] [DirectJDKLog.java:173] Initializing Spring embedded WebApplicationContext
2022-11-27 03:30:30,989 INFO [restartedMain] o.s.w.c.ContextLoader [ServletWebServerApplicationContext.java:296] Root WebApplicationContext: initialization completed in 751 ms
2022-11-27 03:30:31,262 INFO [restartedMain] o.s.s.c.ThreadPoolTaskExecutor [ExecutorConfigurationSupport.java:171] Initializing ExecutorService 'applicationTaskExecutor'
2022-11-27 03:30:31,325 INFO [restartedMain] o.s.b.a.w.s.WelcomePageHandlerMapping [WelcomePageHandlerMapping.java:61] Adding welcome page template: index
2022-11-27 03:30:31,385 INFO [restartedMain] o.s.b.d.a.OptionalLiveReloadServer [OptionalLiveReloadServer.java:57] LiveReload server is running on port 35729
2022-11-27 03:30:31,400 INFO [restartedMain] o.a.c.h.Http11NioProtocol [DirectJDKLog.java:173] Starting ProtocolHandler ["http-nio-8181"]
2022-11-27 03:30:31,413 INFO [restartedMain] o.s.b.w.e.t.TomcatWebServer [TomcatWebServer.java:204] Tomcat started on port(s): 8181 (http) with context path ''
2022-11-27 03:30:31,415 INFO [restartedMain] c.y.c.CommunityApplication [StartupInfoLogger.java:59] Started CommunityApplication in 1.472 seconds (JVM running for 2.105)
2022-11-27 03:30:35,387 INFO [http-nio-8181-exec-1] o.a.c.c.C.[.[.[/] [DirectJDKLog.java:173] Initializing Spring DispatcherServlet 'dispatcherServlet'
2022-11-27 03:30:35,387 INFO [http-nio-8181-exec-1] o.s.w.s.DispatcherServlet [FrameworkServlet.java:524] Initializing Servlet 'dispatcherServlet'
2022-11-27 03:30:35,391 INFO [http-nio-8181-exec-1] o.s.w.s.DispatcherServlet [FrameworkServlet.java:546] Completed initialization in 3 ms
2022-11-27 03:30:35,426 INFO [http-nio-8181-exec-1] c.z.h.HikariDataSource [HikariDataSource.java:110] HikariPool-1 - Starting...
2022-11-27 03:30:35,491 INFO [http-nio-8181-exec-1] c.z.h.HikariDataSource [HikariDataSource.java:123] HikariPool-1 - Start completed.
2022-11-27 04:24:29,838 INFO [Thread-11] o.s.s.c.ThreadPoolTaskExecutor [ExecutorConfigurationSupport.java:208] Shutting down ExecutorService 'applicationTaskExecutor'
2022-11-27 04:24:29,839 INFO [Thread-11] c.z.h.HikariDataSource [HikariDataSource.java:350] HikariPool-1 - Shutdown initiated...
2022-11-27 04:24:29,841 INFO [Thread-11] c.z.h.HikariDataSource [HikariDataSource.java:352] HikariPool-1 - Shutdown completed.
2022-11-27 04:24:34,770 INFO [restartedMain] c.y.c.CommunityApplication [StartupInfoLogger.java:50] Starting CommunityApplication on YY with PID 26116 (started by YY in E:\JavaWeb\java\Example\牛客\community)
2022-11-27 04:24:34,772 INFO [restartedMain] c.y.c.CommunityApplication [SpringApplication.java:675] No active profile set, falling back to default profiles: default
2022-11-27 04:24:34,818 INFO [restartedMain] o.s.b.d.e.DevToolsPropertyDefaultsPostProcessor [DeferredLog.java:227] Devtools property defaults active! Set 'spring.devtools.add-properties' to 'false' to disable
2022-11-27 04:24:34,819 INFO [restartedMain] o.s.b.d.e.DevToolsPropertyDefaultsPostProcessor [DeferredLog.java:227] For additional web related logging consider setting the 'logging.level.web' property to 'DEBUG'
2022-11-27 04:24:35,488 INFO [restartedMain] o.s.b.w.e.t.TomcatWebServer [TomcatWebServer.java:90] Tomcat initialized with port(s): 8181 (http)
2022-11-27 04:24:35,497 INFO [restartedMain] o.a.c.h.Http11NioProtocol [DirectJDKLog.java:173] Initializing ProtocolHandler ["http-nio-8181"]
2022-11-27 04:24:35,502 INFO [restartedMain] o.a.c.c.StandardService [DirectJDKLog.java:173] Starting service [Tomcat]
2022-11-27 04:24:35,503 INFO [restartedMain] o.a.c.c.StandardEngine [DirectJDKLog.java:173] Starting Servlet engine: [Apache Tomcat/9.0.17]
2022-11-27 04:24:35,578 INFO [restartedMain] o.a.c.c.C.[.[.[/] [DirectJDKLog.java:173] Initializing Spring embedded WebApplicationContext
2022-11-27 04:24:35,578 INFO [restartedMain] o.s.w.c.ContextLoader [ServletWebServerApplicationContext.java:296] Root WebApplicationContext: initialization completed in 759 ms
2022-11-27 04:24:35,782 INFO [restartedMain] o.a.c.c.StandardService [DirectJDKLog.java:173] Stopping service [Tomcat]
2022-11-27 04:24:35,789 INFO [restartedMain] o.s.b.a.l.ConditionEvaluationReportLoggingListener [ConditionEvaluationReportLoggingListener.java:142] 

Error starting ApplicationContext. To display the conditions report re-run your application with 'debug' enabled.
2022-11-27 04:28:09,866 INFO [restartedMain] c.y.c.CommunityApplication [StartupInfoLogger.java:50] Starting CommunityApplication on YY with PID 25240 (started by YY in E:\JavaWeb\java\Example\牛客\community)
2022-11-27 04:28:09,868 INFO [restartedMain] c.y.c.CommunityApplication [SpringApplication.java:675] No active profile set, falling back to default profiles: default
2022-11-27 04:28:09,915 INFO [restartedMain] o.s.b.d.e.DevToolsPropertyDefaultsPostProcessor [DeferredLog.java:227] Devtools property defaults active! Set 'spring.devtools.add-properties' to 'false' to disable
2022-11-27 04:28:09,915 INFO [restartedMain] o.s.b.d.e.DevToolsPropertyDefaultsPostProcessor [DeferredLog.java:227] For additional web related logging consider setting the 'logging.level.web' property to 'DEBUG'
2022-11-27 04:28:10,624 INFO [restartedMain] o.s.b.w.e.t.TomcatWebServer [TomcatWebServer.java:90] Tomcat initialized with port(s): 8181 (http)
2022-11-27 04:28:10,632 INFO [restartedMain] o.a.c.h.Http11NioProtocol [DirectJDKLog.java:173] Initializing ProtocolHandler ["http-nio-8181"]
2022-11-27 04:28:10,637 INFO [restartedMain] o.a.c.c.StandardService [DirectJDKLog.java:173] Starting service [Tomcat]
2022-11-27 04:28:10,637 INFO [restartedMain] o.a.c.c.StandardEngine [DirectJDKLog.java:173] Starting Servlet engine: [Apache Tomcat/9.0.17]
2022-11-27 04:28:10,712 INFO [restartedMain] o.a.c.c.C.[.[.[/] [DirectJDKLog.java:173] Initializing Spring embedded WebApplicationContext
2022-11-27 04:28:10,712 INFO [restartedMain] o.s.w.c.ContextLoader [ServletWebServerApplicationContext.java:296] Root WebApplicationContext: initialization completed in 797 ms
2022-11-27 04:28:10,923 INFO [restartedMain] o.a.c.c.StandardService [DirectJDKLog.java:173] Stopping service [Tomcat]
2022-11-27 04:28:10,930 INFO [restartedMain] o.s.b.a.l.ConditionEvaluationReportLoggingListener [ConditionEvaluationReportLoggingListener.java:142] 

Error starting ApplicationContext. To display the conditions report re-run your application with 'debug' enabled.
2022-11-27 04:30:07,647 INFO [restartedMain] c.y.c.CommunityApplication [StartupInfoLogger.java:50] Starting CommunityApplication on YY with PID 18412 (started by YY in E:\JavaWeb\java\Example\牛客\community)
2022-11-27 04:30:07,650 INFO [restartedMain] c.y.c.CommunityApplication [SpringApplication.java:675] No active profile set, falling back to default profiles: default
2022-11-27 04:30:07,697 INFO [restartedMain] o.s.b.d.e.DevToolsPropertyDefaultsPostProcessor [DeferredLog.java:227] Devtools property defaults active! Set 'spring.devtools.add-properties' to 'false' to disable
2022-11-27 04:30:07,697 INFO [restartedMain] o.s.b.d.e.DevToolsPropertyDefaultsPostProcessor [DeferredLog.java:227] For additional web related logging consider setting the 'logging.level.web' property to 'DEBUG'
2022-11-27 04:30:08,376 INFO [restartedMain] o.s.b.w.e.t.TomcatWebServer [TomcatWebServer.java:90] Tomcat initialized with port(s): 8181 (http)
2022-11-27 04:30:08,385 INFO [restartedMain] o.a.c.h.Http11NioProtocol [DirectJDKLog.java:173] Initializing ProtocolHandler ["http-nio-8181"]
2022-11-27 04:30:08,389 INFO [restartedMain] o.a.c.c.StandardService [DirectJDKLog.java:173] Starting service [Tomcat]
2022-11-27 04:30:08,390 INFO [restartedMain] o.a.c.c.StandardEngine [DirectJDKLog.java:173] Starting Servlet engine: [Apache Tomcat/9.0.17]
2022-11-27 04:30:08,465 INFO [restartedMain] o.a.c.c.C.[.[.[/] [DirectJDKLog.java:173] Initializing Spring embedded WebApplicationContext
2022-11-27 04:30:08,465 INFO [restartedMain] o.s.w.c.ContextLoader [ServletWebServerApplicationContext.java:296] Root WebApplicationContext: initialization completed in 768 ms
2022-11-27 04:30:08,756 INFO [restartedMain] o.s.s.c.ThreadPoolTaskExecutor [ExecutorConfigurationSupport.java:171] Initializing ExecutorService 'applicationTaskExecutor'
2022-11-27 04:30:08,806 INFO [restartedMain] o.s.b.a.w.s.WelcomePageHandlerMapping [WelcomePageHandlerMapping.java:61] Adding welcome page template: index
2022-11-27 04:30:08,867 INFO [restartedMain] o.s.b.d.a.OptionalLiveReloadServer [OptionalLiveReloadServer.java:57] LiveReload server is running on port 35729
2022-11-27 04:30:08,883 INFO [restartedMain] o.a.c.h.Http11NioProtocol [DirectJDKLog.java:173] Starting ProtocolHandler ["http-nio-8181"]
2022-11-27 04:30:08,896 INFO [restartedMain] o.s.b.w.e.t.TomcatWebServer [TomcatWebServer.java:204] Tomcat started on port(s): 8181 (http) with context path ''
2022-11-27 04:30:08,898 INFO [restartedMain] c.y.c.CommunityApplication [StartupInfoLogger.java:59] Started CommunityApplication in 1.513 seconds (JVM running for 2.146)
2022-11-27 04:30:18,568 INFO [http-nio-8181-exec-1] o.a.c.c.C.[.[.[/] [DirectJDKLog.java:173] Initializing Spring DispatcherServlet 'dispatcherServlet'
2022-11-27 04:30:18,568 INFO [http-nio-8181-exec-1] o.s.w.s.DispatcherServlet [FrameworkServlet.java:524] Initializing Servlet 'dispatcherServlet'
2022-11-27 04:30:18,571 INFO [http-nio-8181-exec-1] o.s.w.s.DispatcherServlet [FrameworkServlet.java:546] Completed initialization in 3 ms
2022-11-27 04:30:18,604 INFO [http-nio-8181-exec-1] c.z.h.HikariDataSource [HikariDataSource.java:110] HikariPool-1 - Starting...
2022-11-27 04:30:18,667 INFO [http-nio-8181-exec-1] c.z.h.HikariDataSource [HikariDataSource.java:123] HikariPool-1 - Start completed.
2022-11-27 04:48:20,651 INFO [Thread-11] o.s.s.c.ThreadPoolTaskExecutor [ExecutorConfigurationSupport.java:208] Shutting down ExecutorService 'applicationTaskExecutor'
2022-11-27 04:48:20,651 INFO [Thread-11] c.z.h.HikariDataSource [HikariDataSource.java:350] HikariPool-1 - Shutdown initiated...
2022-11-27 04:48:20,654 INFO [Thread-11] c.z.h.HikariDataSource [HikariDataSource.java:352] HikariPool-1 - Shutdown completed.
2022-11-27 04:48:23,852 INFO [restartedMain] c.y.c.CommunityApplication [StartupInfoLogger.java:50] Starting CommunityApplication on YY with PID 16996 (started by YY in E:\JavaWeb\java\Example\牛客\community)
2022-11-27 04:48:23,854 INFO [restartedMain] c.y.c.CommunityApplication [SpringApplication.java:675] No active profile set, falling back to default profiles: default
2022-11-27 04:48:23,900 INFO [restartedMain] o.s.b.d.e.DevToolsPropertyDefaultsPostProcessor [DeferredLog.java:227] Devtools property defaults active! Set 'spring.devtools.add-properties' to 'false' to disable
2022-11-27 04:48:23,900 INFO [restartedMain] o.s.b.d.e.DevToolsPropertyDefaultsPostProcessor [DeferredLog.java:227] For additional web related logging consider setting the 'logging.level.web' property to 'DEBUG'
2022-11-27 04:48:24,583 INFO [restartedMain] o.s.b.w.e.t.TomcatWebServer [TomcatWebServer.java:90] Tomcat initialized with port(s): 8181 (http)
2022-11-27 04:48:24,591 INFO [restartedMain] o.a.c.h.Http11NioProtocol [DirectJDKLog.java:173] Initializing ProtocolHandler ["http-nio-8181"]
2022-11-27 04:48:24,595 INFO [restartedMain] o.a.c.c.StandardService [DirectJDKLog.java:173] Starting service [Tomcat]
2022-11-27 04:48:24,596 INFO [restartedMain] o.a.c.c.StandardEngine [DirectJDKLog.java:173] Starting Servlet engine: [Apache Tomcat/9.0.17]
2022-11-27 04:48:24,668 INFO [restartedMain] o.a.c.c.C.[.[.[/] [DirectJDKLog.java:173] Initializing Spring embedded WebApplicationContext
2022-11-27 04:48:24,669 INFO [restartedMain] o.s.w.c.ContextLoader [ServletWebServerApplicationContext.java:296] Root WebApplicationContext: initialization completed in 769 ms
2022-11-27 04:48:24,955 INFO [restartedMain] o.s.s.c.ThreadPoolTaskExecutor [ExecutorConfigurationSupport.java:171] Initializing ExecutorService 'applicationTaskExecutor'
2022-11-27 04:48:25,004 INFO [restartedMain] o.s.b.a.w.s.WelcomePageHandlerMapping [WelcomePageHandlerMapping.java:61] Adding welcome page template: index
2022-11-27 04:48:25,063 INFO [restartedMain] o.s.b.d.a.OptionalLiveReloadServer [OptionalLiveReloadServer.java:57] LiveReload server is running on port 35729
2022-11-27 04:48:25,078 INFO [restartedMain] o.a.c.h.Http11NioProtocol [DirectJDKLog.java:173] Starting ProtocolHandler ["http-nio-8181"]
2022-11-27 04:48:25,091 INFO [restartedMain] o.s.b.w.e.t.TomcatWebServer [TomcatWebServer.java:204] Tomcat started on port(s): 8181 (http) with context path ''
2022-11-27 04:48:25,093 INFO [restartedMain] c.y.c.CommunityApplication [StartupInfoLogger.java:59] Started CommunityApplication in 1.491 seconds (JVM running for 2.126)
2022-11-27 04:48:31,496 INFO [http-nio-8181-exec-1] o.a.c.c.C.[.[.[/] [DirectJDKLog.java:173] Initializing Spring DispatcherServlet 'dispatcherServlet'
2022-11-27 04:48:31,496 INFO [http-nio-8181-exec-1] o.s.w.s.DispatcherServlet [FrameworkServlet.java:524] Initializing Servlet 'dispatcherServlet'
2022-11-27 04:48:31,501 INFO [http-nio-8181-exec-1] o.s.w.s.DispatcherServlet [FrameworkServlet.java:546] Completed initialization in 5 ms
2022-11-27 04:50:34,357 INFO [http-nio-8181-exec-7] c.z.h.HikariDataSource [HikariDataSource.java:110] HikariPool-1 - Starting...
2022-11-27 04:50:34,438 INFO [http-nio-8181-exec-7] c.z.h.HikariDataSource [HikariDataSource.java:123] HikariPool-1 - Start completed.
2022-11-27 04:56:45,611 INFO [http-nio-8181-exec-3] o.a.c.h.Http11Processor [DirectJDKLog.java:175] Error parsing HTTP request header
 Note: further occurrences of HTTP request parsing errors will be logged at DEBUG level.
java.lang.IllegalArgumentException: Invalid character found in method name. HTTP method names must be tokens
	at org.apache.coyote.http11.Http11InputBuffer.parseRequestLine(Http11InputBuffer.java:414)
	at org.apache.coyote.http11.Http11Processor.service(Http11Processor.java:294)
	at org.apache.coyote.AbstractProcessorLight.process(AbstractProcessorLight.java:66)
	at org.apache.coyote.AbstractProtocol$ConnectionHandler.process(AbstractProtocol.java:834)
	at org.apache.tomcat.util.net.NioEndpoint$SocketProcessor.doRun(NioEndpoint.java:1415)
	at org.apache.tomcat.util.net.SocketProcessorBase.run(SocketProcessorBase.java:49)
	at java.util.concurrent.ThreadPoolExecutor.runWorker(ThreadPoolExecutor.java:1149)
	at java.util.concurrent.ThreadPoolExecutor$Worker.run(ThreadPoolExecutor.java:624)
	at org.apache.tomcat.util.threads.TaskThread$WrappingRunnable.run(TaskThread.java:61)
	at java.lang.Thread.run(Thread.java:750)
2022-11-27 05:02:45,716 INFO [http-nio-8181-exec-2] o.a.c.h.Http11Processor [DirectJDKLog.java:175] Error parsing HTTP request header
 Note: further occurrences of HTTP request parsing errors will be logged at DEBUG level.
java.lang.IllegalArgumentException: Invalid character found in method name. HTTP method names must be tokens
	at org.apache.coyote.http11.Http11InputBuffer.parseRequestLine(Http11InputBuffer.java:414)
	at org.apache.coyote.http11.Http11Processor.service(Http11Processor.java:294)
	at org.apache.coyote.AbstractProcessorLight.process(AbstractProcessorLight.java:66)
	at org.apache.coyote.AbstractProtocol$ConnectionHandler.process(AbstractProtocol.java:834)
	at org.apache.tomcat.util.net.NioEndpoint$SocketProcessor.doRun(NioEndpoint.java:1415)
	at org.apache.tomcat.util.net.SocketProcessorBase.run(SocketProcessorBase.java:49)
	at java.util.concurrent.ThreadPoolExecutor.runWorker(ThreadPoolExecutor.java:1149)
	at java.util.concurrent.ThreadPoolExecutor$Worker.run(ThreadPoolExecutor.java:624)
	at org.apache.tomcat.util.threads.TaskThread$WrappingRunnable.run(TaskThread.java:61)
	at java.lang.Thread.run(Thread.java:750)
