2022-12-01 20:13:30,000 INFO [main] c.y.c.SensitiveTest [StartupInfoLogger.java:50] Starting SensitiveTest on YY with PID 6552 (started by YY in E:\JavaWeb\java\Example\牛客\community)
2022-12-01 20:13:30,007 INFO [main] c.y.c.SensitiveTest [SpringApplication.java:675] No active profile set, falling back to default profiles: default
2022-12-01 20:13:31,407 INFO [main] o.s.b.a.l.ConditionEvaluationReportLoggingListener [ConditionEvaluationReportLoggingListener.java:142] 

Error starting ApplicationContext. To display the conditions report re-run your application with 'debug' enabled.
2022-12-01 20:14:37,443 INFO [main] c.y.c.SensitiveTest [StartupInfoLogger.java:50] Starting SensitiveTest on YY with PID 3716 (started by YY in E:\JavaWeb\java\Example\牛客\community)
2022-12-01 20:14:37,445 INFO [main] c.y.c.SensitiveTest [SpringApplication.java:675] No active profile set, falling back to default profiles: default
2022-12-01 20:14:38,548 INFO [main] o.s.b.a.l.ConditionEvaluationReportLoggingListener [ConditionEvaluationReportLoggingListener.java:142] 

Error starting ApplicationContext. To display the conditions report re-run your application with 'debug' enabled.
2022-12-01 20:15:12,498 INFO [main] c.y.c.SensitiveTest [StartupInfoLogger.java:50] Starting SensitiveTest on YY with PID 12760 (started by YY in E:\JavaWeb\java\Example\牛客\community)
2022-12-01 20:15:12,499 INFO [main] c.y.c.SensitiveTest [SpringApplication.java:675] No active profile set, falling back to default profiles: default
2022-12-01 20:15:13,591 INFO [main] o.s.b.a.l.ConditionEvaluationReportLoggingListener [ConditionEvaluationReportLoggingListener.java:142] 

Error starting ApplicationContext. To display the conditions report re-run your application with 'debug' enabled.
2022-12-01 20:16:26,930 INFO [main] c.y.c.SensitiveTest [StartupInfoLogger.java:50] Starting SensitiveTest on YY with PID 10120 (started by YY in E:\JavaWeb\java\Example\牛客\community)
2022-12-01 20:16:26,932 INFO [main] c.y.c.SensitiveTest [SpringApplication.java:675] No active profile set, falling back to default profiles: default
2022-12-01 20:16:27,996 INFO [main] o.s.b.a.l.ConditionEvaluationReportLoggingListener [ConditionEvaluationReportLoggingListener.java:142] 

Error starting ApplicationContext. To display the conditions report re-run your application with 'debug' enabled.
2022-12-01 20:17:15,578 INFO [main] c.y.c.SensitiveTest [StartupInfoLogger.java:50] Starting SensitiveTest on YY with PID 228 (started by YY in E:\JavaWeb\java\Example\牛客\community)
2022-12-01 20:17:15,579 INFO [main] c.y.c.SensitiveTest [SpringApplication.java:675] No active profile set, falling back to default profiles: default
2022-12-01 20:17:17,015 INFO [main] o.s.s.c.ThreadPoolTaskExecutor [ExecutorConfigurationSupport.java:171] Initializing ExecutorService 'applicationTaskExecutor'
2022-12-01 20:17:17,174 INFO [main] o.s.b.a.w.s.WelcomePageHandlerMapping [WelcomePageHandlerMapping.java:61] Adding welcome page template: index
2022-12-01 20:17:17,717 INFO [main] c.y.c.SensitiveTest [StartupInfoLogger.java:59] Started SensitiveTest in 2.428 seconds (JVM running for 2.98)
2022-12-01 20:17:17,924 INFO [Thread-3] o.s.s.c.ThreadPoolTaskExecutor [ExecutorConfigurationSupport.java:208] Shutting down ExecutorService 'applicationTaskExecutor'
2022-12-01 20:18:09,158 INFO [main] c.y.c.SensitiveTest [StartupInfoLogger.java:50] Starting SensitiveTest on YY with PID 8720 (started by YY in E:\JavaWeb\java\Example\牛客\community)
2022-12-01 20:18:09,160 INFO [main] c.y.c.SensitiveTest [SpringApplication.java:675] No active profile set, falling back to default profiles: default
2022-12-01 20:18:10,673 INFO [main] o.s.s.c.ThreadPoolTaskExecutor [ExecutorConfigurationSupport.java:171] Initializing ExecutorService 'applicationTaskExecutor'
2022-12-01 20:18:10,838 INFO [main] o.s.b.a.w.s.WelcomePageHandlerMapping [WelcomePageHandlerMapping.java:61] Adding welcome page template: index
2022-12-01 20:18:11,041 INFO [main] c.y.c.SensitiveTest [StartupInfoLogger.java:59] Started SensitiveTest in 2.174 seconds (JVM running for 2.729)
2022-12-01 20:18:11,195 INFO [Thread-3] o.s.s.c.ThreadPoolTaskExecutor [ExecutorConfigurationSupport.java:208] Shutting down ExecutorService 'applicationTaskExecutor'
2022-12-01 20:18:40,138 INFO [main] c.y.c.SensitiveTest [StartupInfoLogger.java:50] Starting SensitiveTest on YY with PID 4580 (started by YY in E:\JavaWeb\java\Example\牛客\community)
2022-12-01 20:18:40,140 INFO [main] c.y.c.SensitiveTest [SpringApplication.java:675] No active profile set, falling back to default profiles: default
2022-12-01 20:18:41,559 INFO [main] o.s.s.c.ThreadPoolTaskExecutor [ExecutorConfigurationSupport.java:171] Initializing ExecutorService 'applicationTaskExecutor'
2022-12-01 20:18:41,718 INFO [main] o.s.b.a.w.s.WelcomePageHandlerMapping [WelcomePageHandlerMapping.java:61] Adding welcome page template: index
2022-12-01 20:18:41,918 INFO [main] c.y.c.SensitiveTest [StartupInfoLogger.java:59] Started SensitiveTest in 2.074 seconds (JVM running for 2.621)
2022-12-01 20:18:42,079 INFO [Thread-3] o.s.s.c.ThreadPoolTaskExecutor [ExecutorConfigurationSupport.java:208] Shutting down ExecutorService 'applicationTaskExecutor'
2022-12-01 20:19:04,013 INFO [main] c.y.c.SensitiveTest [StartupInfoLogger.java:50] Starting SensitiveTest on YY with PID 4704 (started by YY in E:\JavaWeb\java\Example\牛客\community)
2022-12-01 20:19:04,014 INFO [main] c.y.c.SensitiveTest [SpringApplication.java:675] No active profile set, falling back to default profiles: default
2022-12-01 20:19:05,439 INFO [main] o.s.s.c.ThreadPoolTaskExecutor [ExecutorConfigurationSupport.java:171] Initializing ExecutorService 'applicationTaskExecutor'
2022-12-01 20:19:05,589 INFO [main] o.s.b.a.w.s.WelcomePageHandlerMapping [WelcomePageHandlerMapping.java:61] Adding welcome page template: index
2022-12-01 20:19:05,796 INFO [main] c.y.c.SensitiveTest [StartupInfoLogger.java:59] Started SensitiveTest in 2.069 seconds (JVM running for 2.611)
2022-12-01 20:19:05,937 INFO [Thread-3] o.s.s.c.ThreadPoolTaskExecutor [ExecutorConfigurationSupport.java:208] Shutting down ExecutorService 'applicationTaskExecutor'
2022-12-01 20:23:23,142 INFO [main] c.y.c.SensitiveTest [StartupInfoLogger.java:50] Starting SensitiveTest on YY with PID 4676 (started by YY in E:\JavaWeb\java\Example\牛客\community)
2022-12-01 20:23:23,143 INFO [main] c.y.c.SensitiveTest [SpringApplication.java:675] No active profile set, falling back to default profiles: default
2022-12-01 20:23:24,564 INFO [main] o.s.s.c.ThreadPoolTaskExecutor [ExecutorConfigurationSupport.java:171] Initializing ExecutorService 'applicationTaskExecutor'
2022-12-01 20:23:24,706 INFO [main] o.s.b.a.w.s.WelcomePageHandlerMapping [WelcomePageHandlerMapping.java:61] Adding welcome page template: index
2022-12-01 20:23:24,913 INFO [main] c.y.c.SensitiveTest [StartupInfoLogger.java:59] Started SensitiveTest in 2.065 seconds (JVM running for 2.624)
2022-12-01 20:23:25,087 INFO [Thread-3] o.s.s.c.ThreadPoolTaskExecutor [ExecutorConfigurationSupport.java:208] Shutting down ExecutorService 'applicationTaskExecutor'
2022-12-01 20:24:20,180 INFO [main] c.y.c.SensitiveTest [StartupInfoLogger.java:50] Starting SensitiveTest on YY with PID 3520 (started by YY in E:\JavaWeb\java\Example\牛客\community)
2022-12-01 20:24:20,181 INFO [main] c.y.c.SensitiveTest [SpringApplication.java:675] No active profile set, falling back to default profiles: default
2022-12-01 20:24:21,616 INFO [main] o.s.s.c.ThreadPoolTaskExecutor [ExecutorConfigurationSupport.java:171] Initializing ExecutorService 'applicationTaskExecutor'
2022-12-01 20:24:21,782 INFO [main] o.s.b.a.w.s.WelcomePageHandlerMapping [WelcomePageHandlerMapping.java:61] Adding welcome page template: index
2022-12-01 20:24:21,994 INFO [main] c.y.c.SensitiveTest [StartupInfoLogger.java:59] Started SensitiveTest in 2.11 seconds (JVM running for 2.679)
2022-12-01 20:24:22,131 INFO [Thread-3] o.s.s.c.ThreadPoolTaskExecutor [ExecutorConfigurationSupport.java:208] Shutting down ExecutorService 'applicationTaskExecutor'
2022-12-01 20:30:16,450 INFO [restartedMain] c.y.c.CommunityApplication [StartupInfoLogger.java:50] Starting CommunityApplication on YY with PID 19260 (started by YY in E:\JavaWeb\java\Example\牛客\community)
2022-12-01 20:30:16,453 INFO [restartedMain] c.y.c.CommunityApplication [SpringApplication.java:675] No active profile set, falling back to default profiles: default
2022-12-01 20:30:16,499 INFO [restartedMain] o.s.b.d.e.DevToolsPropertyDefaultsPostProcessor [DeferredLog.java:227] Devtools property defaults active! Set 'spring.devtools.add-properties' to 'false' to disable
2022-12-01 20:30:16,499 INFO [restartedMain] o.s.b.d.e.DevToolsPropertyDefaultsPostProcessor [DeferredLog.java:227] For additional web related logging consider setting the 'logging.level.web' property to 'DEBUG'
2022-12-01 20:30:17,223 INFO [restartedMain] o.s.b.w.e.t.TomcatWebServer [TomcatWebServer.java:90] Tomcat initialized with port(s): 8181 (http)
2022-12-01 20:30:17,232 INFO [restartedMain] o.a.c.h.Http11NioProtocol [DirectJDKLog.java:173] Initializing ProtocolHandler ["http-nio-8181"]
2022-12-01 20:30:17,238 INFO [restartedMain] o.a.c.c.StandardService [DirectJDKLog.java:173] Starting service [Tomcat]
2022-12-01 20:30:17,238 INFO [restartedMain] o.a.c.c.StandardEngine [DirectJDKLog.java:173] Starting Servlet engine: [Apache Tomcat/9.0.17]
2022-12-01 20:30:17,307 INFO [restartedMain] o.a.c.c.C.[.[.[/community] [DirectJDKLog.java:173] Initializing Spring embedded WebApplicationContext
2022-12-01 20:30:17,307 INFO [restartedMain] o.s.w.c.ContextLoader [ServletWebServerApplicationContext.java:296] Root WebApplicationContext: initialization completed in 808 ms
2022-12-01 20:30:17,598 INFO [restartedMain] o.s.s.c.ThreadPoolTaskExecutor [ExecutorConfigurationSupport.java:171] Initializing ExecutorService 'applicationTaskExecutor'
2022-12-01 20:30:17,649 INFO [restartedMain] o.s.b.a.w.s.WelcomePageHandlerMapping [WelcomePageHandlerMapping.java:61] Adding welcome page template: index
2022-12-01 20:30:17,709 INFO [restartedMain] o.s.b.d.a.OptionalLiveReloadServer [OptionalLiveReloadServer.java:57] LiveReload server is running on port 35729
2022-12-01 20:30:17,724 INFO [restartedMain] o.a.c.h.Http11NioProtocol [DirectJDKLog.java:173] Starting ProtocolHandler ["http-nio-8181"]
2022-12-01 20:30:17,737 INFO [restartedMain] o.s.b.w.e.t.TomcatWebServer [TomcatWebServer.java:204] Tomcat started on port(s): 8181 (http) with context path '/community'
2022-12-01 20:30:17,739 INFO [restartedMain] c.y.c.CommunityApplication [StartupInfoLogger.java:59] Started CommunityApplication in 1.541 seconds (JVM running for 2.159)
2022-12-01 20:30:26,753 INFO [main] c.y.c.SensitiveTest [StartupInfoLogger.java:50] Starting SensitiveTest on YY with PID 952 (started by YY in E:\JavaWeb\java\Example\牛客\community)
2022-12-01 20:30:26,754 INFO [main] c.y.c.SensitiveTest [SpringApplication.java:675] No active profile set, falling back to default profiles: default
2022-12-01 20:30:28,234 INFO [main] o.s.s.c.ThreadPoolTaskExecutor [ExecutorConfigurationSupport.java:171] Initializing ExecutorService 'applicationTaskExecutor'
2022-12-01 20:30:28,388 INFO [main] o.s.b.a.w.s.WelcomePageHandlerMapping [WelcomePageHandlerMapping.java:61] Adding welcome page template: index
2022-12-01 20:30:28,584 INFO [main] c.y.c.SensitiveTest [StartupInfoLogger.java:59] Started SensitiveTest in 2.136 seconds (JVM running for 2.829)
2022-12-01 20:30:28,731 INFO [Thread-3] o.s.s.c.ThreadPoolTaskExecutor [ExecutorConfigurationSupport.java:208] Shutting down ExecutorService 'applicationTaskExecutor'
2022-12-01 20:30:59,556 INFO [Thread-8] o.s.s.c.ThreadPoolTaskExecutor [ExecutorConfigurationSupport.java:208] Shutting down ExecutorService 'applicationTaskExecutor'
2022-12-01 20:30:59,893 INFO [main] c.y.c.SensitiveTest [StartupInfoLogger.java:50] Starting SensitiveTest on YY with PID 14068 (started by YY in E:\JavaWeb\java\Example\牛客\community)
2022-12-01 20:30:59,894 INFO [main] c.y.c.SensitiveTest [SpringApplication.java:675] No active profile set, falling back to default profiles: default
2022-12-01 20:30:59,978 INFO [restartedMain] c.y.c.CommunityApplication [StartupInfoLogger.java:50] Starting CommunityApplication on YY with PID 19260 (started by YY in E:\JavaWeb\java\Example\牛客\community)
2022-12-01 20:30:59,978 INFO [restartedMain] c.y.c.CommunityApplication [SpringApplication.java:675] No active profile set, falling back to default profiles: default
2022-12-01 20:31:00,313 INFO [restartedMain] o.s.b.w.e.t.TomcatWebServer [TomcatWebServer.java:90] Tomcat initialized with port(s): 8181 (http)
2022-12-01 20:31:00,314 INFO [restartedMain] o.a.c.h.Http11NioProtocol [DirectJDKLog.java:173] Initializing ProtocolHandler ["http-nio-8181"]
2022-12-01 20:31:00,314 INFO [restartedMain] o.a.c.c.StandardService [DirectJDKLog.java:173] Starting service [Tomcat]
2022-12-01 20:31:00,314 INFO [restartedMain] o.a.c.c.StandardEngine [DirectJDKLog.java:173] Starting Servlet engine: [Apache Tomcat/9.0.17]
2022-12-01 20:31:00,331 INFO [restartedMain] o.a.c.c.C.[.[.[/community] [DirectJDKLog.java:173] Initializing Spring embedded WebApplicationContext
2022-12-01 20:31:00,331 INFO [restartedMain] o.s.w.c.ContextLoader [ServletWebServerApplicationContext.java:296] Root WebApplicationContext: initialization completed in 351 ms
2022-12-01 20:31:00,424 INFO [restartedMain] o.s.s.c.ThreadPoolTaskExecutor [ExecutorConfigurationSupport.java:171] Initializing ExecutorService 'applicationTaskExecutor'
2022-12-01 20:31:00,441 INFO [restartedMain] o.s.b.a.w.s.WelcomePageHandlerMapping [WelcomePageHandlerMapping.java:61] Adding welcome page template: index
2022-12-01 20:31:00,470 INFO [restartedMain] o.s.b.d.a.OptionalLiveReloadServer [OptionalLiveReloadServer.java:57] LiveReload server is running on port 35729
2022-12-01 20:31:00,482 INFO [restartedMain] o.a.c.h.Http11NioProtocol [DirectJDKLog.java:173] Starting ProtocolHandler ["http-nio-8181"]
2022-12-01 20:31:00,486 INFO [restartedMain] o.s.b.w.e.t.TomcatWebServer [TomcatWebServer.java:204] Tomcat started on port(s): 8181 (http) with context path '/community'
2022-12-01 20:31:00,486 INFO [restartedMain] c.y.c.CommunityApplication [StartupInfoLogger.java:59] Started CommunityApplication in 0.535 seconds (JVM running for 44.906)
2022-12-01 20:31:00,488 INFO [restartedMain] o.s.b.d.a.ConditionEvaluationDeltaLoggingListener [ConditionEvaluationDeltaLoggingListener.java:70] Condition evaluation unchanged
2022-12-01 20:31:01,475 INFO [main] o.s.s.c.ThreadPoolTaskExecutor [ExecutorConfigurationSupport.java:171] Initializing ExecutorService 'applicationTaskExecutor'
2022-12-01 20:31:01,619 INFO [main] o.s.b.a.w.s.WelcomePageHandlerMapping [WelcomePageHandlerMapping.java:61] Adding welcome page template: index
2022-12-01 20:31:01,825 INFO [main] c.y.c.SensitiveTest [StartupInfoLogger.java:59] Started SensitiveTest in 2.258 seconds (JVM running for 2.821)
2022-12-01 20:31:01,995 INFO [Thread-3] o.s.s.c.ThreadPoolTaskExecutor [ExecutorConfigurationSupport.java:208] Shutting down ExecutorService 'applicationTaskExecutor'
2022-12-01 20:31:42,864 INFO [Thread-16] o.s.s.c.ThreadPoolTaskExecutor [ExecutorConfigurationSupport.java:208] Shutting down ExecutorService 'applicationTaskExecutor'
2022-12-01 20:31:43,201 INFO [restartedMain] c.y.c.CommunityApplication [StartupInfoLogger.java:50] Starting CommunityApplication on YY with PID 19260 (started by YY in E:\JavaWeb\java\Example\牛客\community)
2022-12-01 20:31:43,201 INFO [restartedMain] c.y.c.CommunityApplication [SpringApplication.java:675] No active profile set, falling back to default profiles: default
2022-12-01 20:31:43,469 INFO [restartedMain] o.s.b.w.e.t.TomcatWebServer [TomcatWebServer.java:90] Tomcat initialized with port(s): 8181 (http)
2022-12-01 20:31:43,471 INFO [restartedMain] o.a.c.h.Http11NioProtocol [DirectJDKLog.java:173] Initializing ProtocolHandler ["http-nio-8181"]
2022-12-01 20:31:43,471 INFO [restartedMain] o.a.c.c.StandardService [DirectJDKLog.java:173] Starting service [Tomcat]
2022-12-01 20:31:43,471 INFO [restartedMain] o.a.c.c.StandardEngine [DirectJDKLog.java:173] Starting Servlet engine: [Apache Tomcat/9.0.17]
2022-12-01 20:31:43,486 INFO [restartedMain] o.a.c.c.C.[.[.[/community] [DirectJDKLog.java:173] Initializing Spring embedded WebApplicationContext
2022-12-01 20:31:43,487 INFO [restartedMain] o.s.w.c.ContextLoader [ServletWebServerApplicationContext.java:296] Root WebApplicationContext: initialization completed in 285 ms
2022-12-01 20:31:43,609 INFO [restartedMain] o.s.s.c.ThreadPoolTaskExecutor [ExecutorConfigurationSupport.java:171] Initializing ExecutorService 'applicationTaskExecutor'
2022-12-01 20:31:43,619 INFO [main] c.y.c.SensitiveTest [StartupInfoLogger.java:50] Starting SensitiveTest on YY with PID 8560 (started by YY in E:\JavaWeb\java\Example\牛客\community)
2022-12-01 20:31:43,620 INFO [main] c.y.c.SensitiveTest [SpringApplication.java:675] No active profile set, falling back to default profiles: default
2022-12-01 20:31:43,633 INFO [restartedMain] o.s.b.a.w.s.WelcomePageHandlerMapping [WelcomePageHandlerMapping.java:61] Adding welcome page template: index
2022-12-01 20:31:43,664 INFO [restartedMain] o.s.b.d.a.OptionalLiveReloadServer [OptionalLiveReloadServer.java:57] LiveReload server is running on port 35729
2022-12-01 20:31:43,677 INFO [restartedMain] o.a.c.h.Http11NioProtocol [DirectJDKLog.java:173] Starting ProtocolHandler ["http-nio-8181"]
2022-12-01 20:31:43,680 INFO [restartedMain] o.s.b.w.e.t.TomcatWebServer [TomcatWebServer.java:204] Tomcat started on port(s): 8181 (http) with context path '/community'
2022-12-01 20:31:43,681 INFO [restartedMain] c.y.c.CommunityApplication [StartupInfoLogger.java:59] Started CommunityApplication in 0.504 seconds (JVM running for 88.1)
2022-12-01 20:31:43,682 INFO [restartedMain] o.s.b.d.a.ConditionEvaluationDeltaLoggingListener [ConditionEvaluationDeltaLoggingListener.java:70] Condition evaluation unchanged
2022-12-01 20:31:45,051 INFO [main] o.s.s.c.ThreadPoolTaskExecutor [ExecutorConfigurationSupport.java:171] Initializing ExecutorService 'applicationTaskExecutor'
2022-12-01 20:31:45,202 INFO [main] o.s.b.a.w.s.WelcomePageHandlerMapping [WelcomePageHandlerMapping.java:61] Adding welcome page template: index
2022-12-01 20:31:45,397 INFO [main] c.y.c.SensitiveTest [StartupInfoLogger.java:59] Started SensitiveTest in 2.089 seconds (JVM running for 2.658)
2022-12-01 20:31:45,538 INFO [Thread-3] o.s.s.c.ThreadPoolTaskExecutor [ExecutorConfigurationSupport.java:208] Shutting down ExecutorService 'applicationTaskExecutor'
2022-12-01 20:31:55,293 INFO [Thread-22] o.s.s.c.ThreadPoolTaskExecutor [ExecutorConfigurationSupport.java:208] Shutting down ExecutorService 'applicationTaskExecutor'
2022-12-01 20:32:04,761 INFO [restartedMain] c.y.c.CommunityApplication [StartupInfoLogger.java:50] Starting CommunityApplication on YY with PID 19260 (started by YY in E:\JavaWeb\java\Example\牛客\community)
2022-12-01 20:32:04,761 INFO [restartedMain] c.y.c.CommunityApplication [SpringApplication.java:675] No active profile set, falling back to default profiles: default
2022-12-01 20:32:04,977 INFO [restartedMain] o.s.b.w.e.t.TomcatWebServer [TomcatWebServer.java:90] Tomcat initialized with port(s): 8181 (http)
2022-12-01 20:32:04,977 INFO [restartedMain] o.a.c.c.StandardService [DirectJDKLog.java:173] Starting service [Tomcat]
2022-12-01 20:32:04,977 INFO [restartedMain] o.a.c.c.StandardEngine [DirectJDKLog.java:173] Starting Servlet engine: [Apache Tomcat/9.0.17]
2022-12-01 20:32:04,991 INFO [restartedMain] o.a.c.c.C.[.[.[/community] [DirectJDKLog.java:173] Initializing Spring embedded WebApplicationContext
2022-12-01 20:32:04,991 INFO [restartedMain] o.s.w.c.ContextLoader [ServletWebServerApplicationContext.java:296] Root WebApplicationContext: initialization completed in 228 ms
2022-12-01 20:32:05,096 INFO [restartedMain] o.s.s.c.ThreadPoolTaskExecutor [ExecutorConfigurationSupport.java:171] Initializing ExecutorService 'applicationTaskExecutor'
2022-12-01 20:32:05,116 INFO [restartedMain] o.s.b.a.w.s.WelcomePageHandlerMapping [WelcomePageHandlerMapping.java:61] Adding welcome page template: index
2022-12-01 20:32:05,160 INFO [restartedMain] o.s.b.d.a.OptionalLiveReloadServer [OptionalLiveReloadServer.java:57] LiveReload server is running on port 35729
2022-12-01 20:32:05,175 INFO [restartedMain] o.s.b.w.e.t.TomcatWebServer [TomcatWebServer.java:204] Tomcat started on port(s): 8181 (http) with context path '/community'
2022-12-01 20:32:05,175 INFO [restartedMain] c.y.c.CommunityApplication [StartupInfoLogger.java:59] Started CommunityApplication in 0.437 seconds (JVM running for 109.595)
2022-12-01 20:32:05,177 INFO [restartedMain] o.s.b.d.a.ConditionEvaluationDeltaLoggingListener [ConditionEvaluationDeltaLoggingListener.java:70] Condition evaluation unchanged
2022-12-01 20:32:19,293 INFO [Thread-28] o.s.s.c.ThreadPoolTaskExecutor [ExecutorConfigurationSupport.java:208] Shutting down ExecutorService 'applicationTaskExecutor'
2022-12-01 20:32:19,673 INFO [restartedMain] c.y.c.CommunityApplication [StartupInfoLogger.java:50] Starting CommunityApplication on YY with PID 19260 (started by YY in E:\JavaWeb\java\Example\牛客\community)
2022-12-01 20:32:19,674 INFO [restartedMain] c.y.c.CommunityApplication [SpringApplication.java:675] No active profile set, falling back to default profiles: default
2022-12-01 20:32:19,955 INFO [restartedMain] o.s.b.w.e.t.TomcatWebServer [TomcatWebServer.java:90] Tomcat initialized with port(s): 8181 (http)
2022-12-01 20:32:19,956 INFO [restartedMain] o.a.c.c.StandardService [DirectJDKLog.java:173] Starting service [Tomcat]
2022-12-01 20:32:19,956 INFO [restartedMain] o.a.c.c.StandardEngine [DirectJDKLog.java:173] Starting Servlet engine: [Apache Tomcat/9.0.17]
2022-12-01 20:32:19,974 INFO [restartedMain] o.a.c.c.C.[.[.[/community] [DirectJDKLog.java:173] Initializing Spring embedded WebApplicationContext
2022-12-01 20:32:19,974 INFO [restartedMain] o.s.w.c.ContextLoader [ServletWebServerApplicationContext.java:296] Root WebApplicationContext: initialization completed in 298 ms
2022-12-01 20:32:20,115 INFO [restartedMain] o.s.s.c.ThreadPoolTaskExecutor [ExecutorConfigurationSupport.java:171] Initializing ExecutorService 'applicationTaskExecutor'
2022-12-01 20:32:20,146 INFO [restartedMain] o.s.b.a.w.s.WelcomePageHandlerMapping [WelcomePageHandlerMapping.java:61] Adding welcome page template: index
2022-12-01 20:32:20,178 INFO [restartedMain] o.s.b.d.a.OptionalLiveReloadServer [OptionalLiveReloadServer.java:57] LiveReload server is running on port 35729
2022-12-01 20:32:20,191 INFO [restartedMain] o.s.b.w.e.t.TomcatWebServer [TomcatWebServer.java:204] Tomcat started on port(s): 8181 (http) with context path '/community'
2022-12-01 20:32:20,192 INFO [restartedMain] c.y.c.CommunityApplication [StartupInfoLogger.java:59] Started CommunityApplication in 0.551 seconds (JVM running for 124.611)
2022-12-01 20:32:20,193 INFO [restartedMain] o.s.b.d.a.ConditionEvaluationDeltaLoggingListener [ConditionEvaluationDeltaLoggingListener.java:70] Condition evaluation unchanged
2022-12-01 20:32:20,520 INFO [main] c.y.c.SensitiveTest [StartupInfoLogger.java:50] Starting SensitiveTest on YY with PID 12300 (started by YY in E:\JavaWeb\java\Example\牛客\community)
2022-12-01 20:32:20,521 INFO [main] c.y.c.SensitiveTest [SpringApplication.java:675] No active profile set, falling back to default profiles: default
2022-12-01 20:32:21,957 INFO [main] o.s.s.c.ThreadPoolTaskExecutor [ExecutorConfigurationSupport.java:171] Initializing ExecutorService 'applicationTaskExecutor'
2022-12-01 20:32:22,111 INFO [main] o.s.b.a.w.s.WelcomePageHandlerMapping [WelcomePageHandlerMapping.java:61] Adding welcome page template: index
2022-12-01 20:32:22,304 INFO [main] c.y.c.SensitiveTest [StartupInfoLogger.java:59] Started SensitiveTest in 2.079 seconds (JVM running for 2.852)
2022-12-01 20:32:22,454 INFO [Thread-3] o.s.s.c.ThreadPoolTaskExecutor [ExecutorConfigurationSupport.java:208] Shutting down ExecutorService 'applicationTaskExecutor'
2022-12-01 20:33:15,221 INFO [main] c.y.c.SensitiveTest [StartupInfoLogger.java:50] Starting SensitiveTest on YY with PID 14076 (started by YY in E:\JavaWeb\java\Example\牛客\community)
2022-12-01 20:33:15,222 INFO [main] c.y.c.SensitiveTest [SpringApplication.java:675] No active profile set, falling back to default profiles: default
2022-12-01 20:33:16,645 INFO [main] o.s.s.c.ThreadPoolTaskExecutor [ExecutorConfigurationSupport.java:171] Initializing ExecutorService 'applicationTaskExecutor'
2022-12-01 20:33:16,806 INFO [main] o.s.b.a.w.s.WelcomePageHandlerMapping [WelcomePageHandlerMapping.java:61] Adding welcome page template: index
2022-12-01 20:33:17,011 INFO [main] c.y.c.SensitiveTest [StartupInfoLogger.java:59] Started SensitiveTest in 2.109 seconds (JVM running for 2.674)
2022-12-01 20:33:17,153 INFO [Thread-3] o.s.s.c.ThreadPoolTaskExecutor [ExecutorConfigurationSupport.java:208] Shutting down ExecutorService 'applicationTaskExecutor'
2022-12-01 20:34:13,260 INFO [Thread-37] o.s.s.c.ThreadPoolTaskExecutor [ExecutorConfigurationSupport.java:208] Shutting down ExecutorService 'applicationTaskExecutor'
2022-12-01 20:34:13,564 INFO [restartedMain] c.y.c.CommunityApplication [StartupInfoLogger.java:50] Starting CommunityApplication on YY with PID 19260 (started by YY in E:\JavaWeb\java\Example\牛客\community)
2022-12-01 20:34:13,565 INFO [restartedMain] c.y.c.CommunityApplication [SpringApplication.java:675] No active profile set, falling back to default profiles: default
2022-12-01 20:34:13,763 INFO [restartedMain] o.s.b.w.e.t.TomcatWebServer [TomcatWebServer.java:90] Tomcat initialized with port(s): 8181 (http)
2022-12-01 20:34:13,763 INFO [restartedMain] o.a.c.c.StandardService [DirectJDKLog.java:173] Starting service [Tomcat]
2022-12-01 20:34:13,763 INFO [restartedMain] o.a.c.c.StandardEngine [DirectJDKLog.java:173] Starting Servlet engine: [Apache Tomcat/9.0.17]
2022-12-01 20:34:13,775 INFO [restartedMain] o.a.c.c.C.[.[.[/community] [DirectJDKLog.java:173] Initializing Spring embedded WebApplicationContext
2022-12-01 20:34:13,775 INFO [restartedMain] o.s.w.c.ContextLoader [ServletWebServerApplicationContext.java:296] Root WebApplicationContext: initialization completed in 209 ms
2022-12-01 20:34:13,848 INFO [restartedMain] o.s.s.c.ThreadPoolTaskExecutor [ExecutorConfigurationSupport.java:171] Initializing ExecutorService 'applicationTaskExecutor'
2022-12-01 20:34:13,864 INFO [restartedMain] o.s.b.a.w.s.WelcomePageHandlerMapping [WelcomePageHandlerMapping.java:61] Adding welcome page template: index
2022-12-01 20:34:13,886 INFO [restartedMain] o.s.b.d.a.OptionalLiveReloadServer [OptionalLiveReloadServer.java:57] LiveReload server is running on port 35729
2022-12-01 20:34:13,896 INFO [restartedMain] o.s.b.w.e.t.TomcatWebServer [TomcatWebServer.java:204] Tomcat started on port(s): 8181 (http) with context path '/community'
2022-12-01 20:34:13,896 INFO [restartedMain] c.y.c.CommunityApplication [StartupInfoLogger.java:59] Started CommunityApplication in 0.352 seconds (JVM running for 238.316)
2022-12-01 20:34:13,897 INFO [restartedMain] o.s.b.d.a.ConditionEvaluationDeltaLoggingListener [ConditionEvaluationDeltaLoggingListener.java:70] Condition evaluation unchanged
2022-12-01 20:34:25,466 INFO [main] c.y.c.SensitiveTest [StartupInfoLogger.java:50] Starting SensitiveTest on YY with PID 5472 (started by YY in E:\JavaWeb\java\Example\牛客\community)
2022-12-01 20:34:25,467 INFO [main] c.y.c.SensitiveTest [SpringApplication.java:675] No active profile set, falling back to default profiles: default
2022-12-01 20:34:26,893 INFO [main] o.s.s.c.ThreadPoolTaskExecutor [ExecutorConfigurationSupport.java:171] Initializing ExecutorService 'applicationTaskExecutor'
2022-12-01 20:34:27,039 INFO [main] o.s.b.a.w.s.WelcomePageHandlerMapping [WelcomePageHandlerMapping.java:61] Adding welcome page template: index
2022-12-01 20:34:27,273 INFO [main] c.y.c.SensitiveTest [StartupInfoLogger.java:59] Started SensitiveTest in 2.092 seconds (JVM running for 2.643)
2022-12-01 20:34:27,432 INFO [Thread-3] o.s.s.c.ThreadPoolTaskExecutor [ExecutorConfigurationSupport.java:208] Shutting down ExecutorService 'applicationTaskExecutor'
2022-12-01 20:35:22,911 INFO [Thread-43] o.s.s.c.ThreadPoolTaskExecutor [ExecutorConfigurationSupport.java:208] Shutting down ExecutorService 'applicationTaskExecutor'
2022-12-01 20:35:35,425 INFO [restartedMain] c.y.c.CommunityApplication [StartupInfoLogger.java:50] Starting CommunityApplication on YY with PID 19260 (started by YY in E:\JavaWeb\java\Example\牛客\community)
2022-12-01 20:35:35,425 INFO [restartedMain] c.y.c.CommunityApplication [SpringApplication.java:675] No active profile set, falling back to default profiles: default
2022-12-01 20:35:35,686 INFO [restartedMain] o.s.b.w.e.t.TomcatWebServer [TomcatWebServer.java:90] Tomcat initialized with port(s): 8181 (http)
2022-12-01 20:35:35,687 INFO [restartedMain] o.a.c.c.StandardService [DirectJDKLog.java:173] Starting service [Tomcat]
2022-12-01 20:35:35,687 INFO [restartedMain] o.a.c.c.StandardEngine [DirectJDKLog.java:173] Starting Servlet engine: [Apache Tomcat/9.0.17]
2022-12-01 20:35:35,703 INFO [restartedMain] o.a.c.c.C.[.[.[/community] [DirectJDKLog.java:173] Initializing Spring embedded WebApplicationContext
2022-12-01 20:35:35,703 INFO [restartedMain] o.s.w.c.ContextLoader [ServletWebServerApplicationContext.java:296] Root WebApplicationContext: initialization completed in 277 ms
2022-12-01 20:35:35,838 INFO [restartedMain] o.s.s.c.ThreadPoolTaskExecutor [ExecutorConfigurationSupport.java:171] Initializing ExecutorService 'applicationTaskExecutor'
2022-12-01 20:35:35,858 INFO [restartedMain] o.s.b.a.w.s.WelcomePageHandlerMapping [WelcomePageHandlerMapping.java:61] Adding welcome page template: index
2022-12-01 20:35:35,929 INFO [restartedMain] o.s.b.d.a.OptionalLiveReloadServer [OptionalLiveReloadServer.java:57] LiveReload server is running on port 35729
2022-12-01 20:35:35,941 INFO [restartedMain] o.s.b.w.e.t.TomcatWebServer [TomcatWebServer.java:204] Tomcat started on port(s): 8181 (http) with context path '/community'
2022-12-01 20:35:35,941 INFO [restartedMain] c.y.c.CommunityApplication [StartupInfoLogger.java:59] Started CommunityApplication in 0.534 seconds (JVM running for 320.36)
2022-12-01 20:35:35,943 INFO [restartedMain] o.s.b.d.a.ConditionEvaluationDeltaLoggingListener [ConditionEvaluationDeltaLoggingListener.java:70] Condition evaluation unchanged
2022-12-01 20:35:43,870 INFO [main] c.y.c.SensitiveTest [StartupInfoLogger.java:50] Starting SensitiveTest on YY with PID 12300 (started by YY in E:\JavaWeb\java\Example\牛客\community)
2022-12-01 20:35:43,872 INFO [main] c.y.c.SensitiveTest [SpringApplication.java:675] No active profile set, falling back to default profiles: default
2022-12-01 20:35:45,313 INFO [main] o.s.s.c.ThreadPoolTaskExecutor [ExecutorConfigurationSupport.java:171] Initializing ExecutorService 'applicationTaskExecutor'
2022-12-01 20:35:45,478 INFO [main] o.s.b.a.w.s.WelcomePageHandlerMapping [WelcomePageHandlerMapping.java:61] Adding welcome page template: index
2022-12-01 20:35:45,673 INFO [main] c.y.c.SensitiveTest [StartupInfoLogger.java:59] Started SensitiveTest in 2.121 seconds (JVM running for 3.008)
2022-12-01 20:35:45,819 INFO [Thread-3] o.s.s.c.ThreadPoolTaskExecutor [ExecutorConfigurationSupport.java:208] Shutting down ExecutorService 'applicationTaskExecutor'
2022-12-01 20:36:08,465 INFO [main] c.y.c.SensitiveTest [StartupInfoLogger.java:50] Starting SensitiveTest on YY with PID 13352 (started by YY in E:\JavaWeb\java\Example\牛客\community)
2022-12-01 20:36:08,467 INFO [main] c.y.c.SensitiveTest [SpringApplication.java:675] No active profile set, falling back to default profiles: default
2022-12-01 20:36:09,924 INFO [main] o.s.s.c.ThreadPoolTaskExecutor [ExecutorConfigurationSupport.java:171] Initializing ExecutorService 'applicationTaskExecutor'
2022-12-01 20:36:10,071 INFO [main] o.s.b.a.w.s.WelcomePageHandlerMapping [WelcomePageHandlerMapping.java:61] Adding welcome page template: index
2022-12-01 20:36:10,261 INFO [main] c.y.c.SensitiveTest [StartupInfoLogger.java:59] Started SensitiveTest in 2.086 seconds (JVM running for 2.622)
2022-12-01 20:36:10,415 INFO [Thread-3] o.s.s.c.ThreadPoolTaskExecutor [ExecutorConfigurationSupport.java:208] Shutting down ExecutorService 'applicationTaskExecutor'
2022-12-01 20:37:09,539 INFO [Thread-49] o.s.s.c.ThreadPoolTaskExecutor [ExecutorConfigurationSupport.java:208] Shutting down ExecutorService 'applicationTaskExecutor'
2022-12-01 20:37:09,845 INFO [restartedMain] c.y.c.CommunityApplication [StartupInfoLogger.java:50] Starting CommunityApplication on YY with PID 19260 (started by YY in E:\JavaWeb\java\Example\牛客\community)
2022-12-01 20:37:09,846 INFO [restartedMain] c.y.c.CommunityApplication [SpringApplication.java:675] No active profile set, falling back to default profiles: default
2022-12-01 20:37:10,139 INFO [main] c.y.c.SensitiveTest [StartupInfoLogger.java:50] Starting SensitiveTest on YY with PID 12760 (started by YY in E:\JavaWeb\java\Example\牛客\community)
2022-12-01 20:37:10,141 INFO [main] c.y.c.SensitiveTest [SpringApplication.java:675] No active profile set, falling back to default profiles: default
2022-12-01 20:37:10,146 INFO [restartedMain] o.s.b.w.e.t.TomcatWebServer [TomcatWebServer.java:90] Tomcat initialized with port(s): 8181 (http)
2022-12-01 20:37:10,147 INFO [restartedMain] o.a.c.c.StandardService [DirectJDKLog.java:173] Starting service [Tomcat]
2022-12-01 20:37:10,147 INFO [restartedMain] o.a.c.c.StandardEngine [DirectJDKLog.java:173] Starting Servlet engine: [Apache Tomcat/9.0.17]
2022-12-01 20:37:10,162 INFO [restartedMain] o.a.c.c.C.[.[.[/community] [DirectJDKLog.java:173] Initializing Spring embedded WebApplicationContext
2022-12-01 20:37:10,162 INFO [restartedMain] o.s.w.c.ContextLoader [ServletWebServerApplicationContext.java:296] Root WebApplicationContext: initialization completed in 315 ms
2022-12-01 20:37:10,260 INFO [restartedMain] o.s.s.c.ThreadPoolTaskExecutor [ExecutorConfigurationSupport.java:171] Initializing ExecutorService 'applicationTaskExecutor'
2022-12-01 20:37:10,280 INFO [restartedMain] o.s.b.a.w.s.WelcomePageHandlerMapping [WelcomePageHandlerMapping.java:61] Adding welcome page template: index
2022-12-01 20:37:10,320 INFO [restartedMain] o.s.b.d.a.OptionalLiveReloadServer [OptionalLiveReloadServer.java:57] LiveReload server is running on port 35729
2022-12-01 20:37:10,343 INFO [restartedMain] o.s.b.w.e.t.TomcatWebServer [TomcatWebServer.java:204] Tomcat started on port(s): 8181 (http) with context path '/community'
2022-12-01 20:37:10,344 INFO [restartedMain] c.y.c.CommunityApplication [StartupInfoLogger.java:59] Started CommunityApplication in 0.522 seconds (JVM running for 414.763)
2022-12-01 20:37:10,346 INFO [restartedMain] o.s.b.d.a.ConditionEvaluationDeltaLoggingListener [ConditionEvaluationDeltaLoggingListener.java:70] Condition evaluation unchanged
2022-12-01 20:37:11,585 INFO [main] o.s.s.c.ThreadPoolTaskExecutor [ExecutorConfigurationSupport.java:171] Initializing ExecutorService 'applicationTaskExecutor'
2022-12-01 20:37:11,731 INFO [main] o.s.b.a.w.s.WelcomePageHandlerMapping [WelcomePageHandlerMapping.java:61] Adding welcome page template: index
2022-12-01 20:37:11,926 INFO [main] c.y.c.SensitiveTest [StartupInfoLogger.java:59] Started SensitiveTest in 2.102 seconds (JVM running for 2.676)
2022-12-01 20:37:12,072 INFO [Thread-3] o.s.s.c.ThreadPoolTaskExecutor [ExecutorConfigurationSupport.java:208] Shutting down ExecutorService 'applicationTaskExecutor'
2022-12-01 20:37:53,697 INFO [Thread-58] o.s.s.c.ThreadPoolTaskExecutor [ExecutorConfigurationSupport.java:208] Shutting down ExecutorService 'applicationTaskExecutor'
2022-12-01 20:38:02,306 INFO [restartedMain] c.y.c.CommunityApplication [StartupInfoLogger.java:50] Starting CommunityApplication on YY with PID 19260 (started by YY in E:\JavaWeb\java\Example\牛客\community)
2022-12-01 20:38:02,306 INFO [restartedMain] c.y.c.CommunityApplication [SpringApplication.java:675] No active profile set, falling back to default profiles: default
2022-12-01 20:38:02,494 INFO [restartedMain] o.s.b.w.e.t.TomcatWebServer [TomcatWebServer.java:90] Tomcat initialized with port(s): 8181 (http)
2022-12-01 20:38:02,494 INFO [restartedMain] o.a.c.c.StandardService [DirectJDKLog.java:173] Starting service [Tomcat]
2022-12-01 20:38:02,494 INFO [restartedMain] o.a.c.c.StandardEngine [DirectJDKLog.java:173] Starting Servlet engine: [Apache Tomcat/9.0.17]
2022-12-01 20:38:02,507 INFO [restartedMain] o.a.c.c.C.[.[.[/community] [DirectJDKLog.java:173] Initializing Spring embedded WebApplicationContext
2022-12-01 20:38:02,507 INFO [restartedMain] o.s.w.c.ContextLoader [ServletWebServerApplicationContext.java:296] Root WebApplicationContext: initialization completed in 199 ms
2022-12-01 20:38:02,596 INFO [restartedMain] o.s.s.c.ThreadPoolTaskExecutor [ExecutorConfigurationSupport.java:171] Initializing ExecutorService 'applicationTaskExecutor'
2022-12-01 20:38:02,614 INFO [restartedMain] o.s.b.a.w.s.WelcomePageHandlerMapping [WelcomePageHandlerMapping.java:61] Adding welcome page template: index
2022-12-01 20:38:02,644 INFO [restartedMain] o.s.b.d.a.OptionalLiveReloadServer [OptionalLiveReloadServer.java:57] LiveReload server is running on port 35729
2022-12-01 20:38:02,654 INFO [restartedMain] o.s.b.w.e.t.TomcatWebServer [TomcatWebServer.java:204] Tomcat started on port(s): 8181 (http) with context path '/community'
2022-12-01 20:38:02,655 INFO [restartedMain] c.y.c.CommunityApplication [StartupInfoLogger.java:59] Started CommunityApplication in 0.364 seconds (JVM running for 467.074)
2022-12-01 20:38:02,656 INFO [restartedMain] o.s.b.d.a.ConditionEvaluationDeltaLoggingListener [ConditionEvaluationDeltaLoggingListener.java:70] Condition evaluation unchanged
2022-12-01 20:38:09,122 INFO [main] c.y.c.SensitiveTest [StartupInfoLogger.java:50] Starting SensitiveTest on YY with PID 948 (started by YY in E:\JavaWeb\java\Example\牛客\community)
2022-12-01 20:38:09,123 INFO [main] c.y.c.SensitiveTest [SpringApplication.java:675] No active profile set, falling back to default profiles: default
2022-12-01 20:38:10,611 INFO [main] o.s.s.c.ThreadPoolTaskExecutor [ExecutorConfigurationSupport.java:171] Initializing ExecutorService 'applicationTaskExecutor'
2022-12-01 20:38:10,774 INFO [main] o.s.b.a.w.s.WelcomePageHandlerMapping [WelcomePageHandlerMapping.java:61] Adding welcome page template: index
2022-12-01 20:38:10,978 INFO [main] c.y.c.SensitiveTest [StartupInfoLogger.java:59] Started SensitiveTest in 2.157 seconds (JVM running for 2.858)
2022-12-01 20:38:11,133 INFO [Thread-3] o.s.s.c.ThreadPoolTaskExecutor [ExecutorConfigurationSupport.java:208] Shutting down ExecutorService 'applicationTaskExecutor'
2022-12-01 20:38:55,274 INFO [Thread-64] o.s.s.c.ThreadPoolTaskExecutor [ExecutorConfigurationSupport.java:208] Shutting down ExecutorService 'applicationTaskExecutor'
2022-12-01 20:38:55,579 INFO [restartedMain] c.y.c.CommunityApplication [StartupInfoLogger.java:50] Starting CommunityApplication on YY with PID 19260 (started by YY in E:\JavaWeb\java\Example\牛客\community)
2022-12-01 20:38:55,579 INFO [restartedMain] c.y.c.CommunityApplication [SpringApplication.java:675] No active profile set, falling back to default profiles: default
2022-12-01 20:38:55,836 INFO [restartedMain] o.s.b.w.e.t.TomcatWebServer [TomcatWebServer.java:90] Tomcat initialized with port(s): 8181 (http)
2022-12-01 20:38:55,837 INFO [restartedMain] o.a.c.c.StandardService [DirectJDKLog.java:173] Starting service [Tomcat]
2022-12-01 20:38:55,837 INFO [restartedMain] o.a.c.c.StandardEngine [DirectJDKLog.java:173] Starting Servlet engine: [Apache Tomcat/9.0.17]
2022-12-01 20:38:55,852 INFO [restartedMain] o.a.c.c.C.[.[.[/community] [DirectJDKLog.java:173] Initializing Spring embedded WebApplicationContext
2022-12-01 20:38:55,852 INFO [restartedMain] o.s.w.c.ContextLoader [ServletWebServerApplicationContext.java:296] Root WebApplicationContext: initialization completed in 272 ms
2022-12-01 20:38:55,985 INFO [restartedMain] o.s.s.c.ThreadPoolTaskExecutor [ExecutorConfigurationSupport.java:171] Initializing ExecutorService 'applicationTaskExecutor'
2022-12-01 20:38:56,003 INFO [restartedMain] o.s.b.a.w.s.WelcomePageHandlerMapping [WelcomePageHandlerMapping.java:61] Adding welcome page template: index
2022-12-01 20:38:56,009 INFO [main] c.y.c.SensitiveTest [StartupInfoLogger.java:50] Starting SensitiveTest on YY with PID 12600 (started by YY in E:\JavaWeb\java\Example\牛客\community)
2022-12-01 20:38:56,011 INFO [main] c.y.c.SensitiveTest [SpringApplication.java:675] No active profile set, falling back to default profiles: default
2022-12-01 20:38:56,036 INFO [restartedMain] o.s.b.d.a.OptionalLiveReloadServer [OptionalLiveReloadServer.java:57] LiveReload server is running on port 35729
2022-12-01 20:38:56,052 INFO [restartedMain] o.s.b.w.e.t.TomcatWebServer [TomcatWebServer.java:204] Tomcat started on port(s): 8181 (http) with context path '/community'
2022-12-01 20:38:56,052 INFO [restartedMain] c.y.c.CommunityApplication [StartupInfoLogger.java:59] Started CommunityApplication in 0.49 seconds (JVM running for 520.472)
2022-12-01 20:38:56,054 INFO [restartedMain] o.s.b.d.a.ConditionEvaluationDeltaLoggingListener [ConditionEvaluationDeltaLoggingListener.java:70] Condition evaluation unchanged
2022-12-01 20:38:57,472 INFO [main] o.s.s.c.ThreadPoolTaskExecutor [ExecutorConfigurationSupport.java:171] Initializing ExecutorService 'applicationTaskExecutor'
2022-12-01 20:38:57,635 INFO [main] o.s.b.a.w.s.WelcomePageHandlerMapping [WelcomePageHandlerMapping.java:61] Adding welcome page template: index
2022-12-01 20:38:57,859 INFO [main] c.y.c.SensitiveTest [StartupInfoLogger.java:59] Started SensitiveTest in 2.174 seconds (JVM running for 2.759)
2022-12-01 20:38:58,012 INFO [Thread-3] o.s.s.c.ThreadPoolTaskExecutor [ExecutorConfigurationSupport.java:208] Shutting down ExecutorService 'applicationTaskExecutor'
2022-12-01 20:39:12,793 INFO [Thread-78] o.s.s.c.ThreadPoolTaskExecutor [ExecutorConfigurationSupport.java:208] Shutting down ExecutorService 'applicationTaskExecutor'
2022-12-01 20:39:15,283 INFO [restartedMain] c.y.c.CommunityApplication [StartupInfoLogger.java:50] Starting CommunityApplication on YY with PID 12928 (started by YY in E:\JavaWeb\java\Example\牛客\community)
2022-12-01 20:39:15,286 INFO [restartedMain] c.y.c.CommunityApplication [SpringApplication.java:675] No active profile set, falling back to default profiles: default
2022-12-01 20:39:15,332 INFO [restartedMain] o.s.b.d.e.DevToolsPropertyDefaultsPostProcessor [DeferredLog.java:227] Devtools property defaults active! Set 'spring.devtools.add-properties' to 'false' to disable
2022-12-01 20:39:15,332 INFO [restartedMain] o.s.b.d.e.DevToolsPropertyDefaultsPostProcessor [DeferredLog.java:227] For additional web related logging consider setting the 'logging.level.web' property to 'DEBUG'
2022-12-01 20:39:16,014 INFO [restartedMain] o.s.b.w.e.t.TomcatWebServer [TomcatWebServer.java:90] Tomcat initialized with port(s): 8181 (http)
2022-12-01 20:39:16,022 INFO [restartedMain] o.a.c.h.Http11NioProtocol [DirectJDKLog.java:173] Initializing ProtocolHandler ["http-nio-8181"]
2022-12-01 20:39:16,036 INFO [restartedMain] o.a.c.c.StandardService [DirectJDKLog.java:173] Starting service [Tomcat]
2022-12-01 20:39:16,036 INFO [restartedMain] o.a.c.c.StandardEngine [DirectJDKLog.java:173] Starting Servlet engine: [Apache Tomcat/9.0.17]
2022-12-01 20:39:16,099 INFO [restartedMain] o.a.c.c.C.[.[.[/community] [DirectJDKLog.java:173] Initializing Spring embedded WebApplicationContext
2022-12-01 20:39:16,099 INFO [restartedMain] o.s.w.c.ContextLoader [ServletWebServerApplicationContext.java:296] Root WebApplicationContext: initialization completed in 767 ms
2022-12-01 20:39:16,396 INFO [restartedMain] o.s.s.c.ThreadPoolTaskExecutor [ExecutorConfigurationSupport.java:171] Initializing ExecutorService 'applicationTaskExecutor'
2022-12-01 20:39:16,448 INFO [restartedMain] o.s.b.a.w.s.WelcomePageHandlerMapping [WelcomePageHandlerMapping.java:61] Adding welcome page template: index
2022-12-01 20:39:16,512 INFO [restartedMain] o.s.b.d.a.OptionalLiveReloadServer [OptionalLiveReloadServer.java:57] LiveReload server is running on port 35729
2022-12-01 20:39:16,527 INFO [restartedMain] o.a.c.h.Http11NioProtocol [DirectJDKLog.java:173] Starting ProtocolHandler ["http-nio-8181"]
2022-12-01 20:39:16,539 INFO [restartedMain] o.s.b.w.e.t.TomcatWebServer [TomcatWebServer.java:204] Tomcat started on port(s): 8181 (http) with context path '/community'
2022-12-01 20:39:16,541 INFO [restartedMain] c.y.c.CommunityApplication [StartupInfoLogger.java:59] Started CommunityApplication in 1.509 seconds (JVM running for 2.162)
2022-12-01 20:40:40,628 INFO [main] c.y.c.SensitiveTest [StartupInfoLogger.java:50] Starting SensitiveTest on YY with PID 4468 (started by YY in E:\JavaWeb\java\Example\牛客\community)
2022-12-01 20:40:40,629 INFO [main] c.y.c.SensitiveTest [SpringApplication.java:675] No active profile set, falling back to default profiles: default
2022-12-01 20:40:40,901 INFO [Thread-8] o.s.s.c.ThreadPoolTaskExecutor [ExecutorConfigurationSupport.java:208] Shutting down ExecutorService 'applicationTaskExecutor'
2022-12-01 20:40:41,267 INFO [restartedMain] c.y.c.CommunityApplication [StartupInfoLogger.java:50] Starting CommunityApplication on YY with PID 12928 (started by YY in E:\JavaWeb\java\Example\牛客\community)
2022-12-01 20:40:41,267 INFO [restartedMain] c.y.c.CommunityApplication [SpringApplication.java:675] No active profile set, falling back to default profiles: default
2022-12-01 20:40:41,499 INFO [restartedMain] o.s.b.w.e.t.TomcatWebServer [TomcatWebServer.java:90] Tomcat initialized with port(s): 8181 (http)
2022-12-01 20:40:41,499 INFO [restartedMain] o.a.c.h.Http11NioProtocol [DirectJDKLog.java:173] Initializing ProtocolHandler ["http-nio-8181"]
2022-12-01 20:40:41,500 INFO [restartedMain] o.a.c.c.StandardService [DirectJDKLog.java:173] Starting service [Tomcat]
2022-12-01 20:40:41,500 INFO [restartedMain] o.a.c.c.StandardEngine [DirectJDKLog.java:173] Starting Servlet engine: [Apache Tomcat/9.0.17]
2022-12-01 20:40:41,515 INFO [restartedMain] o.a.c.c.C.[.[.[/community] [DirectJDKLog.java:173] Initializing Spring embedded WebApplicationContext
2022-12-01 20:40:41,515 INFO [restartedMain] o.s.w.c.ContextLoader [ServletWebServerApplicationContext.java:296] Root WebApplicationContext: initialization completed in 246 ms
2022-12-01 20:40:41,603 INFO [restartedMain] o.s.s.c.ThreadPoolTaskExecutor [ExecutorConfigurationSupport.java:171] Initializing ExecutorService 'applicationTaskExecutor'
2022-12-01 20:40:41,623 INFO [restartedMain] o.s.b.a.w.s.WelcomePageHandlerMapping [WelcomePageHandlerMapping.java:61] Adding welcome page template: index
2022-12-01 20:40:41,650 INFO [restartedMain] o.s.b.d.a.OptionalLiveReloadServer [OptionalLiveReloadServer.java:57] LiveReload server is running on port 35729
2022-12-01 20:40:41,660 INFO [restartedMain] o.a.c.h.Http11NioProtocol [DirectJDKLog.java:173] Starting ProtocolHandler ["http-nio-8181"]
2022-12-01 20:40:41,663 INFO [restartedMain] o.s.b.w.e.t.TomcatWebServer [TomcatWebServer.java:204] Tomcat started on port(s): 8181 (http) with context path '/community'
2022-12-01 20:40:41,663 INFO [restartedMain] c.y.c.CommunityApplication [StartupInfoLogger.java:59] Started CommunityApplication in 0.423 seconds (JVM running for 87.283)
2022-12-01 20:40:41,664 INFO [restartedMain] o.s.b.d.a.ConditionEvaluationDeltaLoggingListener [ConditionEvaluationDeltaLoggingListener.java:70] Condition evaluation unchanged
2022-12-01 20:40:42,108 INFO [main] o.s.s.c.ThreadPoolTaskExecutor [ExecutorConfigurationSupport.java:171] Initializing ExecutorService 'applicationTaskExecutor'
2022-12-01 20:40:42,251 INFO [main] o.s.b.a.w.s.WelcomePageHandlerMapping [WelcomePageHandlerMapping.java:61] Adding welcome page template: index
2022-12-01 20:40:42,437 INFO [main] c.y.c.SensitiveTest [StartupInfoLogger.java:59] Started SensitiveTest in 2.096 seconds (JVM running for 2.649)
2022-12-01 20:40:42,594 INFO [Thread-3] o.s.s.c.ThreadPoolTaskExecutor [ExecutorConfigurationSupport.java:208] Shutting down ExecutorService 'applicationTaskExecutor'
2022-12-01 20:41:35,291 INFO [Thread-16] o.s.s.c.ThreadPoolTaskExecutor [ExecutorConfigurationSupport.java:208] Shutting down ExecutorService 'applicationTaskExecutor'
2022-12-01 20:41:35,566 INFO [restartedMain] c.y.c.CommunityApplication [StartupInfoLogger.java:50] Starting CommunityApplication on YY with PID 12928 (started by YY in E:\JavaWeb\java\Example\牛客\community)
2022-12-01 20:41:35,567 INFO [restartedMain] c.y.c.CommunityApplication [SpringApplication.java:675] No active profile set, falling back to default profiles: default
2022-12-01 20:41:35,772 INFO [restartedMain] o.s.b.w.e.t.TomcatWebServer [TomcatWebServer.java:90] Tomcat initialized with port(s): 8181 (http)
2022-12-01 20:41:35,773 INFO [restartedMain] o.a.c.h.Http11NioProtocol [DirectJDKLog.java:173] Initializing ProtocolHandler ["http-nio-8181"]
2022-12-01 20:41:35,773 INFO [restartedMain] o.a.c.c.StandardService [DirectJDKLog.java:173] Starting service [Tomcat]
2022-12-01 20:41:35,774 INFO [restartedMain] o.a.c.c.StandardEngine [DirectJDKLog.java:173] Starting Servlet engine: [Apache Tomcat/9.0.17]
2022-12-01 20:41:35,787 INFO [restartedMain] o.a.c.c.C.[.[.[/community] [DirectJDKLog.java:173] Initializing Spring embedded WebApplicationContext
2022-12-01 20:41:35,787 INFO [restartedMain] o.s.w.c.ContextLoader [ServletWebServerApplicationContext.java:296] Root WebApplicationContext: initialization completed in 219 ms
2022-12-01 20:41:35,863 INFO [restartedMain] o.s.s.c.ThreadPoolTaskExecutor [ExecutorConfigurationSupport.java:171] Initializing ExecutorService 'applicationTaskExecutor'
2022-12-01 20:41:35,879 INFO [restartedMain] o.s.b.a.w.s.WelcomePageHandlerMapping [WelcomePageHandlerMapping.java:61] Adding welcome page template: index
2022-12-01 20:41:35,901 INFO [restartedMain] o.s.b.d.a.OptionalLiveReloadServer [OptionalLiveReloadServer.java:57] LiveReload server is running on port 35729
2022-12-01 20:41:35,908 INFO [restartedMain] o.a.c.h.Http11NioProtocol [DirectJDKLog.java:173] Starting ProtocolHandler ["http-nio-8181"]
2022-12-01 20:41:35,911 INFO [restartedMain] o.s.b.w.e.t.TomcatWebServer [TomcatWebServer.java:204] Tomcat started on port(s): 8181 (http) with context path '/community'
2022-12-01 20:41:35,911 INFO [restartedMain] c.y.c.CommunityApplication [StartupInfoLogger.java:59] Started CommunityApplication in 0.363 seconds (JVM running for 141.532)
2022-12-01 20:41:35,912 INFO [restartedMain] o.s.b.d.a.ConditionEvaluationDeltaLoggingListener [ConditionEvaluationDeltaLoggingListener.java:70] Condition evaluation unchanged
2022-12-01 20:41:40,072 INFO [main] c.y.c.SensitiveTest [StartupInfoLogger.java:50] Starting SensitiveTest on YY with PID 5116 (started by YY in E:\JavaWeb\java\Example\牛客\community)
2022-12-01 20:41:40,091 INFO [main] c.y.c.SensitiveTest [SpringApplication.java:675] No active profile set, falling back to default profiles: default
2022-12-01 20:41:41,528 INFO [main] o.s.s.c.ThreadPoolTaskExecutor [ExecutorConfigurationSupport.java:171] Initializing ExecutorService 'applicationTaskExecutor'
2022-12-01 20:41:41,681 INFO [main] o.s.b.a.w.s.WelcomePageHandlerMapping [WelcomePageHandlerMapping.java:61] Adding welcome page template: index
2022-12-01 20:41:41,883 INFO [main] c.y.c.SensitiveTest [StartupInfoLogger.java:59] Started SensitiveTest in 2.114 seconds (JVM running for 2.67)
2022-12-01 20:41:42,046 INFO [Thread-3] o.s.s.c.ThreadPoolTaskExecutor [ExecutorConfigurationSupport.java:208] Shutting down ExecutorService 'applicationTaskExecutor'
2022-12-01 20:43:06,355 INFO [Thread-22] o.s.s.c.ThreadPoolTaskExecutor [ExecutorConfigurationSupport.java:208] Shutting down ExecutorService 'applicationTaskExecutor'
2022-12-01 20:43:06,660 INFO [restartedMain] c.y.c.CommunityApplication [StartupInfoLogger.java:50] Starting CommunityApplication on YY with PID 12928 (started by YY in E:\JavaWeb\java\Example\牛客\community)
2022-12-01 20:43:06,660 INFO [restartedMain] c.y.c.CommunityApplication [SpringApplication.java:675] No active profile set, falling back to default profiles: default
2022-12-01 20:43:06,892 INFO [restartedMain] o.s.b.w.e.t.TomcatWebServer [TomcatWebServer.java:90] Tomcat initialized with port(s): 8181 (http)
2022-12-01 20:43:06,893 INFO [restartedMain] o.a.c.h.Http11NioProtocol [DirectJDKLog.java:173] Initializing ProtocolHandler ["http-nio-8181"]
2022-12-01 20:43:06,893 INFO [restartedMain] o.a.c.c.StandardService [DirectJDKLog.java:173] Starting service [Tomcat]
2022-12-01 20:43:06,893 INFO [restartedMain] o.a.c.c.StandardEngine [DirectJDKLog.java:173] Starting Servlet engine: [Apache Tomcat/9.0.17]
2022-12-01 20:43:06,906 INFO [restartedMain] o.a.c.c.C.[.[.[/community] [DirectJDKLog.java:173] Initializing Spring embedded WebApplicationContext
2022-12-01 20:43:06,906 INFO [restartedMain] o.s.w.c.ContextLoader [ServletWebServerApplicationContext.java:296] Root WebApplicationContext: initialization completed in 245 ms
2022-12-01 20:43:07,023 INFO [restartedMain] o.s.s.c.ThreadPoolTaskExecutor [ExecutorConfigurationSupport.java:171] Initializing ExecutorService 'applicationTaskExecutor'
2022-12-01 20:43:07,052 INFO [restartedMain] o.s.b.a.w.s.WelcomePageHandlerMapping [WelcomePageHandlerMapping.java:61] Adding welcome page template: index
2022-12-01 20:43:07,089 INFO [restartedMain] o.s.b.d.a.OptionalLiveReloadServer [OptionalLiveReloadServer.java:57] LiveReload server is running on port 35729
2022-12-01 20:43:07,103 INFO [restartedMain] o.a.c.h.Http11NioProtocol [DirectJDKLog.java:173] Starting ProtocolHandler ["http-nio-8181"]
2022-12-01 20:43:07,107 INFO [restartedMain] o.s.b.w.e.t.TomcatWebServer [TomcatWebServer.java:204] Tomcat started on port(s): 8181 (http) with context path '/community'
2022-12-01 20:43:07,108 INFO [restartedMain] c.y.c.CommunityApplication [StartupInfoLogger.java:59] Started CommunityApplication in 0.469 seconds (JVM running for 232.729)
2022-12-01 20:43:07,110 INFO [restartedMain] o.s.b.d.a.ConditionEvaluationDeltaLoggingListener [ConditionEvaluationDeltaLoggingListener.java:70] Condition evaluation unchanged
2022-12-01 20:43:07,239 INFO [main] c.y.c.SensitiveTest [StartupInfoLogger.java:50] Starting SensitiveTest on YY with PID 3856 (started by YY in E:\JavaWeb\java\Example\牛客\community)
2022-12-01 20:43:07,241 INFO [main] c.y.c.SensitiveTest [SpringApplication.java:675] No active profile set, falling back to default profiles: default
2022-12-01 20:43:08,709 INFO [main] o.s.s.c.ThreadPoolTaskExecutor [ExecutorConfigurationSupport.java:171] Initializing ExecutorService 'applicationTaskExecutor'
2022-12-01 20:43:08,859 INFO [main] o.s.b.a.w.s.WelcomePageHandlerMapping [WelcomePageHandlerMapping.java:61] Adding welcome page template: index
2022-12-01 20:43:09,084 INFO [main] c.y.c.SensitiveTest [StartupInfoLogger.java:59] Started SensitiveTest in 2.153 seconds (JVM running for 2.734)
2022-12-01 20:43:09,229 INFO [Thread-3] o.s.s.c.ThreadPoolTaskExecutor [ExecutorConfigurationSupport.java:208] Shutting down ExecutorService 'applicationTaskExecutor'
2022-12-02 01:45:16,642 INFO [main] c.y.c.SensitiveTest [StartupInfoLogger.java:50] Starting SensitiveTest on YY with PID 22220 (started by YY in E:\JavaWeb\java\Example\牛客\community)
2022-12-02 01:45:16,658 INFO [main] c.y.c.SensitiveTest [SpringApplication.java:675] No active profile set, falling back to default profiles: default
2022-12-02 01:45:18,124 INFO [main] o.s.s.c.ThreadPoolTaskExecutor [ExecutorConfigurationSupport.java:171] Initializing ExecutorService 'applicationTaskExecutor'
2022-12-02 01:45:18,277 INFO [main] o.s.b.a.w.s.WelcomePageHandlerMapping [WelcomePageHandlerMapping.java:61] Adding welcome page template: index
2022-12-02 01:45:18,493 INFO [main] c.y.c.SensitiveTest [StartupInfoLogger.java:59] Started SensitiveTest in 2.219 seconds (JVM running for 2.854)
2022-12-02 01:45:18,700 INFO [Thread-3] o.s.s.c.ThreadPoolTaskExecutor [ExecutorConfigurationSupport.java:208] Shutting down ExecutorService 'applicationTaskExecutor'
