2022-11-28 00:11:37,982 INFO [restartedMain] c.y.c.CommunityApplication [StartupInfoLogger.java:50] Starting CommunityApplication on YY with PID 10768 (started by YY in E:\JavaWeb\java\Example\牛客\community)
2022-11-28 00:11:37,987 INFO [restartedMain] c.y.c.CommunityApplication [SpringApplication.java:675] No active profile set, falling back to default profiles: default
2022-11-28 00:11:38,030 INFO [restartedMain] o.s.b.d.e.DevToolsPropertyDefaultsPostProcessor [DeferredLog.java:227] Devtools property defaults active! Set 'spring.devtools.add-properties' to 'false' to disable
2022-11-28 00:11:38,031 INFO [restartedMain] o.s.b.d.e.DevToolsPropertyDefaultsPostProcessor [DeferredLog.java:227] For additional web related logging consider setting the 'logging.level.web' property to 'DEBUG'
2022-11-28 00:11:38,728 INFO [restartedMain] o.s.b.w.e.t.TomcatWebServer [TomcatWebServer.java:90] Tomcat initialized with port(s): 8181 (http)
2022-11-28 00:11:38,735 INFO [restartedMain] o.a.c.h.Http11NioProtocol [DirectJDKLog.java:173] Initializing ProtocolHandler ["http-nio-8181"]
2022-11-28 00:11:38,740 INFO [restartedMain] o.a.c.c.StandardService [DirectJDKLog.java:173] Starting service [Tomcat]
2022-11-28 00:11:38,740 INFO [restartedMain] o.a.c.c.StandardEngine [DirectJDKLog.java:173] Starting Servlet engine: [Apache Tomcat/9.0.17]
2022-11-28 00:11:38,813 INFO [restartedMain] o.a.c.c.C.[.[.[/community] [DirectJDKLog.java:173] Initializing Spring embedded WebApplicationContext
2022-11-28 00:11:38,813 INFO [restartedMain] o.s.w.c.ContextLoader [ServletWebServerApplicationContext.java:296] Root WebApplicationContext: initialization completed in 782 ms
2022-11-28 00:11:39,107 INFO [restartedMain] o.s.s.c.ThreadPoolTaskExecutor [ExecutorConfigurationSupport.java:171] Initializing ExecutorService 'applicationTaskExecutor'
2022-11-28 00:11:39,158 INFO [restartedMain] o.s.b.a.w.s.WelcomePageHandlerMapping [WelcomePageHandlerMapping.java:61] Adding welcome page template: index
2022-11-28 00:11:39,216 INFO [restartedMain] o.s.b.d.a.OptionalLiveReloadServer [OptionalLiveReloadServer.java:57] LiveReload server is running on port 35729
2022-11-28 00:11:39,230 INFO [restartedMain] o.a.c.h.Http11NioProtocol [DirectJDKLog.java:173] Starting ProtocolHandler ["http-nio-8181"]
2022-11-28 00:11:39,243 INFO [restartedMain] o.s.b.w.e.t.TomcatWebServer [TomcatWebServer.java:204] Tomcat started on port(s): 8181 (http) with context path '/community'
2022-11-28 00:11:39,245 INFO [restartedMain] c.y.c.CommunityApplication [StartupInfoLogger.java:59] Started CommunityApplication in 1.509 seconds (JVM running for 2.128)
2022-11-28 00:12:02,490 INFO [http-nio-8181-exec-1] o.a.c.c.C.[.[.[/community] [DirectJDKLog.java:173] Initializing Spring DispatcherServlet 'dispatcherServlet'
2022-11-28 00:12:02,490 INFO [http-nio-8181-exec-1] o.s.w.s.DispatcherServlet [FrameworkServlet.java:524] Initializing Servlet 'dispatcherServlet'
2022-11-28 00:12:02,494 INFO [http-nio-8181-exec-1] o.s.w.s.DispatcherServlet [FrameworkServlet.java:546] Completed initialization in 3 ms
2022-11-28 00:12:02,512 INFO [http-nio-8181-exec-1] c.z.h.HikariDataSource [HikariDataSource.java:110] HikariPool-1 - Starting...
2022-11-28 00:12:02,571 INFO [http-nio-8181-exec-1] c.z.h.HikariDataSource [HikariDataSource.java:123] HikariPool-1 - Start completed.
2022-11-28 00:38:16,325 INFO [Thread-11] o.s.s.c.ThreadPoolTaskExecutor [ExecutorConfigurationSupport.java:208] Shutting down ExecutorService 'applicationTaskExecutor'
2022-11-28 00:38:16,326 INFO [Thread-11] c.z.h.HikariDataSource [HikariDataSource.java:350] HikariPool-1 - Shutdown initiated...
2022-11-28 00:38:16,330 INFO [Thread-11] c.z.h.HikariDataSource [HikariDataSource.java:352] HikariPool-1 - Shutdown completed.
2022-11-28 00:38:19,634 INFO [restartedMain] c.y.c.CommunityApplication [StartupInfoLogger.java:50] Starting CommunityApplication on YY with PID 22284 (started by YY in E:\JavaWeb\java\Example\牛客\community)
2022-11-28 00:38:19,636 INFO [restartedMain] c.y.c.CommunityApplication [SpringApplication.java:675] No active profile set, falling back to default profiles: default
2022-11-28 00:38:19,685 INFO [restartedMain] o.s.b.d.e.DevToolsPropertyDefaultsPostProcessor [DeferredLog.java:227] Devtools property defaults active! Set 'spring.devtools.add-properties' to 'false' to disable
2022-11-28 00:38:19,685 INFO [restartedMain] o.s.b.d.e.DevToolsPropertyDefaultsPostProcessor [DeferredLog.java:227] For additional web related logging consider setting the 'logging.level.web' property to 'DEBUG'
2022-11-28 00:38:20,361 INFO [restartedMain] o.s.b.w.e.t.TomcatWebServer [TomcatWebServer.java:90] Tomcat initialized with port(s): 8181 (http)
2022-11-28 00:38:20,369 INFO [restartedMain] o.a.c.h.Http11NioProtocol [DirectJDKLog.java:173] Initializing ProtocolHandler ["http-nio-8181"]
2022-11-28 00:38:20,373 INFO [restartedMain] o.a.c.c.StandardService [DirectJDKLog.java:173] Starting service [Tomcat]
2022-11-28 00:38:20,373 INFO [restartedMain] o.a.c.c.StandardEngine [DirectJDKLog.java:173] Starting Servlet engine: [Apache Tomcat/9.0.17]
2022-11-28 00:38:20,436 INFO [restartedMain] o.a.c.c.C.[.[.[/community] [DirectJDKLog.java:173] Initializing Spring embedded WebApplicationContext
2022-11-28 00:38:20,436 INFO [restartedMain] o.s.w.c.ContextLoader [ServletWebServerApplicationContext.java:296] Root WebApplicationContext: initialization completed in 751 ms
2022-11-28 00:38:20,648 INFO [restartedMain] o.a.c.c.StandardService [DirectJDKLog.java:173] Stopping service [Tomcat]
2022-11-28 00:38:20,655 INFO [restartedMain] o.s.b.a.l.ConditionEvaluationReportLoggingListener [ConditionEvaluationReportLoggingListener.java:142] 

Error starting ApplicationContext. To display the conditions report re-run your application with 'debug' enabled.
2022-11-28 00:38:47,001 INFO [restartedMain] c.y.c.CommunityApplication [StartupInfoLogger.java:50] Starting CommunityApplication on YY with PID 22620 (started by YY in E:\JavaWeb\java\Example\牛客\community)
2022-11-28 00:38:47,003 INFO [restartedMain] c.y.c.CommunityApplication [SpringApplication.java:675] No active profile set, falling back to default profiles: default
2022-11-28 00:38:47,048 INFO [restartedMain] o.s.b.d.e.DevToolsPropertyDefaultsPostProcessor [DeferredLog.java:227] Devtools property defaults active! Set 'spring.devtools.add-properties' to 'false' to disable
2022-11-28 00:38:47,049 INFO [restartedMain] o.s.b.d.e.DevToolsPropertyDefaultsPostProcessor [DeferredLog.java:227] For additional web related logging consider setting the 'logging.level.web' property to 'DEBUG'
2022-11-28 00:38:47,720 INFO [restartedMain] o.s.b.w.e.t.TomcatWebServer [TomcatWebServer.java:90] Tomcat initialized with port(s): 8181 (http)
2022-11-28 00:38:47,728 INFO [restartedMain] o.a.c.h.Http11NioProtocol [DirectJDKLog.java:173] Initializing ProtocolHandler ["http-nio-8181"]
2022-11-28 00:38:47,740 INFO [restartedMain] o.a.c.c.StandardService [DirectJDKLog.java:173] Starting service [Tomcat]
2022-11-28 00:38:47,740 INFO [restartedMain] o.a.c.c.StandardEngine [DirectJDKLog.java:173] Starting Servlet engine: [Apache Tomcat/9.0.17]
2022-11-28 00:38:47,804 INFO [restartedMain] o.a.c.c.C.[.[.[/community] [DirectJDKLog.java:173] Initializing Spring embedded WebApplicationContext
2022-11-28 00:38:47,804 INFO [restartedMain] o.s.w.c.ContextLoader [ServletWebServerApplicationContext.java:296] Root WebApplicationContext: initialization completed in 755 ms
2022-11-28 00:38:48,094 INFO [restartedMain] o.s.s.c.ThreadPoolTaskExecutor [ExecutorConfigurationSupport.java:171] Initializing ExecutorService 'applicationTaskExecutor'
2022-11-28 00:38:48,143 INFO [restartedMain] o.s.b.a.w.s.WelcomePageHandlerMapping [WelcomePageHandlerMapping.java:61] Adding welcome page template: index
2022-11-28 00:38:48,200 INFO [restartedMain] o.s.b.d.a.OptionalLiveReloadServer [OptionalLiveReloadServer.java:57] LiveReload server is running on port 35729
2022-11-28 00:38:48,216 INFO [restartedMain] o.a.c.h.Http11NioProtocol [DirectJDKLog.java:173] Starting ProtocolHandler ["http-nio-8181"]
2022-11-28 00:38:48,229 INFO [restartedMain] o.s.b.w.e.t.TomcatWebServer [TomcatWebServer.java:204] Tomcat started on port(s): 8181 (http) with context path '/community'
2022-11-28 00:38:48,230 INFO [restartedMain] c.y.c.CommunityApplication [StartupInfoLogger.java:59] Started CommunityApplication in 1.473 seconds (JVM running for 2.095)
2022-11-28 00:38:55,546 INFO [http-nio-8181-exec-1] o.a.c.c.C.[.[.[/community] [DirectJDKLog.java:173] Initializing Spring DispatcherServlet 'dispatcherServlet'
2022-11-28 00:38:55,546 INFO [http-nio-8181-exec-1] o.s.w.s.DispatcherServlet [FrameworkServlet.java:524] Initializing Servlet 'dispatcherServlet'
2022-11-28 00:38:55,550 INFO [http-nio-8181-exec-1] o.s.w.s.DispatcherServlet [FrameworkServlet.java:546] Completed initialization in 4 ms
2022-11-28 00:38:55,566 INFO [http-nio-8181-exec-1] c.z.h.HikariDataSource [HikariDataSource.java:110] HikariPool-1 - Starting...
2022-11-28 00:38:55,625 INFO [http-nio-8181-exec-1] c.z.h.HikariDataSource [HikariDataSource.java:123] HikariPool-1 - Start completed.
2022-11-28 00:42:40,506 INFO [Thread-11] o.s.s.c.ThreadPoolTaskExecutor [ExecutorConfigurationSupport.java:208] Shutting down ExecutorService 'applicationTaskExecutor'
2022-11-28 00:42:40,507 INFO [Thread-11] c.z.h.HikariDataSource [HikariDataSource.java:350] HikariPool-1 - Shutdown initiated...
2022-11-28 00:42:40,510 INFO [Thread-11] c.z.h.HikariDataSource [HikariDataSource.java:352] HikariPool-1 - Shutdown completed.
2022-11-28 00:42:43,554 INFO [restartedMain] c.y.c.CommunityApplication [StartupInfoLogger.java:50] Starting CommunityApplication on YY with PID 21116 (started by YY in E:\JavaWeb\java\Example\牛客\community)
2022-11-28 00:42:43,556 INFO [restartedMain] c.y.c.CommunityApplication [SpringApplication.java:675] No active profile set, falling back to default profiles: default
2022-11-28 00:42:43,601 INFO [restartedMain] o.s.b.d.e.DevToolsPropertyDefaultsPostProcessor [DeferredLog.java:227] Devtools property defaults active! Set 'spring.devtools.add-properties' to 'false' to disable
2022-11-28 00:42:43,601 INFO [restartedMain] o.s.b.d.e.DevToolsPropertyDefaultsPostProcessor [DeferredLog.java:227] For additional web related logging consider setting the 'logging.level.web' property to 'DEBUG'
2022-11-28 00:42:44,268 INFO [restartedMain] o.s.b.w.e.t.TomcatWebServer [TomcatWebServer.java:90] Tomcat initialized with port(s): 8181 (http)
2022-11-28 00:42:44,276 INFO [restartedMain] o.a.c.h.Http11NioProtocol [DirectJDKLog.java:173] Initializing ProtocolHandler ["http-nio-8181"]
2022-11-28 00:42:44,289 INFO [restartedMain] o.a.c.c.StandardService [DirectJDKLog.java:173] Starting service [Tomcat]
2022-11-28 00:42:44,289 INFO [restartedMain] o.a.c.c.StandardEngine [DirectJDKLog.java:173] Starting Servlet engine: [Apache Tomcat/9.0.17]
2022-11-28 00:42:44,353 INFO [restartedMain] o.a.c.c.C.[.[.[/community] [DirectJDKLog.java:173] Initializing Spring embedded WebApplicationContext
2022-11-28 00:42:44,353 INFO [restartedMain] o.s.w.c.ContextLoader [ServletWebServerApplicationContext.java:296] Root WebApplicationContext: initialization completed in 752 ms
2022-11-28 00:42:44,644 INFO [restartedMain] o.s.s.c.ThreadPoolTaskExecutor [ExecutorConfigurationSupport.java:171] Initializing ExecutorService 'applicationTaskExecutor'
2022-11-28 00:42:44,693 INFO [restartedMain] o.s.b.a.w.s.WelcomePageHandlerMapping [WelcomePageHandlerMapping.java:61] Adding welcome page template: index
2022-11-28 00:42:44,750 INFO [restartedMain] o.s.b.d.a.OptionalLiveReloadServer [OptionalLiveReloadServer.java:57] LiveReload server is running on port 35729
2022-11-28 00:42:44,764 INFO [restartedMain] o.a.c.h.Http11NioProtocol [DirectJDKLog.java:173] Starting ProtocolHandler ["http-nio-8181"]
2022-11-28 00:42:44,777 INFO [restartedMain] o.s.b.w.e.t.TomcatWebServer [TomcatWebServer.java:204] Tomcat started on port(s): 8181 (http) with context path '/community'
2022-11-28 00:42:44,778 INFO [restartedMain] c.y.c.CommunityApplication [StartupInfoLogger.java:59] Started CommunityApplication in 1.482 seconds (JVM running for 2.108)
2022-11-28 00:42:50,582 INFO [http-nio-8181-exec-1] o.a.c.c.C.[.[.[/community] [DirectJDKLog.java:173] Initializing Spring DispatcherServlet 'dispatcherServlet'
2022-11-28 00:42:50,582 INFO [http-nio-8181-exec-1] o.s.w.s.DispatcherServlet [FrameworkServlet.java:524] Initializing Servlet 'dispatcherServlet'
2022-11-28 00:42:50,585 INFO [http-nio-8181-exec-1] o.s.w.s.DispatcherServlet [FrameworkServlet.java:546] Completed initialization in 3 ms
2022-11-28 00:42:50,636 INFO [http-nio-8181-exec-1] c.z.h.HikariDataSource [HikariDataSource.java:110] HikariPool-1 - Starting...
2022-11-28 00:42:50,699 INFO [http-nio-8181-exec-1] c.z.h.HikariDataSource [HikariDataSource.java:123] HikariPool-1 - Start completed.
2022-11-28 00:46:45,449 INFO [Thread-11] o.s.s.c.ThreadPoolTaskExecutor [ExecutorConfigurationSupport.java:208] Shutting down ExecutorService 'applicationTaskExecutor'
2022-11-28 00:46:45,449 INFO [Thread-11] c.z.h.HikariDataSource [HikariDataSource.java:350] HikariPool-1 - Shutdown initiated...
2022-11-28 00:46:45,454 INFO [Thread-11] c.z.h.HikariDataSource [HikariDataSource.java:352] HikariPool-1 - Shutdown completed.
2022-11-28 00:46:48,564 INFO [restartedMain] c.y.c.CommunityApplication [StartupInfoLogger.java:50] Starting CommunityApplication on YY with PID 21972 (started by YY in E:\JavaWeb\java\Example\牛客\community)
2022-11-28 00:46:48,566 INFO [restartedMain] c.y.c.CommunityApplication [SpringApplication.java:675] No active profile set, falling back to default profiles: default
2022-11-28 00:46:48,612 INFO [restartedMain] o.s.b.d.e.DevToolsPropertyDefaultsPostProcessor [DeferredLog.java:227] Devtools property defaults active! Set 'spring.devtools.add-properties' to 'false' to disable
2022-11-28 00:46:48,612 INFO [restartedMain] o.s.b.d.e.DevToolsPropertyDefaultsPostProcessor [DeferredLog.java:227] For additional web related logging consider setting the 'logging.level.web' property to 'DEBUG'
2022-11-28 00:46:49,279 INFO [restartedMain] o.s.b.w.e.t.TomcatWebServer [TomcatWebServer.java:90] Tomcat initialized with port(s): 8181 (http)
2022-11-28 00:46:49,294 INFO [restartedMain] o.a.c.h.Http11NioProtocol [DirectJDKLog.java:173] Initializing ProtocolHandler ["http-nio-8181"]
2022-11-28 00:46:49,298 INFO [restartedMain] o.a.c.c.StandardService [DirectJDKLog.java:173] Starting service [Tomcat]
2022-11-28 00:46:49,298 INFO [restartedMain] o.a.c.c.StandardEngine [DirectJDKLog.java:173] Starting Servlet engine: [Apache Tomcat/9.0.17]
2022-11-28 00:46:49,362 INFO [restartedMain] o.a.c.c.C.[.[.[/community] [DirectJDKLog.java:173] Initializing Spring embedded WebApplicationContext
2022-11-28 00:46:49,362 INFO [restartedMain] o.s.w.c.ContextLoader [ServletWebServerApplicationContext.java:296] Root WebApplicationContext: initialization completed in 750 ms
2022-11-28 00:46:49,654 INFO [restartedMain] o.s.s.c.ThreadPoolTaskExecutor [ExecutorConfigurationSupport.java:171] Initializing ExecutorService 'applicationTaskExecutor'
2022-11-28 00:46:49,704 INFO [restartedMain] o.s.b.a.w.s.WelcomePageHandlerMapping [WelcomePageHandlerMapping.java:61] Adding welcome page template: index
2022-11-28 00:46:49,762 INFO [restartedMain] o.s.b.d.a.OptionalLiveReloadServer [OptionalLiveReloadServer.java:57] LiveReload server is running on port 35729
2022-11-28 00:46:49,777 INFO [restartedMain] o.a.c.h.Http11NioProtocol [DirectJDKLog.java:173] Starting ProtocolHandler ["http-nio-8181"]
2022-11-28 00:46:49,791 INFO [restartedMain] o.s.b.w.e.t.TomcatWebServer [TomcatWebServer.java:204] Tomcat started on port(s): 8181 (http) with context path '/community'
2022-11-28 00:46:49,792 INFO [restartedMain] c.y.c.CommunityApplication [StartupInfoLogger.java:59] Started CommunityApplication in 1.485 seconds (JVM running for 2.119)
2022-11-28 00:46:54,378 INFO [http-nio-8181-exec-1] o.a.c.c.C.[.[.[/community] [DirectJDKLog.java:173] Initializing Spring DispatcherServlet 'dispatcherServlet'
2022-11-28 00:46:54,378 INFO [http-nio-8181-exec-1] o.s.w.s.DispatcherServlet [FrameworkServlet.java:524] Initializing Servlet 'dispatcherServlet'
2022-11-28 00:46:54,382 INFO [http-nio-8181-exec-1] o.s.w.s.DispatcherServlet [FrameworkServlet.java:546] Completed initialization in 4 ms
2022-11-28 00:46:54,430 INFO [http-nio-8181-exec-1] c.z.h.HikariDataSource [HikariDataSource.java:110] HikariPool-1 - Starting...
2022-11-28 00:46:54,497 INFO [http-nio-8181-exec-1] c.z.h.HikariDataSource [HikariDataSource.java:123] HikariPool-1 - Start completed.
2022-11-28 00:49:08,076 INFO [Thread-11] o.s.s.c.ThreadPoolTaskExecutor [ExecutorConfigurationSupport.java:208] Shutting down ExecutorService 'applicationTaskExecutor'
2022-11-28 00:49:08,078 INFO [Thread-11] c.z.h.HikariDataSource [HikariDataSource.java:350] HikariPool-1 - Shutdown initiated...
2022-11-28 00:49:08,082 INFO [Thread-11] c.z.h.HikariDataSource [HikariDataSource.java:352] HikariPool-1 - Shutdown completed.
2022-11-28 00:49:10,606 INFO [restartedMain] c.y.c.CommunityApplication [StartupInfoLogger.java:50] Starting CommunityApplication on YY with PID 16352 (started by YY in E:\JavaWeb\java\Example\牛客\community)
2022-11-28 00:49:10,615 INFO [restartedMain] c.y.c.CommunityApplication [SpringApplication.java:675] No active profile set, falling back to default profiles: default
2022-11-28 00:49:10,659 INFO [restartedMain] o.s.b.d.e.DevToolsPropertyDefaultsPostProcessor [DeferredLog.java:227] Devtools property defaults active! Set 'spring.devtools.add-properties' to 'false' to disable
2022-11-28 00:49:10,660 INFO [restartedMain] o.s.b.d.e.DevToolsPropertyDefaultsPostProcessor [DeferredLog.java:227] For additional web related logging consider setting the 'logging.level.web' property to 'DEBUG'
2022-11-28 00:49:11,367 INFO [restartedMain] o.s.b.w.e.t.TomcatWebServer [TomcatWebServer.java:90] Tomcat initialized with port(s): 8181 (http)
2022-11-28 00:49:11,383 INFO [restartedMain] o.a.c.h.Http11NioProtocol [DirectJDKLog.java:173] Initializing ProtocolHandler ["http-nio-8181"]
2022-11-28 00:49:11,388 INFO [restartedMain] o.a.c.c.StandardService [DirectJDKLog.java:173] Starting service [Tomcat]
2022-11-28 00:49:11,388 INFO [restartedMain] o.a.c.c.StandardEngine [DirectJDKLog.java:173] Starting Servlet engine: [Apache Tomcat/9.0.17]
2022-11-28 00:49:11,454 INFO [restartedMain] o.a.c.c.C.[.[.[/community] [DirectJDKLog.java:173] Initializing Spring embedded WebApplicationContext
2022-11-28 00:49:11,454 INFO [restartedMain] o.s.w.c.ContextLoader [ServletWebServerApplicationContext.java:296] Root WebApplicationContext: initialization completed in 794 ms
2022-11-28 00:49:11,755 INFO [restartedMain] o.s.s.c.ThreadPoolTaskExecutor [ExecutorConfigurationSupport.java:171] Initializing ExecutorService 'applicationTaskExecutor'
2022-11-28 00:49:11,806 INFO [restartedMain] o.s.b.a.w.s.WelcomePageHandlerMapping [WelcomePageHandlerMapping.java:61] Adding welcome page template: index
2022-11-28 00:49:11,864 INFO [restartedMain] o.s.b.d.a.OptionalLiveReloadServer [OptionalLiveReloadServer.java:57] LiveReload server is running on port 35729
2022-11-28 00:49:11,879 INFO [restartedMain] o.a.c.h.Http11NioProtocol [DirectJDKLog.java:173] Starting ProtocolHandler ["http-nio-8181"]
2022-11-28 00:49:11,892 INFO [restartedMain] o.s.b.w.e.t.TomcatWebServer [TomcatWebServer.java:204] Tomcat started on port(s): 8181 (http) with context path '/community'
2022-11-28 00:49:11,894 INFO [restartedMain] c.y.c.CommunityApplication [StartupInfoLogger.java:59] Started CommunityApplication in 1.557 seconds (JVM running for 2.23)
2022-11-28 00:49:16,223 INFO [http-nio-8181-exec-1] o.a.c.c.C.[.[.[/community] [DirectJDKLog.java:173] Initializing Spring DispatcherServlet 'dispatcherServlet'
2022-11-28 00:49:16,224 INFO [http-nio-8181-exec-1] o.s.w.s.DispatcherServlet [FrameworkServlet.java:524] Initializing Servlet 'dispatcherServlet'
2022-11-28 00:49:16,227 INFO [http-nio-8181-exec-1] o.s.w.s.DispatcherServlet [FrameworkServlet.java:546] Completed initialization in 3 ms
2022-11-28 00:49:16,258 INFO [http-nio-8181-exec-1] c.z.h.HikariDataSource [HikariDataSource.java:110] HikariPool-1 - Starting...
2022-11-28 00:49:16,316 INFO [http-nio-8181-exec-1] c.z.h.HikariDataSource [HikariDataSource.java:123] HikariPool-1 - Start completed.
2022-11-28 00:52:57,569 INFO [Thread-11] o.s.s.c.ThreadPoolTaskExecutor [ExecutorConfigurationSupport.java:208] Shutting down ExecutorService 'applicationTaskExecutor'
2022-11-28 00:52:57,570 INFO [Thread-11] c.z.h.HikariDataSource [HikariDataSource.java:350] HikariPool-1 - Shutdown initiated...
2022-11-28 00:52:57,574 INFO [Thread-11] c.z.h.HikariDataSource [HikariDataSource.java:352] HikariPool-1 - Shutdown completed.
2022-11-28 00:57:16,997 INFO [restartedMain] c.y.c.CommunityApplication [StartupInfoLogger.java:50] Starting CommunityApplication on YY with PID 23484 (started by YY in E:\JavaWeb\java\Example\牛客\community)
2022-11-28 00:57:16,999 INFO [restartedMain] c.y.c.CommunityApplication [SpringApplication.java:675] No active profile set, falling back to default profiles: default
2022-11-28 00:57:17,044 INFO [restartedMain] o.s.b.d.e.DevToolsPropertyDefaultsPostProcessor [DeferredLog.java:227] Devtools property defaults active! Set 'spring.devtools.add-properties' to 'false' to disable
2022-11-28 00:57:17,044 INFO [restartedMain] o.s.b.d.e.DevToolsPropertyDefaultsPostProcessor [DeferredLog.java:227] For additional web related logging consider setting the 'logging.level.web' property to 'DEBUG'
2022-11-28 00:57:17,711 INFO [restartedMain] o.s.b.w.e.t.TomcatWebServer [TomcatWebServer.java:90] Tomcat initialized with port(s): 8181 (http)
2022-11-28 00:57:17,719 INFO [restartedMain] o.a.c.h.Http11NioProtocol [DirectJDKLog.java:173] Initializing ProtocolHandler ["http-nio-8181"]
2022-11-28 00:57:17,724 INFO [restartedMain] o.a.c.c.StandardService [DirectJDKLog.java:173] Starting service [Tomcat]
2022-11-28 00:57:17,725 INFO [restartedMain] o.a.c.c.StandardEngine [DirectJDKLog.java:173] Starting Servlet engine: [Apache Tomcat/9.0.17]
2022-11-28 00:57:17,797 INFO [restartedMain] o.a.c.c.C.[.[.[/community] [DirectJDKLog.java:173] Initializing Spring embedded WebApplicationContext
2022-11-28 00:57:17,797 INFO [restartedMain] o.s.w.c.ContextLoader [ServletWebServerApplicationContext.java:296] Root WebApplicationContext: initialization completed in 753 ms
2022-11-28 00:57:18,090 INFO [restartedMain] o.s.s.c.ThreadPoolTaskExecutor [ExecutorConfigurationSupport.java:171] Initializing ExecutorService 'applicationTaskExecutor'
2022-11-28 00:57:18,141 INFO [restartedMain] o.s.b.a.w.s.WelcomePageHandlerMapping [WelcomePageHandlerMapping.java:61] Adding welcome page template: index
2022-11-28 00:57:18,198 INFO [restartedMain] o.s.b.d.a.OptionalLiveReloadServer [OptionalLiveReloadServer.java:57] LiveReload server is running on port 35729
2022-11-28 00:57:18,214 INFO [restartedMain] o.a.c.h.Http11NioProtocol [DirectJDKLog.java:173] Starting ProtocolHandler ["http-nio-8181"]
2022-11-28 00:57:18,227 INFO [restartedMain] o.s.b.w.e.t.TomcatWebServer [TomcatWebServer.java:204] Tomcat started on port(s): 8181 (http) with context path '/community'
2022-11-28 00:57:18,228 INFO [restartedMain] c.y.c.CommunityApplication [StartupInfoLogger.java:59] Started CommunityApplication in 1.476 seconds (JVM running for 2.099)
2022-11-28 00:58:02,494 INFO [Thread-11] o.s.s.c.ThreadPoolTaskExecutor [ExecutorConfigurationSupport.java:208] Shutting down ExecutorService 'applicationTaskExecutor'
2022-11-28 01:01:01,434 INFO [restartedMain] c.y.c.CommunityApplication [StartupInfoLogger.java:50] Starting CommunityApplication on YY with PID 8988 (started by YY in E:\JavaWeb\java\Example\牛客\community)
2022-11-28 01:01:01,437 INFO [restartedMain] c.y.c.CommunityApplication [SpringApplication.java:675] No active profile set, falling back to default profiles: default
2022-11-28 01:01:01,487 INFO [restartedMain] o.s.b.d.e.DevToolsPropertyDefaultsPostProcessor [DeferredLog.java:227] Devtools property defaults active! Set 'spring.devtools.add-properties' to 'false' to disable
2022-11-28 01:01:01,487 INFO [restartedMain] o.s.b.d.e.DevToolsPropertyDefaultsPostProcessor [DeferredLog.java:227] For additional web related logging consider setting the 'logging.level.web' property to 'DEBUG'
2022-11-28 01:01:02,277 INFO [restartedMain] o.s.b.w.e.t.TomcatWebServer [TomcatWebServer.java:90] Tomcat initialized with port(s): 8181 (http)
2022-11-28 01:01:02,297 INFO [restartedMain] o.a.c.h.Http11NioProtocol [DirectJDKLog.java:173] Initializing ProtocolHandler ["http-nio-8181"]
2022-11-28 01:01:02,302 INFO [restartedMain] o.a.c.c.StandardService [DirectJDKLog.java:173] Starting service [Tomcat]
2022-11-28 01:01:02,303 INFO [restartedMain] o.a.c.c.StandardEngine [DirectJDKLog.java:173] Starting Servlet engine: [Apache Tomcat/9.0.17]
2022-11-28 01:01:02,377 INFO [restartedMain] o.a.c.c.C.[.[.[/community] [DirectJDKLog.java:173] Initializing Spring embedded WebApplicationContext
2022-11-28 01:01:02,377 INFO [restartedMain] o.s.w.c.ContextLoader [ServletWebServerApplicationContext.java:296] Root WebApplicationContext: initialization completed in 890 ms
2022-11-28 01:01:02,696 INFO [restartedMain] o.s.s.c.ThreadPoolTaskExecutor [ExecutorConfigurationSupport.java:171] Initializing ExecutorService 'applicationTaskExecutor'
2022-11-28 01:01:02,749 INFO [restartedMain] o.s.b.a.w.s.WelcomePageHandlerMapping [WelcomePageHandlerMapping.java:61] Adding welcome page template: index
2022-11-28 01:01:02,810 INFO [restartedMain] o.s.b.d.a.OptionalLiveReloadServer [OptionalLiveReloadServer.java:57] LiveReload server is running on port 35729
2022-11-28 01:01:02,826 INFO [restartedMain] o.a.c.h.Http11NioProtocol [DirectJDKLog.java:173] Starting ProtocolHandler ["http-nio-8181"]
2022-11-28 01:01:02,840 INFO [restartedMain] o.s.b.w.e.t.TomcatWebServer [TomcatWebServer.java:204] Tomcat started on port(s): 8181 (http) with context path '/community'
2022-11-28 01:01:02,842 INFO [restartedMain] c.y.c.CommunityApplication [StartupInfoLogger.java:59] Started CommunityApplication in 1.704 seconds (JVM running for 2.371)
2022-11-28 01:01:09,482 INFO [http-nio-8181-exec-1] o.a.c.c.C.[.[.[/community] [DirectJDKLog.java:173] Initializing Spring DispatcherServlet 'dispatcherServlet'
2022-11-28 01:01:09,482 INFO [http-nio-8181-exec-1] o.s.w.s.DispatcherServlet [FrameworkServlet.java:524] Initializing Servlet 'dispatcherServlet'
2022-11-28 01:01:09,485 INFO [http-nio-8181-exec-1] o.s.w.s.DispatcherServlet [FrameworkServlet.java:546] Completed initialization in 3 ms
2022-11-28 01:01:09,536 INFO [http-nio-8181-exec-1] c.z.h.HikariDataSource [HikariDataSource.java:110] HikariPool-1 - Starting...
2022-11-28 01:01:09,595 INFO [http-nio-8181-exec-1] c.z.h.HikariDataSource [HikariDataSource.java:123] HikariPool-1 - Start completed.
2022-11-28 01:03:58,740 INFO [Thread-8] o.s.s.c.ThreadPoolTaskExecutor [ExecutorConfigurationSupport.java:208] Shutting down ExecutorService 'applicationTaskExecutor'
2022-11-28 01:03:58,740 INFO [Thread-8] c.z.h.HikariDataSource [HikariDataSource.java:350] HikariPool-1 - Shutdown initiated...
2022-11-28 01:03:58,745 INFO [Thread-8] c.z.h.HikariDataSource [HikariDataSource.java:352] HikariPool-1 - Shutdown completed.
2022-11-28 01:04:19,211 INFO [restartedMain] c.y.c.CommunityApplication [StartupInfoLogger.java:50] Starting CommunityApplication on YY with PID 8040 (started by YY in E:\JavaWeb\java\Example\牛客\community)
2022-11-28 01:04:19,213 INFO [restartedMain] c.y.c.CommunityApplication [SpringApplication.java:675] No active profile set, falling back to default profiles: default
2022-11-28 01:04:19,261 INFO [restartedMain] o.s.b.d.e.DevToolsPropertyDefaultsPostProcessor [DeferredLog.java:227] Devtools property defaults active! Set 'spring.devtools.add-properties' to 'false' to disable
2022-11-28 01:04:19,261 INFO [restartedMain] o.s.b.d.e.DevToolsPropertyDefaultsPostProcessor [DeferredLog.java:227] For additional web related logging consider setting the 'logging.level.web' property to 'DEBUG'
2022-11-28 01:04:19,933 INFO [restartedMain] o.s.b.w.e.t.TomcatWebServer [TomcatWebServer.java:90] Tomcat initialized with port(s): 8181 (http)
2022-11-28 01:04:19,941 INFO [restartedMain] o.a.c.h.Http11NioProtocol [DirectJDKLog.java:173] Initializing ProtocolHandler ["http-nio-8181"]
2022-11-28 01:04:19,954 INFO [restartedMain] o.a.c.c.StandardService [DirectJDKLog.java:173] Starting service [Tomcat]
2022-11-28 01:04:19,954 INFO [restartedMain] o.a.c.c.StandardEngine [DirectJDKLog.java:173] Starting Servlet engine: [Apache Tomcat/9.0.17]
2022-11-28 01:04:20,018 INFO [restartedMain] o.a.c.c.C.[.[.[/community] [DirectJDKLog.java:173] Initializing Spring embedded WebApplicationContext
2022-11-28 01:04:20,018 INFO [restartedMain] o.s.w.c.ContextLoader [ServletWebServerApplicationContext.java:296] Root WebApplicationContext: initialization completed in 757 ms
2022-11-28 01:04:20,313 INFO [restartedMain] o.s.s.c.ThreadPoolTaskExecutor [ExecutorConfigurationSupport.java:171] Initializing ExecutorService 'applicationTaskExecutor'
2022-11-28 01:04:20,363 INFO [restartedMain] o.s.b.a.w.s.WelcomePageHandlerMapping [WelcomePageHandlerMapping.java:61] Adding welcome page template: index
2022-11-28 01:04:20,423 INFO [restartedMain] o.s.b.d.a.OptionalLiveReloadServer [OptionalLiveReloadServer.java:57] LiveReload server is running on port 35729
2022-11-28 01:04:20,438 INFO [restartedMain] o.a.c.h.Http11NioProtocol [DirectJDKLog.java:173] Starting ProtocolHandler ["http-nio-8181"]
2022-11-28 01:04:20,452 INFO [restartedMain] o.s.b.w.e.t.TomcatWebServer [TomcatWebServer.java:204] Tomcat started on port(s): 8181 (http) with context path '/community'
2022-11-28 01:04:20,453 INFO [restartedMain] c.y.c.CommunityApplication [StartupInfoLogger.java:59] Started CommunityApplication in 1.494 seconds (JVM running for 2.127)
2022-11-28 01:04:25,334 INFO [http-nio-8181-exec-1] o.a.c.c.C.[.[.[/community] [DirectJDKLog.java:173] Initializing Spring DispatcherServlet 'dispatcherServlet'
2022-11-28 01:04:25,334 INFO [http-nio-8181-exec-1] o.s.w.s.DispatcherServlet [FrameworkServlet.java:524] Initializing Servlet 'dispatcherServlet'
2022-11-28 01:04:25,338 INFO [http-nio-8181-exec-1] o.s.w.s.DispatcherServlet [FrameworkServlet.java:546] Completed initialization in 4 ms
2022-11-28 01:04:25,412 INFO [http-nio-8181-exec-1] c.z.h.HikariDataSource [HikariDataSource.java:110] HikariPool-1 - Starting...
2022-11-28 01:04:25,473 INFO [http-nio-8181-exec-1] c.z.h.HikariDataSource [HikariDataSource.java:123] HikariPool-1 - Start completed.
2022-11-28 01:06:10,921 INFO [Thread-11] o.s.s.c.ThreadPoolTaskExecutor [ExecutorConfigurationSupport.java:208] Shutting down ExecutorService 'applicationTaskExecutor'
2022-11-28 01:06:10,921 INFO [Thread-11] c.z.h.HikariDataSource [HikariDataSource.java:350] HikariPool-1 - Shutdown initiated...
2022-11-28 01:06:10,925 INFO [Thread-11] c.z.h.HikariDataSource [HikariDataSource.java:352] HikariPool-1 - Shutdown completed.
2022-11-28 01:06:13,998 INFO [restartedMain] c.y.c.CommunityApplication [StartupInfoLogger.java:50] Starting CommunityApplication on YY with PID 23000 (started by YY in E:\JavaWeb\java\Example\牛客\community)
2022-11-28 01:06:14,000 INFO [restartedMain] c.y.c.CommunityApplication [SpringApplication.java:675] No active profile set, falling back to default profiles: default
2022-11-28 01:06:14,046 INFO [restartedMain] o.s.b.d.e.DevToolsPropertyDefaultsPostProcessor [DeferredLog.java:227] Devtools property defaults active! Set 'spring.devtools.add-properties' to 'false' to disable
2022-11-28 01:06:14,046 INFO [restartedMain] o.s.b.d.e.DevToolsPropertyDefaultsPostProcessor [DeferredLog.java:227] For additional web related logging consider setting the 'logging.level.web' property to 'DEBUG'
2022-11-28 01:06:14,709 INFO [restartedMain] o.s.b.w.e.t.TomcatWebServer [TomcatWebServer.java:90] Tomcat initialized with port(s): 8181 (http)
2022-11-28 01:06:14,717 INFO [restartedMain] o.a.c.h.Http11NioProtocol [DirectJDKLog.java:173] Initializing ProtocolHandler ["http-nio-8181"]
2022-11-28 01:06:14,722 INFO [restartedMain] o.a.c.c.StandardService [DirectJDKLog.java:173] Starting service [Tomcat]
2022-11-28 01:06:14,722 INFO [restartedMain] o.a.c.c.StandardEngine [DirectJDKLog.java:173] Starting Servlet engine: [Apache Tomcat/9.0.17]
2022-11-28 01:06:14,792 INFO [restartedMain] o.a.c.c.C.[.[.[/community] [DirectJDKLog.java:173] Initializing Spring embedded WebApplicationContext
2022-11-28 01:06:14,792 INFO [restartedMain] o.s.w.c.ContextLoader [ServletWebServerApplicationContext.java:296] Root WebApplicationContext: initialization completed in 746 ms
2022-11-28 01:06:15,083 INFO [restartedMain] o.s.s.c.ThreadPoolTaskExecutor [ExecutorConfigurationSupport.java:171] Initializing ExecutorService 'applicationTaskExecutor'
2022-11-28 01:06:15,133 INFO [restartedMain] o.s.b.a.w.s.WelcomePageHandlerMapping [WelcomePageHandlerMapping.java:61] Adding welcome page template: index
2022-11-28 01:06:15,191 INFO [restartedMain] o.s.b.d.a.OptionalLiveReloadServer [OptionalLiveReloadServer.java:57] LiveReload server is running on port 35729
2022-11-28 01:06:15,206 INFO [restartedMain] o.a.c.h.Http11NioProtocol [DirectJDKLog.java:173] Starting ProtocolHandler ["http-nio-8181"]
2022-11-28 01:06:15,219 INFO [restartedMain] o.s.b.w.e.t.TomcatWebServer [TomcatWebServer.java:204] Tomcat started on port(s): 8181 (http) with context path '/community'
2022-11-28 01:06:15,221 INFO [restartedMain] c.y.c.CommunityApplication [StartupInfoLogger.java:59] Started CommunityApplication in 1.467 seconds (JVM running for 2.108)
2022-11-28 01:06:19,165 INFO [http-nio-8181-exec-1] o.a.c.c.C.[.[.[/community] [DirectJDKLog.java:173] Initializing Spring DispatcherServlet 'dispatcherServlet'
2022-11-28 01:06:19,165 INFO [http-nio-8181-exec-1] o.s.w.s.DispatcherServlet [FrameworkServlet.java:524] Initializing Servlet 'dispatcherServlet'
2022-11-28 01:06:19,168 INFO [http-nio-8181-exec-1] o.s.w.s.DispatcherServlet [FrameworkServlet.java:546] Completed initialization in 3 ms
2022-11-28 01:06:19,197 INFO [http-nio-8181-exec-1] c.z.h.HikariDataSource [HikariDataSource.java:110] HikariPool-1 - Starting...
2022-11-28 01:06:19,256 INFO [http-nio-8181-exec-1] c.z.h.HikariDataSource [HikariDataSource.java:123] HikariPool-1 - Start completed.
2022-11-28 01:11:19,018 INFO [Thread-11] o.s.s.c.ThreadPoolTaskExecutor [ExecutorConfigurationSupport.java:208] Shutting down ExecutorService 'applicationTaskExecutor'
2022-11-28 01:11:19,019 INFO [Thread-11] c.z.h.HikariDataSource [HikariDataSource.java:350] HikariPool-1 - Shutdown initiated...
2022-11-28 01:11:19,023 INFO [Thread-11] c.z.h.HikariDataSource [HikariDataSource.java:352] HikariPool-1 - Shutdown completed.
2022-11-28 01:11:22,133 INFO [restartedMain] c.y.c.CommunityApplication [StartupInfoLogger.java:50] Starting CommunityApplication on YY with PID 21368 (started by YY in E:\JavaWeb\java\Example\牛客\community)
2022-11-28 01:11:22,135 INFO [restartedMain] c.y.c.CommunityApplication [SpringApplication.java:675] No active profile set, falling back to default profiles: default
2022-11-28 01:11:22,184 INFO [restartedMain] o.s.b.d.e.DevToolsPropertyDefaultsPostProcessor [DeferredLog.java:227] Devtools property defaults active! Set 'spring.devtools.add-properties' to 'false' to disable
2022-11-28 01:11:22,184 INFO [restartedMain] o.s.b.d.e.DevToolsPropertyDefaultsPostProcessor [DeferredLog.java:227] For additional web related logging consider setting the 'logging.level.web' property to 'DEBUG'
2022-11-28 01:11:22,887 INFO [restartedMain] o.s.b.w.e.t.TomcatWebServer [TomcatWebServer.java:90] Tomcat initialized with port(s): 8181 (http)
2022-11-28 01:11:22,895 INFO [restartedMain] o.a.c.h.Http11NioProtocol [DirectJDKLog.java:173] Initializing ProtocolHandler ["http-nio-8181"]
2022-11-28 01:11:22,909 INFO [restartedMain] o.a.c.c.StandardService [DirectJDKLog.java:173] Starting service [Tomcat]
2022-11-28 01:11:22,909 INFO [restartedMain] o.a.c.c.StandardEngine [DirectJDKLog.java:173] Starting Servlet engine: [Apache Tomcat/9.0.17]
2022-11-28 01:11:22,978 INFO [restartedMain] o.a.c.c.C.[.[.[/community] [DirectJDKLog.java:173] Initializing Spring embedded WebApplicationContext
2022-11-28 01:11:22,979 INFO [restartedMain] o.s.w.c.ContextLoader [ServletWebServerApplicationContext.java:296] Root WebApplicationContext: initialization completed in 795 ms
2022-11-28 01:11:23,566 INFO [restartedMain] o.s.s.c.ThreadPoolTaskExecutor [ExecutorConfigurationSupport.java:171] Initializing ExecutorService 'applicationTaskExecutor'
2022-11-28 01:11:23,646 INFO [restartedMain] o.s.b.a.w.s.WelcomePageHandlerMapping [WelcomePageHandlerMapping.java:61] Adding welcome page template: index
2022-11-28 01:11:23,730 INFO [restartedMain] o.s.b.d.a.OptionalLiveReloadServer [OptionalLiveReloadServer.java:57] LiveReload server is running on port 35729
2022-11-28 01:11:23,755 INFO [restartedMain] o.a.c.h.Http11NioProtocol [DirectJDKLog.java:173] Starting ProtocolHandler ["http-nio-8181"]
2022-11-28 01:11:23,783 INFO [restartedMain] o.s.b.w.e.t.TomcatWebServer [TomcatWebServer.java:204] Tomcat started on port(s): 8181 (http) with context path '/community'
2022-11-28 01:11:23,790 INFO [restartedMain] c.y.c.CommunityApplication [StartupInfoLogger.java:59] Started CommunityApplication in 1.911 seconds (JVM running for 2.53)
2022-11-28 01:11:27,855 INFO [http-nio-8181-exec-1] o.a.c.c.C.[.[.[/community] [DirectJDKLog.java:173] Initializing Spring DispatcherServlet 'dispatcherServlet'
2022-11-28 01:11:27,855 INFO [http-nio-8181-exec-1] o.s.w.s.DispatcherServlet [FrameworkServlet.java:524] Initializing Servlet 'dispatcherServlet'
2022-11-28 01:11:27,858 INFO [http-nio-8181-exec-1] o.s.w.s.DispatcherServlet [FrameworkServlet.java:546] Completed initialization in 3 ms
2022-11-28 01:11:27,911 INFO [http-nio-8181-exec-1] c.z.h.HikariDataSource [HikariDataSource.java:110] HikariPool-1 - Starting...
2022-11-28 01:11:27,972 INFO [http-nio-8181-exec-1] c.z.h.HikariDataSource [HikariDataSource.java:123] HikariPool-1 - Start completed.
2022-11-28 01:13:08,770 INFO [Thread-11] o.s.s.c.ThreadPoolTaskExecutor [ExecutorConfigurationSupport.java:208] Shutting down ExecutorService 'applicationTaskExecutor'
2022-11-28 01:13:08,771 INFO [Thread-11] c.z.h.HikariDataSource [HikariDataSource.java:350] HikariPool-1 - Shutdown initiated...
2022-11-28 01:13:08,775 INFO [Thread-11] c.z.h.HikariDataSource [HikariDataSource.java:352] HikariPool-1 - Shutdown completed.
2022-11-28 01:13:39,929 INFO [restartedMain] c.y.c.CommunityApplication [StartupInfoLogger.java:50] Starting CommunityApplication on YY with PID 14192 (started by YY in E:\JavaWeb\java\Example\牛客\community)
2022-11-28 01:13:39,931 INFO [restartedMain] c.y.c.CommunityApplication [SpringApplication.java:675] No active profile set, falling back to default profiles: default
2022-11-28 01:13:39,975 INFO [restartedMain] o.s.b.d.e.DevToolsPropertyDefaultsPostProcessor [DeferredLog.java:227] Devtools property defaults active! Set 'spring.devtools.add-properties' to 'false' to disable
2022-11-28 01:13:39,976 INFO [restartedMain] o.s.b.d.e.DevToolsPropertyDefaultsPostProcessor [DeferredLog.java:227] For additional web related logging consider setting the 'logging.level.web' property to 'DEBUG'
2022-11-28 01:13:40,656 INFO [restartedMain] o.s.b.w.e.t.TomcatWebServer [TomcatWebServer.java:90] Tomcat initialized with port(s): 8181 (http)
2022-11-28 01:13:40,664 INFO [restartedMain] o.a.c.h.Http11NioProtocol [DirectJDKLog.java:173] Initializing ProtocolHandler ["http-nio-8181"]
2022-11-28 01:13:40,669 INFO [restartedMain] o.a.c.c.StandardService [DirectJDKLog.java:173] Starting service [Tomcat]
2022-11-28 01:13:40,669 INFO [restartedMain] o.a.c.c.StandardEngine [DirectJDKLog.java:173] Starting Servlet engine: [Apache Tomcat/9.0.17]
2022-11-28 01:13:40,741 INFO [restartedMain] o.a.c.c.C.[.[.[/community] [DirectJDKLog.java:173] Initializing Spring embedded WebApplicationContext
2022-11-28 01:13:40,741 INFO [restartedMain] o.s.w.c.ContextLoader [ServletWebServerApplicationContext.java:296] Root WebApplicationContext: initialization completed in 765 ms
2022-11-28 01:13:41,032 INFO [restartedMain] o.s.s.c.ThreadPoolTaskExecutor [ExecutorConfigurationSupport.java:171] Initializing ExecutorService 'applicationTaskExecutor'
2022-11-28 01:13:41,083 INFO [restartedMain] o.s.b.a.w.s.WelcomePageHandlerMapping [WelcomePageHandlerMapping.java:61] Adding welcome page template: index
2022-11-28 01:13:41,142 INFO [restartedMain] o.s.b.d.a.OptionalLiveReloadServer [OptionalLiveReloadServer.java:57] LiveReload server is running on port 35729
2022-11-28 01:13:41,157 INFO [restartedMain] o.a.c.h.Http11NioProtocol [DirectJDKLog.java:173] Starting ProtocolHandler ["http-nio-8181"]
2022-11-28 01:13:41,169 INFO [restartedMain] o.s.b.w.e.t.TomcatWebServer [TomcatWebServer.java:204] Tomcat started on port(s): 8181 (http) with context path '/community'
2022-11-28 01:13:41,171 INFO [restartedMain] c.y.c.CommunityApplication [StartupInfoLogger.java:59] Started CommunityApplication in 1.494 seconds (JVM running for 2.141)
2022-11-28 01:13:45,804 INFO [http-nio-8181-exec-1] o.a.c.c.C.[.[.[/community] [DirectJDKLog.java:173] Initializing Spring DispatcherServlet 'dispatcherServlet'
2022-11-28 01:13:45,805 INFO [http-nio-8181-exec-1] o.s.w.s.DispatcherServlet [FrameworkServlet.java:524] Initializing Servlet 'dispatcherServlet'
2022-11-28 01:13:45,808 INFO [http-nio-8181-exec-1] o.s.w.s.DispatcherServlet [FrameworkServlet.java:546] Completed initialization in 3 ms
2022-11-28 01:13:45,963 INFO [http-nio-8181-exec-1] c.z.h.HikariDataSource [HikariDataSource.java:110] HikariPool-1 - Starting...
2022-11-28 01:13:46,022 INFO [http-nio-8181-exec-1] c.z.h.HikariDataSource [HikariDataSource.java:123] HikariPool-1 - Start completed.
2022-11-28 01:18:40,332 INFO [Thread-11] o.s.s.c.ThreadPoolTaskExecutor [ExecutorConfigurationSupport.java:208] Shutting down ExecutorService 'applicationTaskExecutor'
2022-11-28 01:18:40,332 INFO [Thread-11] c.z.h.HikariDataSource [HikariDataSource.java:350] HikariPool-1 - Shutdown initiated...
2022-11-28 01:18:40,337 INFO [Thread-11] c.z.h.HikariDataSource [HikariDataSource.java:352] HikariPool-1 - Shutdown completed.
2022-11-28 01:18:42,827 INFO [restartedMain] c.y.c.CommunityApplication [StartupInfoLogger.java:50] Starting CommunityApplication on YY with PID 15272 (started by YY in E:\JavaWeb\java\Example\牛客\community)
2022-11-28 01:18:42,829 INFO [restartedMain] c.y.c.CommunityApplication [SpringApplication.java:675] No active profile set, falling back to default profiles: default
2022-11-28 01:18:42,874 INFO [restartedMain] o.s.b.d.e.DevToolsPropertyDefaultsPostProcessor [DeferredLog.java:227] Devtools property defaults active! Set 'spring.devtools.add-properties' to 'false' to disable
2022-11-28 01:18:42,875 INFO [restartedMain] o.s.b.d.e.DevToolsPropertyDefaultsPostProcessor [DeferredLog.java:227] For additional web related logging consider setting the 'logging.level.web' property to 'DEBUG'
2022-11-28 01:18:43,544 INFO [restartedMain] o.s.b.w.e.t.TomcatWebServer [TomcatWebServer.java:90] Tomcat initialized with port(s): 8181 (http)
2022-11-28 01:18:43,552 INFO [restartedMain] o.a.c.h.Http11NioProtocol [DirectJDKLog.java:173] Initializing ProtocolHandler ["http-nio-8181"]
2022-11-28 01:18:43,564 INFO [restartedMain] o.a.c.c.StandardService [DirectJDKLog.java:173] Starting service [Tomcat]
2022-11-28 01:18:43,565 INFO [restartedMain] o.a.c.c.StandardEngine [DirectJDKLog.java:173] Starting Servlet engine: [Apache Tomcat/9.0.17]
2022-11-28 01:18:43,628 INFO [restartedMain] o.a.c.c.C.[.[.[/community] [DirectJDKLog.java:173] Initializing Spring embedded WebApplicationContext
2022-11-28 01:18:43,628 INFO [restartedMain] o.s.w.c.ContextLoader [ServletWebServerApplicationContext.java:296] Root WebApplicationContext: initialization completed in 753 ms
2022-11-28 01:18:43,918 INFO [restartedMain] o.s.s.c.ThreadPoolTaskExecutor [ExecutorConfigurationSupport.java:171] Initializing ExecutorService 'applicationTaskExecutor'
2022-11-28 01:18:43,969 INFO [restartedMain] o.s.b.a.w.s.WelcomePageHandlerMapping [WelcomePageHandlerMapping.java:61] Adding welcome page template: index
2022-11-28 01:18:44,026 INFO [restartedMain] o.s.b.d.a.OptionalLiveReloadServer [OptionalLiveReloadServer.java:57] LiveReload server is running on port 35729
2022-11-28 01:18:44,042 INFO [restartedMain] o.a.c.h.Http11NioProtocol [DirectJDKLog.java:173] Starting ProtocolHandler ["http-nio-8181"]
2022-11-28 01:18:44,055 INFO [restartedMain] o.s.b.w.e.t.TomcatWebServer [TomcatWebServer.java:204] Tomcat started on port(s): 8181 (http) with context path '/community'
2022-11-28 01:18:44,056 INFO [restartedMain] c.y.c.CommunityApplication [StartupInfoLogger.java:59] Started CommunityApplication in 1.472 seconds (JVM running for 2.137)
2022-11-28 01:18:49,960 INFO [http-nio-8181-exec-1] o.a.c.c.C.[.[.[/community] [DirectJDKLog.java:173] Initializing Spring DispatcherServlet 'dispatcherServlet'
2022-11-28 01:18:49,960 INFO [http-nio-8181-exec-1] o.s.w.s.DispatcherServlet [FrameworkServlet.java:524] Initializing Servlet 'dispatcherServlet'
2022-11-28 01:18:49,963 INFO [http-nio-8181-exec-1] o.s.w.s.DispatcherServlet [FrameworkServlet.java:546] Completed initialization in 3 ms
2022-11-28 01:18:50,025 INFO [http-nio-8181-exec-1] c.z.h.HikariDataSource [HikariDataSource.java:110] HikariPool-1 - Starting...
2022-11-28 01:18:50,088 INFO [http-nio-8181-exec-1] c.z.h.HikariDataSource [HikariDataSource.java:123] HikariPool-1 - Start completed.
